<?xml version="1.0" encoding="utf-8"?>
<TestRun id="cfec3f2d-0732-4edf-b3b8-b2a29a663a15" name="@07f97ea746f4 2026-03-16 13:32:04" xmlns="http://microsoft.com/schemas/VisualStudio/TeamTest/2010">
  <Times creation="2026-03-16T13:32:04.6521491+00:00" queuing="2026-03-16T13:32:04.6521492+00:00" start="2026-03-16T13:32:02.7240675+00:00" finish="2026-03-16T13:32:04.8337611+00:00" />
  <TestSettings name="default" id="658e35d9-55a7-46fc-8c19-b01a38b65417">
    <Deployment runDeploymentRoot="_07f97ea746f4_2026-03-16_13_32_04" />
  </TestSettings>
  <Results>
    <UnitTestResult executionId="28261d2d-e8ad-4c9c-a37c-801c2244bac1" testId="ecf258fe-1659-0c0a-f69b-95b2f22e4cf5" testName="DataAssetBackend.Tests.BrdValidationGapsTests.Create_ef_source_mapping_requires_reporting_program_400" computerName="07f97ea746f4" duration="00:00:01.2051061" startTime="2026-03-16T13:32:04.6078613+00:00" endTime="2026-03-16T13:32:04.6078616+00:00" testType="13cdc9d9-ddb5-4fa4-a97d-d965ccfc6d4b" outcome="Passed" testListId="8c84fa94-04c1-424b-9868-57a2d4851a1d" relativeResultsDirectory="28261d2d-e8ad-4c9c-a37c-801c2244bac1" />
    <UnitTestResult executionId="7787e47e-5573-4983-9426-eaf6e89a51ee" testId="9dc94cb5-9259-f153-7d0a-ad76274acc5d" testName="DataAssetBackend.Tests.AssetCreateValidationTests.Create_asset_requires_processGroupOtherText_when_processGroup_is_other" computerName="07f97ea746f4" duration="00:00:00.0158841" startTime="2026-03-16T13:32:04.6274179+00:00" endTime="2026-03-16T13:32:04.6274180+00:00" testType="13cdc9d9-ddb5-4fa4-a97d-d965ccfc6d4b" outcome="Passed" testListId="8c84fa94-04c1-424b-9868-57a2d4851a1d" relativeResultsDirectory="7787e47e-5573-4983-9426-eaf6e89a51ee" />
    <UnitTestResult executionId="7dfcf10a-c177-4d8a-9fc4-3b8ba30d5a4a" testId="6b0209e4-7374-99cc-8fb5-33a0da1c6148" testName="DataAssetBackend.Tests.DbBackedUniquenessAndHierarchyIntegrityTests.Update_asset_to_duplicate_permit_eu_id_returns_409" computerName="07f97ea746f4" duration="00:00:00.0010000" startTime="2026-03-16T13:32:03.4660105+00:00" endTime="2026-03-16T13:32:03.4660105+00:00" testType="13cdc9d9-ddb5-4fa4-a97d-d965ccfc6d4b" outcome="Failed" testListId="8c84fa94-04c1-424b-9868-57a2d4851a1d" relativeResultsDirectory="7dfcf10a-c177-4d8a-9fc4-3b8ba30d5a4a">
      <Output>
        <ErrorInfo>
          <Message>SKIP: Skipping DB-backed tests: DATABASE_URL not set and Docker is not available (cannot start Testcontainers). Set DATABASE_URL to a Neon/managed Postgres URL to run DB-backed tests.</Message>
          <StackTrace>   at DataAssetBackend.Tests.DbTestAppFactory.DbTestDatabaseProvisioning.ThrowSkipWithReason(String reason) in /home/kavia/workspace/code-generation/data-asset-management-system-332589/data_asset_backend.Tests/DbTestAppFactory.cs:line 257
   at DataAssetBackend.Tests.DbTestAppFactory.DbTestDatabaseProvisioning.ProvisionAsync(ILogger logger) in /home/kavia/workspace/code-generation/data-asset-management-system-332589/data_asset_backend.Tests/DbTestAppFactory.cs:line 226
   at DataAssetBackend.Tests.DbTestAppFactory.InitializeAsync() in /home/kavia/workspace/code-generation/data-asset-management-system-332589/data_asset_backend.Tests/DbTestAppFactory.cs:line 99</StackTrace>
        </ErrorInfo>
      </Output>
    </UnitTestResult>
    <UnitTestResult executionId="3ab89834-e5fa-4deb-aee5-2610df1e45ec" testId="38880e80-b1c2-f05c-fb7e-469ae4e861ec" testName="DataAssetBackend.Tests.AssetCreateValidationTests.Create_asset_rejects_nonexistent_parentPseudoAssetId_with_validation_or_db_unavailable" computerName="07f97ea746f4" duration="00:00:00.0152246" startTime="2026-03-16T13:32:04.6406580+00:00" endTime="2026-03-16T13:32:04.6406581+00:00" testType="13cdc9d9-ddb5-4fa4-a97d-d965ccfc6d4b" outcome="Passed" testListId="8c84fa94-04c1-424b-9868-57a2d4851a1d" relativeResultsDirectory="3ab89834-e5fa-4deb-aee5-2610df1e45ec" />
    <UnitTestResult executionId="fdd41792-679e-4ac9-a956-d2a887c08a67" testId="4a5d8b18-0ba2-1016-f32d-d5bd8e0d61c3" testName="DataAssetBackend.Tests.HealthAndValidationEndpointsTests.Root_health_returns_200" computerName="07f97ea746f4" duration="00:00:00.0024202" startTime="2026-03-16T13:32:04.6420628+00:00" endTime="2026-03-16T13:32:04.6420629+00:00" testType="13cdc9d9-ddb5-4fa4-a97d-d965ccfc6d4b" outcome="Passed" testListId="8c84fa94-04c1-424b-9868-57a2d4851a1d" relativeResultsDirectory="fdd41792-679e-4ac9-a956-d2a887c08a67" />
    <UnitTestResult executionId="64403ffe-42f8-457a-be06-5bef6c9827a6" testId="c52f33bb-80e6-7dfc-c301-78017ebaf2c8" testName="DataAssetBackend.Tests.AssetCreateValidationTests.Create_asset_rejects_parentPseudoAssetId_when_requiresParentPseudo_is_false_with_validation_or_db_unavailable" computerName="07f97ea746f4" duration="00:00:00.0027800" startTime="2026-03-16T13:32:04.6473857+00:00" endTime="2026-03-16T13:32:04.6473857+00:00" testType="13cdc9d9-ddb5-4fa4-a97d-d965ccfc6d4b" outcome="Passed" testListId="8c84fa94-04c1-424b-9868-57a2d4851a1d" relativeResultsDirectory="64403ffe-42f8-457a-be06-5bef6c9827a6" />
    <UnitTestResult executionId="7a53ecc4-cefb-4d3a-bd45-3a2174ce90a0" testId="7d424f24-4c6d-c882-e7a1-1fb5dfe04239" testName="DataAssetBackend.Tests.IdempotencyCopyAssetTests.CopyAsset_with_same_idempotency_key_returns_same_response_on_retry" computerName="07f97ea746f4" duration="00:00:01.2183013" startTime="2026-03-16T13:32:04.6263348+00:00" endTime="2026-03-16T13:32:04.6263349+00:00" testType="13cdc9d9-ddb5-4fa4-a97d-d965ccfc6d4b" outcome="Passed" testListId="8c84fa94-04c1-424b-9868-57a2d4851a1d" relativeResultsDirectory="7a53ecc4-cefb-4d3a-bd45-3a2174ce90a0" />
    <UnitTestResult executionId="18fe8efe-4669-4c6e-b270-07855ec2cbc3" testId="9ec77f39-6c27-839c-cc22-34f449e1b22b" testName="DataAssetBackend.Tests.AssetChildModuleValidationTests.Create_additional_asset_id_requires_required_fields_400" computerName="07f97ea746f4" duration="00:00:00.0141967" startTime="2026-03-16T13:32:04.6271325+00:00" endTime="2026-03-16T13:32:04.6271326+00:00" testType="13cdc9d9-ddb5-4fa4-a97d-d965ccfc6d4b" outcome="Passed" testListId="8c84fa94-04c1-424b-9868-57a2d4851a1d" relativeResultsDirectory="18fe8efe-4669-4c6e-b270-07855ec2cbc3" />
    <UnitTestResult executionId="109fcf64-062a-4736-8a2c-c17bd486b734" testId="4778574f-6af0-87b2-7664-55fe3572d973" testName="DataAssetBackend.Tests.LegacyObservedEndpointsValidationTests.Legacy_manageSiteAssets_update_requires_assetId_and_update_payload" computerName="07f97ea746f4" duration="00:00:00.0092961" startTime="2026-03-16T13:32:04.6346579+00:00" endTime="2026-03-16T13:32:04.6346581+00:00" testType="13cdc9d9-ddb5-4fa4-a97d-d965ccfc6d4b" outcome="Passed" testListId="8c84fa94-04c1-424b-9868-57a2d4851a1d" relativeResultsDirectory="109fcf64-062a-4736-8a2c-c17bd486b734" />
    <UnitTestResult executionId="14dad2d2-7b3b-4c13-a58a-ca799108b6ff" testId="d48094bc-97b3-20af-92fb-dced6c0610d5" testName="DataAssetBackend.Tests.AssetChildModuleValidationTests.Create_input_parameter_when_in_use_requires_uom_and_reporting_program_400" computerName="07f97ea746f4" duration="00:00:01.2013571" startTime="2026-03-16T13:32:04.6080091+00:00" endTime="2026-03-16T13:32:04.6080093+00:00" testType="13cdc9d9-ddb5-4fa4-a97d-d965ccfc6d4b" outcome="Passed" testListId="8c84fa94-04c1-424b-9868-57a2d4851a1d" relativeResultsDirectory="14dad2d2-7b3b-4c13-a58a-ca799108b6ff" />
    <UnitTestResult executionId="294d9328-e7fb-49b3-b0c6-66c80a28e6c3" testId="6739657e-e046-cc7f-f7f2-054f66f4616e" testName="DataAssetBackend.Tests.BrdValidationGapsTests.Create_parent_input_mapping_requires_parent_input_id_400" computerName="07f97ea746f4" duration="00:00:00.0094249" startTime="2026-03-16T13:32:04.6350233+00:00" endTime="2026-03-16T13:32:04.6350234+00:00" testType="13cdc9d9-ddb5-4fa4-a97d-d965ccfc6d4b" outcome="Passed" testListId="8c84fa94-04c1-424b-9868-57a2d4851a1d" relativeResultsDirectory="294d9328-e7fb-49b3-b0c6-66c80a28e6c3" />
    <UnitTestResult executionId="43b983e7-d458-45ba-b548-4223c29e76d9" testId="c53367c8-b6b8-1749-10c6-4933e3d207b7" testName="DataAssetBackend.Tests.AssetChildModuleValidationTests.Create_data_input_value_requires_reporting_year_and_period_400" computerName="07f97ea746f4" duration="00:00:00.0060175" startTime="2026-03-16T13:32:04.6966807+00:00" endTime="2026-03-16T13:32:04.6966809+00:00" testType="13cdc9d9-ddb5-4fa4-a97d-d965ccfc6d4b" outcome="Passed" testListId="8c84fa94-04c1-424b-9868-57a2d4851a1d" relativeResultsDirectory="43b983e7-d458-45ba-b548-4223c29e76d9" />
    <UnitTestResult executionId="ef15e247-4629-4f1b-8248-fe80c981da9a" testId="67a6dbbd-46a5-3114-dfd6-ab34d4cf5f3d" testName="DataAssetBackend.Tests.DbBackedUniquenessAndHierarchyIntegrityTests.Hierarchy_integrity_rejects_self_parent_and_cycles_400" computerName="07f97ea746f4" duration="00:00:00.0010000" startTime="2026-03-16T13:32:03.4584489+00:00" endTime="2026-03-16T13:32:03.4584907+00:00" testType="13cdc9d9-ddb5-4fa4-a97d-d965ccfc6d4b" outcome="Failed" testListId="8c84fa94-04c1-424b-9868-57a2d4851a1d" relativeResultsDirectory="ef15e247-4629-4f1b-8248-fe80c981da9a">
      <Output>
        <ErrorInfo>
          <Message>SKIP: Skipping DB-backed tests: DATABASE_URL not set and Docker is not available (cannot start Testcontainers). Set DATABASE_URL to a Neon/managed Postgres URL to run DB-backed tests.</Message>
          <StackTrace>   at DataAssetBackend.Tests.DbTestAppFactory.DbTestDatabaseProvisioning.ThrowSkipWithReason(String reason) in /home/kavia/workspace/code-generation/data-asset-management-system-332589/data_asset_backend.Tests/DbTestAppFactory.cs:line 257
   at DataAssetBackend.Tests.DbTestAppFactory.DbTestDatabaseProvisioning.ProvisionAsync(ILogger logger) in /home/kavia/workspace/code-generation/data-asset-management-system-332589/data_asset_backend.Tests/DbTestAppFactory.cs:line 226
   at DataAssetBackend.Tests.DbTestAppFactory.InitializeAsync() in /home/kavia/workspace/code-generation/data-asset-management-system-332589/data_asset_backend.Tests/DbTestAppFactory.cs:line 99</StackTrace>
        </ErrorInfo>
      </Output>
    </UnitTestResult>
    <UnitTestResult executionId="af063a32-1739-49f9-9b45-59aa150b9a2a" testId="26a45d4b-7e61-a62c-2541-cfdc595c8a9f" testName="DataAssetBackend.Tests.DbBackedCopyAndLineageTests.Copy_asset_creates_lineage_records_persisted_in_db" computerName="07f97ea746f4" duration="00:00:00.0010000" startTime="2026-03-16T13:32:03.4633340+00:00" endTime="2026-03-16T13:32:03.4633342+00:00" testType="13cdc9d9-ddb5-4fa4-a97d-d965ccfc6d4b" outcome="Failed" testListId="8c84fa94-04c1-424b-9868-57a2d4851a1d" relativeResultsDirectory="af063a32-1739-49f9-9b45-59aa150b9a2a">
      <Output>
        <ErrorInfo>
          <Message>SKIP: Skipping DB-backed tests: DATABASE_URL not set and Docker is not available (cannot start Testcontainers). Set DATABASE_URL to a Neon/managed Postgres URL to run DB-backed tests.</Message>
          <StackTrace>   at DataAssetBackend.Tests.DbTestAppFactory.DbTestDatabaseProvisioning.ThrowSkipWithReason(String reason) in /home/kavia/workspace/code-generation/data-asset-management-system-332589/data_asset_backend.Tests/DbTestAppFactory.cs:line 257
   at DataAssetBackend.Tests.DbTestAppFactory.DbTestDatabaseProvisioning.ProvisionAsync(ILogger logger) in /home/kavia/workspace/code-generation/data-asset-management-system-332589/data_asset_backend.Tests/DbTestAppFactory.cs:line 226
   at DataAssetBackend.Tests.DbTestAppFactory.InitializeAsync() in /home/kavia/workspace/code-generation/data-asset-management-system-332589/data_asset_backend.Tests/DbTestAppFactory.cs:line 99</StackTrace>
        </ErrorInfo>
      </Output>
    </UnitTestResult>
    <UnitTestResult executionId="a7c6f36f-8830-40d6-a585-8ddd47d3301f" testId="9d4cb019-7844-2091-6714-f88b3f12b597" testName="DataAssetBackend.Tests.AssetChildModuleValidationTests.Create_reporting_attribute_mapping_requires_required_fields_400" computerName="07f97ea746f4" duration="00:00:00.0079951" startTime="2026-03-16T13:32:04.6851617+00:00" endTime="2026-03-16T13:32:04.6851619+00:00" testType="13cdc9d9-ddb5-4fa4-a97d-d965ccfc6d4b" outcome="Passed" testListId="8c84fa94-04c1-424b-9868-57a2d4851a1d" relativeResultsDirectory="a7c6f36f-8830-40d6-a585-8ddd47d3301f" />
    <UnitTestResult executionId="e3934580-e16c-4960-8d51-565646e5cddf" testId="bbe68020-3189-91ab-4371-bfb533633678" testName="DataAssetBackend.Tests.HealthAndValidationEndpointsTests.List_asset_properties_route_is_mapped_and_not_404" computerName="07f97ea746f4" duration="00:00:00.0099188" startTime="2026-03-16T13:32:04.6395169+00:00" endTime="2026-03-16T13:32:04.6395176+00:00" testType="13cdc9d9-ddb5-4fa4-a97d-d965ccfc6d4b" outcome="Passed" testListId="8c84fa94-04c1-424b-9868-57a2d4851a1d" relativeResultsDirectory="e3934580-e16c-4960-8d51-565646e5cddf" />
    <UnitTestResult executionId="fbf3a9f9-f4fe-4885-9ff7-f0e336240a40" testId="3fb92784-9c93-8ae6-59fe-2a8500a73940" testName="DataAssetBackend.Tests.AssetChildModuleValidationTests.Create_status_log_requires_required_fields_400" computerName="07f97ea746f4" duration="00:00:00.0222892" startTime="2026-03-16T13:32:04.6769935+00:00" endTime="2026-03-16T13:32:04.6769937+00:00" testType="13cdc9d9-ddb5-4fa4-a97d-d965ccfc6d4b" outcome="Passed" testListId="8c84fa94-04c1-424b-9868-57a2d4851a1d" relativeResultsDirectory="fbf3a9f9-f4fe-4885-9ff7-f0e336240a40" />
    <UnitTestResult executionId="1dda3017-61fe-4ce3-af1e-cbfbe08ac031" testId="0f082f87-f679-866d-694f-0aa8abb4f7b8" testName="DataAssetBackend.Tests.DbBackedUniquenessAndHierarchyIntegrityTests.Reporting_attribute_mapping_duplicate_combination_for_same_asset_returns_400" computerName="07f97ea746f4" duration="00:00:00.0010000" startTime="2026-03-16T13:32:03.4662570+00:00" endTime="2026-03-16T13:32:03.4662571+00:00" testType="13cdc9d9-ddb5-4fa4-a97d-d965ccfc6d4b" outcome="Failed" testListId="8c84fa94-04c1-424b-9868-57a2d4851a1d" relativeResultsDirectory="1dda3017-61fe-4ce3-af1e-cbfbe08ac031">
      <Output>
        <ErrorInfo>
          <Message>SKIP: Skipping DB-backed tests: DATABASE_URL not set and Docker is not available (cannot start Testcontainers). Set DATABASE_URL to a Neon/managed Postgres URL to run DB-backed tests.</Message>
          <StackTrace>   at DataAssetBackend.Tests.DbTestAppFactory.DbTestDatabaseProvisioning.ThrowSkipWithReason(String reason) in /home/kavia/workspace/code-generation/data-asset-management-system-332589/data_asset_backend.Tests/DbTestAppFactory.cs:line 257
   at DataAssetBackend.Tests.DbTestAppFactory.DbTestDatabaseProvisioning.ProvisionAsync(ILogger logger) in /home/kavia/workspace/code-generation/data-asset-management-system-332589/data_asset_backend.Tests/DbTestAppFactory.cs:line 226
   at DataAssetBackend.Tests.DbTestAppFactory.InitializeAsync() in /home/kavia/workspace/code-generation/data-asset-management-system-332589/data_asset_backend.Tests/DbTestAppFactory.cs:line 99</StackTrace>
        </ErrorInfo>
      </Output>
    </UnitTestResult>
    <UnitTestResult executionId="f085e91a-9e02-452e-8143-630f45ce9f57" testId="237d06d6-ce58-d8bb-59a4-3e7283936aea" testName="DataAssetBackend.Tests.DbBackedAssetLifecycleTests.Create_then_get_asset_roundtrips_through_database" computerName="07f97ea746f4" duration="00:00:00.0010000" startTime="2026-03-16T13:32:03.4645663+00:00" endTime="2026-03-16T13:32:03.4645664+00:00" testType="13cdc9d9-ddb5-4fa4-a97d-d965ccfc6d4b" outcome="Failed" testListId="8c84fa94-04c1-424b-9868-57a2d4851a1d" relativeResultsDirectory="f085e91a-9e02-452e-8143-630f45ce9f57">
      <Output>
        <ErrorInfo>
          <Message>SKIP: Skipping DB-backed tests: DATABASE_URL not set and Docker is not available (cannot start Testcontainers). Set DATABASE_URL to a Neon/managed Postgres URL to run DB-backed tests.</Message>
          <StackTrace>   at DataAssetBackend.Tests.DbTestAppFactory.DbTestDatabaseProvisioning.ThrowSkipWithReason(String reason) in /home/kavia/workspace/code-generation/data-asset-management-system-332589/data_asset_backend.Tests/DbTestAppFactory.cs:line 257
   at DataAssetBackend.Tests.DbTestAppFactory.DbTestDatabaseProvisioning.ProvisionAsync(ILogger logger) in /home/kavia/workspace/code-generation/data-asset-management-system-332589/data_asset_backend.Tests/DbTestAppFactory.cs:line 226
   at DataAssetBackend.Tests.DbTestAppFactory.InitializeAsync() in /home/kavia/workspace/code-generation/data-asset-management-system-332589/data_asset_backend.Tests/DbTestAppFactory.cs:line 99</StackTrace>
        </ErrorInfo>
      </Output>
    </UnitTestResult>
    <UnitTestResult executionId="ac00a6b0-0f59-4ed6-a3c9-a221d3067a65" testId="537b57b5-6c6c-38ff-523e-a20a1c20a18c" testName="DataAssetBackend.Tests.AssetChildModuleValidationTests.List_child_routes_are_mapped_and_not_404" computerName="07f97ea746f4" duration="00:00:00.0329440" startTime="2026-03-16T13:32:04.7371174+00:00" endTime="2026-03-16T13:32:04.7371176+00:00" testType="13cdc9d9-ddb5-4fa4-a97d-d965ccfc6d4b" outcome="Passed" testListId="8c84fa94-04c1-424b-9868-57a2d4851a1d" relativeResultsDirectory="ac00a6b0-0f59-4ed6-a3c9-a221d3067a65" />
    <UnitTestResult executionId="2c4b9ecb-2352-4a49-9248-2cf7eb788936" testId="76622523-719f-35fb-d115-a60f5fe8c1b1" testName="DataAssetBackend.Tests.AssetChildModuleValidationTests.Create_control_device_mapping_requires_required_fields_400" computerName="07f97ea746f4" duration="00:00:00.0178608" startTime="2026-03-16T13:32:04.6416509+00:00" endTime="2026-03-16T13:32:04.6416511+00:00" testType="13cdc9d9-ddb5-4fa4-a97d-d965ccfc6d4b" outcome="Passed" testListId="8c84fa94-04c1-424b-9868-57a2d4851a1d" relativeResultsDirectory="2c4b9ecb-2352-4a49-9248-2cf7eb788936" />
    <UnitTestResult executionId="082b7c55-12b2-4ce1-a82c-83a7a0c54f5e" testId="98b0ad11-8d94-7d90-fbc5-167912da7dea" testName="DataAssetBackend.Tests.AssetChildModuleValidationTests.Create_throughput_scalar_accepts_alias_scalarName_but_requires_one_of_scalarType_or_scalarName" computerName="07f97ea746f4" duration="00:00:00.0071615" startTime="2026-03-16T13:32:04.7039886+00:00" endTime="2026-03-16T13:32:04.7039888+00:00" testType="13cdc9d9-ddb5-4fa4-a97d-d965ccfc6d4b" outcome="Passed" testListId="8c84fa94-04c1-424b-9868-57a2d4851a1d" relativeResultsDirectory="082b7c55-12b2-4ce1-a82c-83a7a0c54f5e" />
    <UnitTestResult executionId="2ed02a36-ddaf-4cc6-bff4-2c19a279744a" testId="7a9c4b03-80a8-bd92-b244-cff5843da02d" testName="DataAssetBackend.Tests.BrdValidationGapsTests.Create_data_input_value_rejects_blank_period_400" computerName="07f97ea746f4" duration="00:00:00.0097656" startTime="2026-03-16T13:32:04.6455385+00:00" endTime="2026-03-16T13:32:04.6455386+00:00" testType="13cdc9d9-ddb5-4fa4-a97d-d965ccfc6d4b" outcome="Passed" testListId="8c84fa94-04c1-424b-9868-57a2d4851a1d" relativeResultsDirectory="2ed02a36-ddaf-4cc6-bff4-2c19a279744a" />
    <UnitTestResult executionId="0f8d14dc-759b-4daf-a688-82730243ffaa" testId="98344893-0b44-4f54-d694-3a07bdac6449" testName="DataAssetBackend.Tests.AssetCreateValidationTests.Create_asset_requires_parentPseudoAssetId_when_requiresParentPseudo_is_true" computerName="07f97ea746f4" duration="00:00:00.0036981" startTime="2026-03-16T13:32:04.6444911+00:00" endTime="2026-03-16T13:32:04.6444913+00:00" testType="13cdc9d9-ddb5-4fa4-a97d-d965ccfc6d4b" outcome="Passed" testListId="8c84fa94-04c1-424b-9868-57a2d4851a1d" relativeResultsDirectory="0f8d14dc-759b-4daf-a688-82730243ffaa" />
    <UnitTestResult executionId="b87fd678-6883-47f2-bb94-6a7e29e90c21" testId="c0b215c0-f14e-15fa-3a71-995492780862" testName="DataAssetBackend.Tests.DbBackedCopyReplicationCorrectnessTests.Copy_asset_replicates_input_subtree_with_new_ids_and_preserves_source" computerName="07f97ea746f4" duration="00:00:00.0010000" startTime="2026-03-16T13:32:03.4639965+00:00" endTime="2026-03-16T13:32:03.4639967+00:00" testType="13cdc9d9-ddb5-4fa4-a97d-d965ccfc6d4b" outcome="Failed" testListId="8c84fa94-04c1-424b-9868-57a2d4851a1d" relativeResultsDirectory="b87fd678-6883-47f2-bb94-6a7e29e90c21">
      <Output>
        <ErrorInfo>
          <Message>SKIP: Skipping DB-backed tests: DATABASE_URL not set and Docker is not available (cannot start Testcontainers). Set DATABASE_URL to a Neon/managed Postgres URL to run DB-backed tests.</Message>
          <StackTrace>   at DataAssetBackend.Tests.DbTestAppFactory.DbTestDatabaseProvisioning.ThrowSkipWithReason(String reason) in /home/kavia/workspace/code-generation/data-asset-management-system-332589/data_asset_backend.Tests/DbTestAppFactory.cs:line 257
   at DataAssetBackend.Tests.DbTestAppFactory.DbTestDatabaseProvisioning.ProvisionAsync(ILogger logger) in /home/kavia/workspace/code-generation/data-asset-management-system-332589/data_asset_backend.Tests/DbTestAppFactory.cs:line 226
   at DataAssetBackend.Tests.DbTestAppFactory.InitializeAsync() in /home/kavia/workspace/code-generation/data-asset-management-system-332589/data_asset_backend.Tests/DbTestAppFactory.cs:line 99</StackTrace>
        </ErrorInfo>
      </Output>
    </UnitTestResult>
    <UnitTestResult executionId="d5a0867d-e05a-4b1b-8dbb-5efedcfbb220" testId="24c2c749-4fe1-f7f6-bfd5-1b2eea52ecdd" testName="DataAssetBackend.Tests.AssetChildModuleValidationTests.Create_input_parameter_requires_required_fields_400" computerName="07f97ea746f4" duration="00:00:00.0054371" startTime="2026-03-16T13:32:04.6472074+00:00" endTime="2026-03-16T13:32:04.6472076+00:00" testType="13cdc9d9-ddb5-4fa4-a97d-d965ccfc6d4b" outcome="Passed" testListId="8c84fa94-04c1-424b-9868-57a2d4851a1d" relativeResultsDirectory="d5a0867d-e05a-4b1b-8dbb-5efedcfbb220" />
    <UnitTestResult executionId="ffda3ed4-8411-4e29-8917-6bfedc22c10f" testId="d193f8e1-eb38-97c9-fb34-9652798c0088" testName="DataAssetBackend.Tests.DbBackedDependencySafeDeleteTests.Delete_asset_is_persistent_and_subsequent_get_returns_404" computerName="07f97ea746f4" duration="00:00:00.0010000" startTime="2026-03-16T13:32:03.4643523+00:00" endTime="2026-03-16T13:32:03.4643524+00:00" testType="13cdc9d9-ddb5-4fa4-a97d-d965ccfc6d4b" outcome="Failed" testListId="8c84fa94-04c1-424b-9868-57a2d4851a1d" relativeResultsDirectory="ffda3ed4-8411-4e29-8917-6bfedc22c10f">
      <Output>
        <ErrorInfo>
          <Message>SKIP: Skipping DB-backed tests: DATABASE_URL not set and Docker is not available (cannot start Testcontainers). Set DATABASE_URL to a Neon/managed Postgres URL to run DB-backed tests.</Message>
          <StackTrace>   at DataAssetBackend.Tests.DbTestAppFactory.DbTestDatabaseProvisioning.ThrowSkipWithReason(String reason) in /home/kavia/workspace/code-generation/data-asset-management-system-332589/data_asset_backend.Tests/DbTestAppFactory.cs:line 257
   at DataAssetBackend.Tests.DbTestAppFactory.DbTestDatabaseProvisioning.ProvisionAsync(ILogger logger) in /home/kavia/workspace/code-generation/data-asset-management-system-332589/data_asset_backend.Tests/DbTestAppFactory.cs:line 226
   at DataAssetBackend.Tests.DbTestAppFactory.InitializeAsync() in /home/kavia/workspace/code-generation/data-asset-management-system-332589/data_asset_backend.Tests/DbTestAppFactory.cs:line 99</StackTrace>
        </ErrorInfo>
      </Output>
    </UnitTestResult>
    <UnitTestResult executionId="7758f0fa-5060-4014-bb93-51acd6c9e802" testId="3f488ea6-4a44-5a41-d5ae-5a900eb848fd" testName="DataAssetBackend.Tests.AssetCreateValidationTests.Create_asset_requires_requiresParentPseudo_field" computerName="07f97ea746f4" duration="00:00:01.2012033" startTime="2026-03-16T13:32:04.6255228+00:00" endTime="2026-03-16T13:32:04.6255229+00:00" testType="13cdc9d9-ddb5-4fa4-a97d-d965ccfc6d4b" outcome="Passed" testListId="8c84fa94-04c1-424b-9868-57a2d4851a1d" relativeResultsDirectory="7758f0fa-5060-4014-bb93-51acd6c9e802" />
    <UnitTestResult executionId="fb4a3ea8-d4d9-4247-a23d-26759f3492a9" testId="c520d0c0-8b06-7c91-f0fa-2795e082a988" testName="DataAssetBackend.Tests.HealthAndValidationEndpointsTests.Healthz_returns_200_even_when_db_is_not_configured" computerName="07f97ea746f4" duration="00:00:00.0120921" startTime="2026-03-16T13:32:04.6294709+00:00" endTime="2026-03-16T13:32:04.6294710+00:00" testType="13cdc9d9-ddb5-4fa4-a97d-d965ccfc6d4b" outcome="Passed" testListId="8c84fa94-04c1-424b-9868-57a2d4851a1d" relativeResultsDirectory="fb4a3ea8-d4d9-4247-a23d-26759f3492a9" />
    <UnitTestResult executionId="67c7a7be-7a1b-4d48-b968-6af810f67a17" testId="beaa5798-299a-1dea-d285-4ec5c3b0ea8e" testName="DataAssetBackend.Tests.AssetChildModuleValidationTests.Create_throughput_equation_requires_required_fields_and_supports_aliases_400_when_missing" computerName="07f97ea746f4" duration="00:00:00.0051455" startTime="2026-03-16T13:32:04.6904831+00:00" endTime="2026-03-16T13:32:04.6904835+00:00" testType="13cdc9d9-ddb5-4fa4-a97d-d965ccfc6d4b" outcome="Passed" testListId="8c84fa94-04c1-424b-9868-57a2d4851a1d" relativeResultsDirectory="67c7a7be-7a1b-4d48-b968-6af810f67a17" />
    <UnitTestResult executionId="a99205fe-d4eb-496f-a66c-fcdec3ceca2d" testId="fa76d406-c1b8-14ed-b381-8515091b3cb5" testName="DataAssetBackend.Tests.AssetChildModuleValidationTests.Create_asset_property_requires_required_fields_400" computerName="07f97ea746f4" duration="00:00:00.0070916" startTime="2026-03-16T13:32:04.6544488+00:00" endTime="2026-03-16T13:32:04.6544490+00:00" testType="13cdc9d9-ddb5-4fa4-a97d-d965ccfc6d4b" outcome="Passed" testListId="8c84fa94-04c1-424b-9868-57a2d4851a1d" relativeResultsDirectory="a99205fe-d4eb-496f-a66c-fcdec3ceca2d" />
    <UnitTestResult executionId="4c001a6f-1522-4235-9e3b-045ac9f8649a" testId="1a33c5a9-9033-77a0-d83f-92f877b03a3c" testName="DataAssetBackend.Tests.DbBackedUniquenessAndHierarchyIntegrityTests.Create_asset_with_duplicate_permit_eu_id_returns_409" computerName="07f97ea746f4" duration="00:00:00.0010000" startTime="2026-03-16T13:32:03.4657470+00:00" endTime="2026-03-16T13:32:03.4657471+00:00" testType="13cdc9d9-ddb5-4fa4-a97d-d965ccfc6d4b" outcome="Failed" testListId="8c84fa94-04c1-424b-9868-57a2d4851a1d" relativeResultsDirectory="4c001a6f-1522-4235-9e3b-045ac9f8649a">
      <Output>
        <ErrorInfo>
          <Message>SKIP: Skipping DB-backed tests: DATABASE_URL not set and Docker is not available (cannot start Testcontainers). Set DATABASE_URL to a Neon/managed Postgres URL to run DB-backed tests.</Message>
          <StackTrace>   at DataAssetBackend.Tests.DbTestAppFactory.DbTestDatabaseProvisioning.ThrowSkipWithReason(String reason) in /home/kavia/workspace/code-generation/data-asset-management-system-332589/data_asset_backend.Tests/DbTestAppFactory.cs:line 257
   at DataAssetBackend.Tests.DbTestAppFactory.DbTestDatabaseProvisioning.ProvisionAsync(ILogger logger) in /home/kavia/workspace/code-generation/data-asset-management-system-332589/data_asset_backend.Tests/DbTestAppFactory.cs:line 226
   at DataAssetBackend.Tests.DbTestAppFactory.InitializeAsync() in /home/kavia/workspace/code-generation/data-asset-management-system-332589/data_asset_backend.Tests/DbTestAppFactory.cs:line 99</StackTrace>
        </ErrorInfo>
      </Output>
    </UnitTestResult>
    <UnitTestResult executionId="30216f1a-e830-42ab-8109-6c3bddfd9b92" testId="6baa96e8-64cb-1c3a-b6a3-162fc2c29087" testName="DataAssetBackend.Tests.LegacyObservedEndpointsValidationTests.Legacy_manageSiteAssets_requires_mode" computerName="07f97ea746f4" duration="00:00:01.2052258" startTime="2026-03-16T13:32:04.6254859+00:00" endTime="2026-03-16T13:32:04.6254860+00:00" testType="13cdc9d9-ddb5-4fa4-a97d-d965ccfc6d4b" outcome="Passed" testListId="8c84fa94-04c1-424b-9868-57a2d4851a1d" relativeResultsDirectory="30216f1a-e830-42ab-8109-6c3bddfd9b92" />
    <UnitTestResult executionId="ce9c008b-df34-4181-83a4-8e266b4af4eb" testId="92d69c0b-5cae-d6e5-220a-e33caf6957cb" testName="DataAssetBackend.Tests.HealthAndValidationEndpointsTests.Validity_check_accepts_simple_value" computerName="07f97ea746f4" duration="00:00:01.1960215" startTime="2026-03-16T13:32:04.6254243+00:00" endTime="2026-03-16T13:32:04.6254246+00:00" testType="13cdc9d9-ddb5-4fa4-a97d-d965ccfc6d4b" outcome="Passed" testListId="8c84fa94-04c1-424b-9868-57a2d4851a1d" relativeResultsDirectory="ce9c008b-df34-4181-83a4-8e266b4af4eb" />
    <UnitTestResult executionId="c9d2b8ff-e222-4f94-9f7b-f889205f2706" testId="b061f3bb-2690-dcdb-7561-0346ae7644fc" testName="DataAssetBackend.Tests.LegacyObservedEndpointsValidationTests.Legacy_removeSiteAsset_requires_required_fields" computerName="07f97ea746f4" duration="00:00:00.0157954" startTime="2026-03-16T13:32:04.6273096+00:00" endTime="2026-03-16T13:32:04.6273097+00:00" testType="13cdc9d9-ddb5-4fa4-a97d-d965ccfc6d4b" outcome="Passed" testListId="8c84fa94-04c1-424b-9868-57a2d4851a1d" relativeResultsDirectory="c9d2b8ff-e222-4f94-9f7b-f889205f2706" />
    <UnitTestResult executionId="ae711405-0e4b-47c3-a641-e5b27704dd94" testId="94a26727-50d9-7d1c-a956-8c447e7efed8" testName="DataAssetBackend.Tests.HealthAndValidationEndpointsTests.Validity_check_rejects_empty_value" computerName="07f97ea746f4" duration="00:00:00.0077832" startTime="2026-03-16T13:32:04.6261890+00:00" endTime="2026-03-16T13:32:04.6261891+00:00" testType="13cdc9d9-ddb5-4fa4-a97d-d965ccfc6d4b" outcome="Passed" testListId="8c84fa94-04c1-424b-9868-57a2d4851a1d" relativeResultsDirectory="ae711405-0e4b-47c3-a641-e5b27704dd94" />
    <UnitTestResult executionId="67138eeb-305e-484e-b400-a7398370122f" testId="dffbce9d-3ea0-f386-83cf-5a448ea8d532" testName="DataAssetBackend.Tests.BrdValidationGapsTests.Create_status_log_rejects_end_date_before_start_date_400" computerName="07f97ea746f4" duration="00:00:00.0161130" startTime="2026-03-16T13:32:04.6275918+00:00" endTime="2026-03-16T13:32:04.6275919+00:00" testType="13cdc9d9-ddb5-4fa4-a97d-d965ccfc6d4b" outcome="Passed" testListId="8c84fa94-04c1-424b-9868-57a2d4851a1d" relativeResultsDirectory="67138eeb-305e-484e-b400-a7398370122f" />
  </Results>
  <TestDefinitions>
    <UnitTest name="DataAssetBackend.Tests.DbBackedUniquenessAndHierarchyIntegrityTests.Reporting_attribute_mapping_duplicate_combination_for_same_asset_returns_400" storage="/home/kavia/workspace/code-generation/data-asset-management-system-332589/data_asset_backend.tests/bin/release/net8.0/dataassetbackend.tests.dll" id="0f082f87-f679-866d-694f-0aa8abb4f7b8">
      <Execution id="1dda3017-61fe-4ce3-af1e-cbfbe08ac031" />
      <TestMethod codeBase="/home/kavia/workspace/code-generation/data-asset-management-system-332589/data_asset_backend.Tests/bin/Release/net8.0/DataAssetBackend.Tests.dll" adapterTypeName="executor://xunit/VsTestRunner2/netcoreapp" className="DataAssetBackend.Tests.DbBackedUniquenessAndHierarchyIntegrityTests" name="Reporting_attribute_mapping_duplicate_combination_for_same_asset_returns_400" />
    </UnitTest>
    <UnitTest name="DataAssetBackend.Tests.BrdValidationGapsTests.Create_data_input_value_rejects_blank_period_400" storage="/home/kavia/workspace/code-generation/data-asset-management-system-332589/data_asset_backend.tests/bin/release/net8.0/dataassetbackend.tests.dll" id="7a9c4b03-80a8-bd92-b244-cff5843da02d">
      <Execution id="2ed02a36-ddaf-4cc6-bff4-2c19a279744a" />
      <TestMethod codeBase="/home/kavia/workspace/code-generation/data-asset-management-system-332589/data_asset_backend.Tests/bin/Release/net8.0/DataAssetBackend.Tests.dll" adapterTypeName="executor://xunit/VsTestRunner2/netcoreapp" className="DataAssetBackend.Tests.BrdValidationGapsTests" name="Create_data_input_value_rejects_blank_period_400" />
    </UnitTest>
    <UnitTest name="DataAssetBackend.Tests.AssetCreateValidationTests.Create_asset_requires_parentPseudoAssetId_when_requiresParentPseudo_is_true" storage="/home/kavia/workspace/code-generation/data-asset-management-system-332589/data_asset_backend.tests/bin/release/net8.0/dataassetbackend.tests.dll" id="98344893-0b44-4f54-d694-3a07bdac6449">
      <Execution id="0f8d14dc-759b-4daf-a688-82730243ffaa" />
      <TestMethod codeBase="/home/kavia/workspace/code-generation/data-asset-management-system-332589/data_asset_backend.Tests/bin/Release/net8.0/DataAssetBackend.Tests.dll" adapterTypeName="executor://xunit/VsTestRunner2/netcoreapp" className="DataAssetBackend.Tests.AssetCreateValidationTests" name="Create_asset_requires_parentPseudoAssetId_when_requiresParentPseudo_is_true" />
    </UnitTest>
    <UnitTest name="DataAssetBackend.Tests.AssetChildModuleValidationTests.Create_asset_property_requires_required_fields_400" storage="/home/kavia/workspace/code-generation/data-asset-management-system-332589/data_asset_backend.tests/bin/release/net8.0/dataassetbackend.tests.dll" id="fa76d406-c1b8-14ed-b381-8515091b3cb5">
      <Execution id="a99205fe-d4eb-496f-a66c-fcdec3ceca2d" />
      <TestMethod codeBase="/home/kavia/workspace/code-generation/data-asset-management-system-332589/data_asset_backend.Tests/bin/Release/net8.0/DataAssetBackend.Tests.dll" adapterTypeName="executor://xunit/VsTestRunner2/netcoreapp" className="DataAssetBackend.Tests.AssetChildModuleValidationTests" name="Create_asset_property_requires_required_fields_400" />
    </UnitTest>
    <UnitTest name="DataAssetBackend.Tests.HealthAndValidationEndpointsTests.Healthz_returns_200_even_when_db_is_not_configured" storage="/home/kavia/workspace/code-generation/data-asset-management-system-332589/data_asset_backend.tests/bin/release/net8.0/dataassetbackend.tests.dll" id="c520d0c0-8b06-7c91-f0fa-2795e082a988">
      <Execution id="fb4a3ea8-d4d9-4247-a23d-26759f3492a9" />
      <TestMethod codeBase="/home/kavia/workspace/code-generation/data-asset-management-system-332589/data_asset_backend.Tests/bin/Release/net8.0/DataAssetBackend.Tests.dll" adapterTypeName="executor://xunit/VsTestRunner2/netcoreapp" className="DataAssetBackend.Tests.HealthAndValidationEndpointsTests" name="Healthz_returns_200_even_when_db_is_not_configured" />
    </UnitTest>
    <UnitTest name="DataAssetBackend.Tests.AssetChildModuleValidationTests.Create_input_parameter_when_in_use_requires_uom_and_reporting_program_400" storage="/home/kavia/workspace/code-generation/data-asset-management-system-332589/data_asset_backend.tests/bin/release/net8.0/dataassetbackend.tests.dll" id="d48094bc-97b3-20af-92fb-dced6c0610d5">
      <Execution id="14dad2d2-7b3b-4c13-a58a-ca799108b6ff" />
      <TestMethod codeBase="/home/kavia/workspace/code-generation/data-asset-management-system-332589/data_asset_backend.Tests/bin/Release/net8.0/DataAssetBackend.Tests.dll" adapterTypeName="executor://xunit/VsTestRunner2/netcoreapp" className="DataAssetBackend.Tests.AssetChildModuleValidationTests" name="Create_input_parameter_when_in_use_requires_uom_and_reporting_program_400" />
    </UnitTest>
    <UnitTest name="DataAssetBackend.Tests.IdempotencyCopyAssetTests.CopyAsset_with_same_idempotency_key_returns_same_response_on_retry" storage="/home/kavia/workspace/code-generation/data-asset-management-system-332589/data_asset_backend.tests/bin/release/net8.0/dataassetbackend.tests.dll" id="7d424f24-4c6d-c882-e7a1-1fb5dfe04239">
      <Execution id="7a53ecc4-cefb-4d3a-bd45-3a2174ce90a0" />
      <TestMethod codeBase="/home/kavia/workspace/code-generation/data-asset-management-system-332589/data_asset_backend.Tests/bin/Release/net8.0/DataAssetBackend.Tests.dll" adapterTypeName="executor://xunit/VsTestRunner2/netcoreapp" className="DataAssetBackend.Tests.IdempotencyCopyAssetTests" name="CopyAsset_with_same_idempotency_key_returns_same_response_on_retry" />
    </UnitTest>
    <UnitTest name="DataAssetBackend.Tests.BrdValidationGapsTests.Create_parent_input_mapping_requires_parent_input_id_400" storage="/home/kavia/workspace/code-generation/data-asset-management-system-332589/data_asset_backend.tests/bin/release/net8.0/dataassetbackend.tests.dll" id="6739657e-e046-cc7f-f7f2-054f66f4616e">
      <Execution id="294d9328-e7fb-49b3-b0c6-66c80a28e6c3" />
      <TestMethod codeBase="/home/kavia/workspace/code-generation/data-asset-management-system-332589/data_asset_backend.Tests/bin/Release/net8.0/DataAssetBackend.Tests.dll" adapterTypeName="executor://xunit/VsTestRunner2/netcoreapp" className="DataAssetBackend.Tests.BrdValidationGapsTests" name="Create_parent_input_mapping_requires_parent_input_id_400" />
    </UnitTest>
    <UnitTest name="DataAssetBackend.Tests.HealthAndValidationEndpointsTests.List_asset_properties_route_is_mapped_and_not_404" storage="/home/kavia/workspace/code-generation/data-asset-management-system-332589/data_asset_backend.tests/bin/release/net8.0/dataassetbackend.tests.dll" id="bbe68020-3189-91ab-4371-bfb533633678">
      <Execution id="e3934580-e16c-4960-8d51-565646e5cddf" />
      <TestMethod codeBase="/home/kavia/workspace/code-generation/data-asset-management-system-332589/data_asset_backend.Tests/bin/Release/net8.0/DataAssetBackend.Tests.dll" adapterTypeName="executor://xunit/VsTestRunner2/netcoreapp" className="DataAssetBackend.Tests.HealthAndValidationEndpointsTests" name="List_asset_properties_route_is_mapped_and_not_404" />
    </UnitTest>
    <UnitTest name="DataAssetBackend.Tests.LegacyObservedEndpointsValidationTests.Legacy_manageSiteAssets_update_requires_assetId_and_update_payload" storage="/home/kavia/workspace/code-generation/data-asset-management-system-332589/data_asset_backend.tests/bin/release/net8.0/dataassetbackend.tests.dll" id="4778574f-6af0-87b2-7664-55fe3572d973">
      <Execution id="109fcf64-062a-4736-8a2c-c17bd486b734" />
      <TestMethod codeBase="/home/kavia/workspace/code-generation/data-asset-management-system-332589/data_asset_backend.Tests/bin/Release/net8.0/DataAssetBackend.Tests.dll" adapterTypeName="executor://xunit/VsTestRunner2/netcoreapp" className="DataAssetBackend.Tests.LegacyObservedEndpointsValidationTests" name="Legacy_manageSiteAssets_update_requires_assetId_and_update_payload" />
    </UnitTest>
    <UnitTest name="DataAssetBackend.Tests.BrdValidationGapsTests.Create_ef_source_mapping_requires_reporting_program_400" storage="/home/kavia/workspace/code-generation/data-asset-management-system-332589/data_asset_backend.tests/bin/release/net8.0/dataassetbackend.tests.dll" id="ecf258fe-1659-0c0a-f69b-95b2f22e4cf5">
      <Execution id="28261d2d-e8ad-4c9c-a37c-801c2244bac1" />
      <TestMethod codeBase="/home/kavia/workspace/code-generation/data-asset-management-system-332589/data_asset_backend.Tests/bin/Release/net8.0/DataAssetBackend.Tests.dll" adapterTypeName="executor://xunit/VsTestRunner2/netcoreapp" className="DataAssetBackend.Tests.BrdValidationGapsTests" name="Create_ef_source_mapping_requires_reporting_program_400" />
    </UnitTest>
    <UnitTest name="DataAssetBackend.Tests.AssetChildModuleValidationTests.Create_additional_asset_id_requires_required_fields_400" storage="/home/kavia/workspace/code-generation/data-asset-management-system-332589/data_asset_backend.tests/bin/release/net8.0/dataassetbackend.tests.dll" id="9ec77f39-6c27-839c-cc22-34f449e1b22b">
      <Execution id="18fe8efe-4669-4c6e-b270-07855ec2cbc3" />
      <TestMethod codeBase="/home/kavia/workspace/code-generation/data-asset-management-system-332589/data_asset_backend.Tests/bin/Release/net8.0/DataAssetBackend.Tests.dll" adapterTypeName="executor://xunit/VsTestRunner2/netcoreapp" className="DataAssetBackend.Tests.AssetChildModuleValidationTests" name="Create_additional_asset_id_requires_required_fields_400" />
    </UnitTest>
    <UnitTest name="DataAssetBackend.Tests.HealthAndValidationEndpointsTests.Validity_check_rejects_empty_value" storage="/home/kavia/workspace/code-generation/data-asset-management-system-332589/data_asset_backend.tests/bin/release/net8.0/dataassetbackend.tests.dll" id="94a26727-50d9-7d1c-a956-8c447e7efed8">
      <Execution id="ae711405-0e4b-47c3-a641-e5b27704dd94" />
      <TestMethod codeBase="/home/kavia/workspace/code-generation/data-asset-management-system-332589/data_asset_backend.Tests/bin/Release/net8.0/DataAssetBackend.Tests.dll" adapterTypeName="executor://xunit/VsTestRunner2/netcoreapp" className="DataAssetBackend.Tests.HealthAndValidationEndpointsTests" name="Validity_check_rejects_empty_value" />
    </UnitTest>
    <UnitTest name="DataAssetBackend.Tests.DbBackedDependencySafeDeleteTests.Delete_asset_is_persistent_and_subsequent_get_returns_404" storage="/home/kavia/workspace/code-generation/data-asset-management-system-332589/data_asset_backend.tests/bin/release/net8.0/dataassetbackend.tests.dll" id="d193f8e1-eb38-97c9-fb34-9652798c0088">
      <Execution id="ffda3ed4-8411-4e29-8917-6bfedc22c10f" />
      <TestMethod codeBase="/home/kavia/workspace/code-generation/data-asset-management-system-332589/data_asset_backend.Tests/bin/Release/net8.0/DataAssetBackend.Tests.dll" adapterTypeName="executor://xunit/VsTestRunner2/netcoreapp" className="DataAssetBackend.Tests.DbBackedDependencySafeDeleteTests" name="Delete_asset_is_persistent_and_subsequent_get_returns_404" />
    </UnitTest>
    <UnitTest name="DataAssetBackend.Tests.AssetChildModuleValidationTests.Create_status_log_requires_required_fields_400" storage="/home/kavia/workspace/code-generation/data-asset-management-system-332589/data_asset_backend.tests/bin/release/net8.0/dataassetbackend.tests.dll" id="3fb92784-9c93-8ae6-59fe-2a8500a73940">
      <Execution id="fbf3a9f9-f4fe-4885-9ff7-f0e336240a40" />
      <TestMethod codeBase="/home/kavia/workspace/code-generation/data-asset-management-system-332589/data_asset_backend.Tests/bin/Release/net8.0/DataAssetBackend.Tests.dll" adapterTypeName="executor://xunit/VsTestRunner2/netcoreapp" className="DataAssetBackend.Tests.AssetChildModuleValidationTests" name="Create_status_log_requires_required_fields_400" />
    </UnitTest>
    <UnitTest name="DataAssetBackend.Tests.LegacyObservedEndpointsValidationTests.Legacy_removeSiteAsset_requires_required_fields" storage="/home/kavia/workspace/code-generation/data-asset-management-system-332589/data_asset_backend.tests/bin/release/net8.0/dataassetbackend.tests.dll" id="b061f3bb-2690-dcdb-7561-0346ae7644fc">
      <Execution id="c9d2b8ff-e222-4f94-9f7b-f889205f2706" />
      <TestMethod codeBase="/home/kavia/workspace/code-generation/data-asset-management-system-332589/data_asset_backend.Tests/bin/Release/net8.0/DataAssetBackend.Tests.dll" adapterTypeName="executor://xunit/VsTestRunner2/netcoreapp" className="DataAssetBackend.Tests.LegacyObservedEndpointsValidationTests" name="Legacy_removeSiteAsset_requires_required_fields" />
    </UnitTest>
    <UnitTest name="DataAssetBackend.Tests.AssetChildModuleValidationTests.List_child_routes_are_mapped_and_not_404" storage="/home/kavia/workspace/code-generation/data-asset-management-system-332589/data_asset_backend.tests/bin/release/net8.0/dataassetbackend.tests.dll" id="537b57b5-6c6c-38ff-523e-a20a1c20a18c">
      <Execution id="ac00a6b0-0f59-4ed6-a3c9-a221d3067a65" />
      <TestMethod codeBase="/home/kavia/workspace/code-generation/data-asset-management-system-332589/data_asset_backend.Tests/bin/Release/net8.0/DataAssetBackend.Tests.dll" adapterTypeName="executor://xunit/VsTestRunner2/netcoreapp" className="DataAssetBackend.Tests.AssetChildModuleValidationTests" name="List_child_routes_are_mapped_and_not_404" />
    </UnitTest>
    <UnitTest name="DataAssetBackend.Tests.DbBackedUniquenessAndHierarchyIntegrityTests.Hierarchy_integrity_rejects_self_parent_and_cycles_400" storage="/home/kavia/workspace/code-generation/data-asset-management-system-332589/data_asset_backend.tests/bin/release/net8.0/dataassetbackend.tests.dll" id="67a6dbbd-46a5-3114-dfd6-ab34d4cf5f3d">
      <Execution id="ef15e247-4629-4f1b-8248-fe80c981da9a" />
      <TestMethod codeBase="/home/kavia/workspace/code-generation/data-asset-management-system-332589/data_asset_backend.Tests/bin/Release/net8.0/DataAssetBackend.Tests.dll" adapterTypeName="executor://xunit/VsTestRunner2/netcoreapp" className="DataAssetBackend.Tests.DbBackedUniquenessAndHierarchyIntegrityTests" name="Hierarchy_integrity_rejects_self_parent_and_cycles_400" />
    </UnitTest>
    <UnitTest name="DataAssetBackend.Tests.AssetChildModuleValidationTests.Create_throughput_equation_requires_required_fields_and_supports_aliases_400_when_missing" storage="/home/kavia/workspace/code-generation/data-asset-management-system-332589/data_asset_backend.tests/bin/release/net8.0/dataassetbackend.tests.dll" id="beaa5798-299a-1dea-d285-4ec5c3b0ea8e">
      <Execution id="67c7a7be-7a1b-4d48-b968-6af810f67a17" />
      <TestMethod codeBase="/home/kavia/workspace/code-generation/data-asset-management-system-332589/data_asset_backend.Tests/bin/Release/net8.0/DataAssetBackend.Tests.dll" adapterTypeName="executor://xunit/VsTestRunner2/netcoreapp" className="DataAssetBackend.Tests.AssetChildModuleValidationTests" name="Create_throughput_equation_requires_required_fields_and_supports_aliases_400_when_missing" />
    </UnitTest>
    <UnitTest name="DataAssetBackend.Tests.DbBackedCopyReplicationCorrectnessTests.Copy_asset_replicates_input_subtree_with_new_ids_and_preserves_source" storage="/home/kavia/workspace/code-generation/data-asset-management-system-332589/data_asset_backend.tests/bin/release/net8.0/dataassetbackend.tests.dll" id="c0b215c0-f14e-15fa-3a71-995492780862">
      <Execution id="b87fd678-6883-47f2-bb94-6a7e29e90c21" />
      <TestMethod codeBase="/home/kavia/workspace/code-generation/data-asset-management-system-332589/data_asset_backend.Tests/bin/Release/net8.0/DataAssetBackend.Tests.dll" adapterTypeName="executor://xunit/VsTestRunner2/netcoreapp" className="DataAssetBackend.Tests.DbBackedCopyReplicationCorrectnessTests" name="Copy_asset_replicates_input_subtree_with_new_ids_and_preserves_source" />
    </UnitTest>
    <UnitTest name="DataAssetBackend.Tests.AssetChildModuleValidationTests.Create_control_device_mapping_requires_required_fields_400" storage="/home/kavia/workspace/code-generation/data-asset-management-system-332589/data_asset_backend.tests/bin/release/net8.0/dataassetbackend.tests.dll" id="76622523-719f-35fb-d115-a60f5fe8c1b1">
      <Execution id="2c4b9ecb-2352-4a49-9248-2cf7eb788936" />
      <TestMethod codeBase="/home/kavia/workspace/code-generation/data-asset-management-system-332589/data_asset_backend.Tests/bin/Release/net8.0/DataAssetBackend.Tests.dll" adapterTypeName="executor://xunit/VsTestRunner2/netcoreapp" className="DataAssetBackend.Tests.AssetChildModuleValidationTests" name="Create_control_device_mapping_requires_required_fields_400" />
    </UnitTest>
    <UnitTest name="DataAssetBackend.Tests.DbBackedAssetLifecycleTests.Create_then_get_asset_roundtrips_through_database" storage="/home/kavia/workspace/code-generation/data-asset-management-system-332589/data_asset_backend.tests/bin/release/net8.0/dataassetbackend.tests.dll" id="237d06d6-ce58-d8bb-59a4-3e7283936aea">
      <Execution id="f085e91a-9e02-452e-8143-630f45ce9f57" />
      <TestMethod codeBase="/home/kavia/workspace/code-generation/data-asset-management-system-332589/data_asset_backend.Tests/bin/Release/net8.0/DataAssetBackend.Tests.dll" adapterTypeName="executor://xunit/VsTestRunner2/netcoreapp" className="DataAssetBackend.Tests.DbBackedAssetLifecycleTests" name="Create_then_get_asset_roundtrips_through_database" />
    </UnitTest>
    <UnitTest name="DataAssetBackend.Tests.DbBackedUniquenessAndHierarchyIntegrityTests.Update_asset_to_duplicate_permit_eu_id_returns_409" storage="/home/kavia/workspace/code-generation/data-asset-management-system-332589/data_asset_backend.tests/bin/release/net8.0/dataassetbackend.tests.dll" id="6b0209e4-7374-99cc-8fb5-33a0da1c6148">
      <Execution id="7dfcf10a-c177-4d8a-9fc4-3b8ba30d5a4a" />
      <TestMethod codeBase="/home/kavia/workspace/code-generation/data-asset-management-system-332589/data_asset_backend.Tests/bin/Release/net8.0/DataAssetBackend.Tests.dll" adapterTypeName="executor://xunit/VsTestRunner2/netcoreapp" className="DataAssetBackend.Tests.DbBackedUniquenessAndHierarchyIntegrityTests" name="Update_asset_to_duplicate_permit_eu_id_returns_409" />
    </UnitTest>
    <UnitTest name="DataAssetBackend.Tests.DbBackedUniquenessAndHierarchyIntegrityTests.Create_asset_with_duplicate_permit_eu_id_returns_409" storage="/home/kavia/workspace/code-generation/data-asset-management-system-332589/data_asset_backend.tests/bin/release/net8.0/dataassetbackend.tests.dll" id="1a33c5a9-9033-77a0-d83f-92f877b03a3c">
      <Execution id="4c001a6f-1522-4235-9e3b-045ac9f8649a" />
      <TestMethod codeBase="/home/kavia/workspace/code-generation/data-asset-management-system-332589/data_asset_backend.Tests/bin/Release/net8.0/DataAssetBackend.Tests.dll" adapterTypeName="executor://xunit/VsTestRunner2/netcoreapp" className="DataAssetBackend.Tests.DbBackedUniquenessAndHierarchyIntegrityTests" name="Create_asset_with_duplicate_permit_eu_id_returns_409" />
    </UnitTest>
    <UnitTest name="DataAssetBackend.Tests.AssetChildModuleValidationTests.Create_input_parameter_requires_required_fields_400" storage="/home/kavia/workspace/code-generation/data-asset-management-system-332589/data_asset_backend.tests/bin/release/net8.0/dataassetbackend.tests.dll" id="24c2c749-4fe1-f7f6-bfd5-1b2eea52ecdd">
      <Execution id="d5a0867d-e05a-4b1b-8dbb-5efedcfbb220" />
      <TestMethod codeBase="/home/kavia/workspace/code-generation/data-asset-management-system-332589/data_asset_backend.Tests/bin/Release/net8.0/DataAssetBackend.Tests.dll" adapterTypeName="executor://xunit/VsTestRunner2/netcoreapp" className="DataAssetBackend.Tests.AssetChildModuleValidationTests" name="Create_input_parameter_requires_required_fields_400" />
    </UnitTest>
    <UnitTest name="DataAssetBackend.Tests.AssetChildModuleValidationTests.Create_reporting_attribute_mapping_requires_required_fields_400" storage="/home/kavia/workspace/code-generation/data-asset-management-system-332589/data_asset_backend.tests/bin/release/net8.0/dataassetbackend.tests.dll" id="9d4cb019-7844-2091-6714-f88b3f12b597">
      <Execution id="a7c6f36f-8830-40d6-a585-8ddd47d3301f" />
      <TestMethod codeBase="/home/kavia/workspace/code-generation/data-asset-management-system-332589/data_asset_backend.Tests/bin/Release/net8.0/DataAssetBackend.Tests.dll" adapterTypeName="executor://xunit/VsTestRunner2/netcoreapp" className="DataAssetBackend.Tests.AssetChildModuleValidationTests" name="Create_reporting_attribute_mapping_requires_required_fields_400" />
    </UnitTest>
    <UnitTest name="DataAssetBackend.Tests.AssetCreateValidationTests.Create_asset_rejects_parentPseudoAssetId_when_requiresParentPseudo_is_false_with_validation_or_db_unavailable" storage="/home/kavia/workspace/code-generation/data-asset-management-system-332589/data_asset_backend.tests/bin/release/net8.0/dataassetbackend.tests.dll" id="c52f33bb-80e6-7dfc-c301-78017ebaf2c8">
      <Execution id="64403ffe-42f8-457a-be06-5bef6c9827a6" />
      <TestMethod codeBase="/home/kavia/workspace/code-generation/data-asset-management-system-332589/data_asset_backend.Tests/bin/Release/net8.0/DataAssetBackend.Tests.dll" adapterTypeName="executor://xunit/VsTestRunner2/netcoreapp" className="DataAssetBackend.Tests.AssetCreateValidationTests" name="Create_asset_rejects_parentPseudoAssetId_when_requiresParentPseudo_is_false_with_validation_or_db_unavailable" />
    </UnitTest>
    <UnitTest name="DataAssetBackend.Tests.AssetChildModuleValidationTests.Create_data_input_value_requires_reporting_year_and_period_400" storage="/home/kavia/workspace/code-generation/data-asset-management-system-332589/data_asset_backend.tests/bin/release/net8.0/dataassetbackend.tests.dll" id="c53367c8-b6b8-1749-10c6-4933e3d207b7">
      <Execution id="43b983e7-d458-45ba-b548-4223c29e76d9" />
      <TestMethod codeBase="/home/kavia/workspace/code-generation/data-asset-management-system-332589/data_asset_backend.Tests/bin/Release/net8.0/DataAssetBackend.Tests.dll" adapterTypeName="executor://xunit/VsTestRunner2/netcoreapp" className="DataAssetBackend.Tests.AssetChildModuleValidationTests" name="Create_data_input_value_requires_reporting_year_and_period_400" />
    </UnitTest>
    <UnitTest name="DataAssetBackend.Tests.AssetChildModuleValidationTests.Create_throughput_scalar_accepts_alias_scalarName_but_requires_one_of_scalarType_or_scalarName" storage="/home/kavia/workspace/code-generation/data-asset-management-system-332589/data_asset_backend.tests/bin/release/net8.0/dataassetbackend.tests.dll" id="98b0ad11-8d94-7d90-fbc5-167912da7dea">
      <Execution id="082b7c55-12b2-4ce1-a82c-83a7a0c54f5e" />
      <TestMethod codeBase="/home/kavia/workspace/code-generation/data-asset-management-system-332589/data_asset_backend.Tests/bin/Release/net8.0/DataAssetBackend.Tests.dll" adapterTypeName="executor://xunit/VsTestRunner2/netcoreapp" className="DataAssetBackend.Tests.AssetChildModuleValidationTests" name="Create_throughput_scalar_accepts_alias_scalarName_but_requires_one_of_scalarType_or_scalarName" />
    </UnitTest>
    <UnitTest name="DataAssetBackend.Tests.LegacyObservedEndpointsValidationTests.Legacy_manageSiteAssets_requires_mode" storage="/home/kavia/workspace/code-generation/data-asset-management-system-332589/data_asset_backend.tests/bin/release/net8.0/dataassetbackend.tests.dll" id="6baa96e8-64cb-1c3a-b6a3-162fc2c29087">
      <Execution id="30216f1a-e830-42ab-8109-6c3bddfd9b92" />
      <TestMethod codeBase="/home/kavia/workspace/code-generation/data-asset-management-system-332589/data_asset_backend.Tests/bin/Release/net8.0/DataAssetBackend.Tests.dll" adapterTypeName="executor://xunit/VsTestRunner2/netcoreapp" className="DataAssetBackend.Tests.LegacyObservedEndpointsValidationTests" name="Legacy_manageSiteAssets_requires_mode" />
    </UnitTest>
    <UnitTest name="DataAssetBackend.Tests.AssetCreateValidationTests.Create_asset_requires_requiresParentPseudo_field" storage="/home/kavia/workspace/code-generation/data-asset-management-system-332589/data_asset_backend.tests/bin/release/net8.0/dataassetbackend.tests.dll" id="3f488ea6-4a44-5a41-d5ae-5a900eb848fd">
      <Execution id="7758f0fa-5060-4014-bb93-51acd6c9e802" />
      <TestMethod codeBase="/home/kavia/workspace/code-generation/data-asset-management-system-332589/data_asset_backend.Tests/bin/Release/net8.0/DataAssetBackend.Tests.dll" adapterTypeName="executor://xunit/VsTestRunner2/netcoreapp" className="DataAssetBackend.Tests.AssetCreateValidationTests" name="Create_asset_requires_requiresParentPseudo_field" />
    </UnitTest>
    <UnitTest name="DataAssetBackend.Tests.HealthAndValidationEndpointsTests.Root_health_returns_200" storage="/home/kavia/workspace/code-generation/data-asset-management-system-332589/data_asset_backend.tests/bin/release/net8.0/dataassetbackend.tests.dll" id="4a5d8b18-0ba2-1016-f32d-d5bd8e0d61c3">
      <Execution id="fdd41792-679e-4ac9-a956-d2a887c08a67" />
      <TestMethod codeBase="/home/kavia/workspace/code-generation/data-asset-management-system-332589/data_asset_backend.Tests/bin/Release/net8.0/DataAssetBackend.Tests.dll" adapterTypeName="executor://xunit/VsTestRunner2/netcoreapp" className="DataAssetBackend.Tests.HealthAndValidationEndpointsTests" name="Root_health_returns_200" />
    </UnitTest>
    <UnitTest name="DataAssetBackend.Tests.DbBackedCopyAndLineageTests.Copy_asset_creates_lineage_records_persisted_in_db" storage="/home/kavia/workspace/code-generation/data-asset-management-system-332589/data_asset_backend.tests/bin/release/net8.0/dataassetbackend.tests.dll" id="26a45d4b-7e61-a62c-2541-cfdc595c8a9f">
      <Execution id="af063a32-1739-49f9-9b45-59aa150b9a2a" />
      <TestMethod codeBase="/home/kavia/workspace/code-generation/data-asset-management-system-332589/data_asset_backend.Tests/bin/Release/net8.0/DataAssetBackend.Tests.dll" adapterTypeName="executor://xunit/VsTestRunner2/netcoreapp" className="DataAssetBackend.Tests.DbBackedCopyAndLineageTests" name="Copy_asset_creates_lineage_records_persisted_in_db" />
    </UnitTest>
    <UnitTest name="DataAssetBackend.Tests.AssetCreateValidationTests.Create_asset_rejects_nonexistent_parentPseudoAssetId_with_validation_or_db_unavailable" storage="/home/kavia/workspace/code-generation/data-asset-management-system-332589/data_asset_backend.tests/bin/release/net8.0/dataassetbackend.tests.dll" id="38880e80-b1c2-f05c-fb7e-469ae4e861ec">
      <Execution id="3ab89834-e5fa-4deb-aee5-2610df1e45ec" />
      <TestMethod codeBase="/home/kavia/workspace/code-generation/data-asset-management-system-332589/data_asset_backend.Tests/bin/Release/net8.0/DataAssetBackend.Tests.dll" adapterTypeName="executor://xunit/VsTestRunner2/netcoreapp" className="DataAssetBackend.Tests.AssetCreateValidationTests" name="Create_asset_rejects_nonexistent_parentPseudoAssetId_with_validation_or_db_unavailable" />
    </UnitTest>
    <UnitTest name="DataAssetBackend.Tests.HealthAndValidationEndpointsTests.Validity_check_accepts_simple_value" storage="/home/kavia/workspace/code-generation/data-asset-management-system-332589/data_asset_backend.tests/bin/release/net8.0/dataassetbackend.tests.dll" id="92d69c0b-5cae-d6e5-220a-e33caf6957cb">
      <Execution id="ce9c008b-df34-4181-83a4-8e266b4af4eb" />
      <TestMethod codeBase="/home/kavia/workspace/code-generation/data-asset-management-system-332589/data_asset_backend.Tests/bin/Release/net8.0/DataAssetBackend.Tests.dll" adapterTypeName="executor://xunit/VsTestRunner2/netcoreapp" className="DataAssetBackend.Tests.HealthAndValidationEndpointsTests" name="Validity_check_accepts_simple_value" />
    </UnitTest>
    <UnitTest name="DataAssetBackend.Tests.BrdValidationGapsTests.Create_status_log_rejects_end_date_before_start_date_400" storage="/home/kavia/workspace/code-generation/data-asset-management-system-332589/data_asset_backend.tests/bin/release/net8.0/dataassetbackend.tests.dll" id="dffbce9d-3ea0-f386-83cf-5a448ea8d532">
      <Execution id="67138eeb-305e-484e-b400-a7398370122f" />
      <TestMethod codeBase="/home/kavia/workspace/code-generation/data-asset-management-system-332589/data_asset_backend.Tests/bin/Release/net8.0/DataAssetBackend.Tests.dll" adapterTypeName="executor://xunit/VsTestRunner2/netcoreapp" className="DataAssetBackend.Tests.BrdValidationGapsTests" name="Create_status_log_rejects_end_date_before_start_date_400" />
    </UnitTest>
    <UnitTest name="DataAssetBackend.Tests.AssetCreateValidationTests.Create_asset_requires_processGroupOtherText_when_processGroup_is_other" storage="/home/kavia/workspace/code-generation/data-asset-management-system-332589/data_asset_backend.tests/bin/release/net8.0/dataassetbackend.tests.dll" id="9dc94cb5-9259-f153-7d0a-ad76274acc5d">
      <Execution id="7787e47e-5573-4983-9426-eaf6e89a51ee" />
      <TestMethod codeBase="/home/kavia/workspace/code-generation/data-asset-management-system-332589/data_asset_backend.Tests/bin/Release/net8.0/DataAssetBackend.Tests.dll" adapterTypeName="executor://xunit/VsTestRunner2/netcoreapp" className="DataAssetBackend.Tests.AssetCreateValidationTests" name="Create_asset_requires_processGroupOtherText_when_processGroup_is_other" />
    </UnitTest>
  </TestDefinitions>
  <TestEntries>
    <TestEntry testId="ecf258fe-1659-0c0a-f69b-95b2f22e4cf5" executionId="28261d2d-e8ad-4c9c-a37c-801c2244bac1" testListId="8c84fa94-04c1-424b-9868-57a2d4851a1d" />
    <TestEntry testId="9dc94cb5-9259-f153-7d0a-ad76274acc5d" executionId="7787e47e-5573-4983-9426-eaf6e89a51ee" testListId="8c84fa94-04c1-424b-9868-57a2d4851a1d" />
    <TestEntry testId="6b0209e4-7374-99cc-8fb5-33a0da1c6148" executionId="7dfcf10a-c177-4d8a-9fc4-3b8ba30d5a4a" testListId="8c84fa94-04c1-424b-9868-57a2d4851a1d" />
    <TestEntry testId="38880e80-b1c2-f05c-fb7e-469ae4e861ec" executionId="3ab89834-e5fa-4deb-aee5-2610df1e45ec" testListId="8c84fa94-04c1-424b-9868-57a2d4851a1d" />
    <TestEntry testId="4a5d8b18-0ba2-1016-f32d-d5bd8e0d61c3" executionId="fdd41792-679e-4ac9-a956-d2a887c08a67" testListId="8c84fa94-04c1-424b-9868-57a2d4851a1d" />
    <TestEntry testId="c52f33bb-80e6-7dfc-c301-78017ebaf2c8" executionId="64403ffe-42f8-457a-be06-5bef6c9827a6" testListId="8c84fa94-04c1-424b-9868-57a2d4851a1d" />
    <TestEntry testId="7d424f24-4c6d-c882-e7a1-1fb5dfe04239" executionId="7a53ecc4-cefb-4d3a-bd45-3a2174ce90a0" testListId="8c84fa94-04c1-424b-9868-57a2d4851a1d" />
    <TestEntry testId="9ec77f39-6c27-839c-cc22-34f449e1b22b" executionId="18fe8efe-4669-4c6e-b270-07855ec2cbc3" testListId="8c84fa94-04c1-424b-9868-57a2d4851a1d" />
    <TestEntry testId="4778574f-6af0-87b2-7664-55fe3572d973" executionId="109fcf64-062a-4736-8a2c-c17bd486b734" testListId="8c84fa94-04c1-424b-9868-57a2d4851a1d" />
    <TestEntry testId="d48094bc-97b3-20af-92fb-dced6c0610d5" executionId="14dad2d2-7b3b-4c13-a58a-ca799108b6ff" testListId="8c84fa94-04c1-424b-9868-57a2d4851a1d" />
    <TestEntry testId="6739657e-e046-cc7f-f7f2-054f66f4616e" executionId="294d9328-e7fb-49b3-b0c6-66c80a28e6c3" testListId="8c84fa94-04c1-424b-9868-57a2d4851a1d" />
    <TestEntry testId="c53367c8-b6b8-1749-10c6-4933e3d207b7" executionId="43b983e7-d458-45ba-b548-4223c29e76d9" testListId="8c84fa94-04c1-424b-9868-57a2d4851a1d" />
    <TestEntry testId="67a6dbbd-46a5-3114-dfd6-ab34d4cf5f3d" executionId="ef15e247-4629-4f1b-8248-fe80c981da9a" testListId="8c84fa94-04c1-424b-9868-57a2d4851a1d" />
    <TestEntry testId="26a45d4b-7e61-a62c-2541-cfdc595c8a9f" executionId="af063a32-1739-49f9-9b45-59aa150b9a2a" testListId="8c84fa94-04c1-424b-9868-57a2d4851a1d" />
    <TestEntry testId="9d4cb019-7844-2091-6714-f88b3f12b597" executionId="a7c6f36f-8830-40d6-a585-8ddd47d3301f" testListId="8c84fa94-04c1-424b-9868-57a2d4851a1d" />
    <TestEntry testId="bbe68020-3189-91ab-4371-bfb533633678" executionId="e3934580-e16c-4960-8d51-565646e5cddf" testListId="8c84fa94-04c1-424b-9868-57a2d4851a1d" />
    <TestEntry testId="3fb92784-9c93-8ae6-59fe-2a8500a73940" executionId="fbf3a9f9-f4fe-4885-9ff7-f0e336240a40" testListId="8c84fa94-04c1-424b-9868-57a2d4851a1d" />
    <TestEntry testId="0f082f87-f679-866d-694f-0aa8abb4f7b8" executionId="1dda3017-61fe-4ce3-af1e-cbfbe08ac031" testListId="8c84fa94-04c1-424b-9868-57a2d4851a1d" />
    <TestEntry testId="237d06d6-ce58-d8bb-59a4-3e7283936aea" executionId="f085e91a-9e02-452e-8143-630f45ce9f57" testListId="8c84fa94-04c1-424b-9868-57a2d4851a1d" />
    <TestEntry testId="537b57b5-6c6c-38ff-523e-a20a1c20a18c" executionId="ac00a6b0-0f59-4ed6-a3c9-a221d3067a65" testListId="8c84fa94-04c1-424b-9868-57a2d4851a1d" />
    <TestEntry testId="76622523-719f-35fb-d115-a60f5fe8c1b1" executionId="2c4b9ecb-2352-4a49-9248-2cf7eb788936" testListId="8c84fa94-04c1-424b-9868-57a2d4851a1d" />
    <TestEntry testId="98b0ad11-8d94-7d90-fbc5-167912da7dea" executionId="082b7c55-12b2-4ce1-a82c-83a7a0c54f5e" testListId="8c84fa94-04c1-424b-9868-57a2d4851a1d" />
    <TestEntry testId="7a9c4b03-80a8-bd92-b244-cff5843da02d" executionId="2ed02a36-ddaf-4cc6-bff4-2c19a279744a" testListId="8c84fa94-04c1-424b-9868-57a2d4851a1d" />
    <TestEntry testId="98344893-0b44-4f54-d694-3a07bdac6449" executionId="0f8d14dc-759b-4daf-a688-82730243ffaa" testListId="8c84fa94-04c1-424b-9868-57a2d4851a1d" />
    <TestEntry testId="c0b215c0-f14e-15fa-3a71-995492780862" executionId="b87fd678-6883-47f2-bb94-6a7e29e90c21" testListId="8c84fa94-04c1-424b-9868-57a2d4851a1d" />
    <TestEntry testId="24c2c749-4fe1-f7f6-bfd5-1b2eea52ecdd" executionId="d5a0867d-e05a-4b1b-8dbb-5efedcfbb220" testListId="8c84fa94-04c1-424b-9868-57a2d4851a1d" />
    <TestEntry testId="d193f8e1-eb38-97c9-fb34-9652798c0088" executionId="ffda3ed4-8411-4e29-8917-6bfedc22c10f" testListId="8c84fa94-04c1-424b-9868-57a2d4851a1d" />
    <TestEntry testId="3f488ea6-4a44-5a41-d5ae-5a900eb848fd" executionId="7758f0fa-5060-4014-bb93-51acd6c9e802" testListId="8c84fa94-04c1-424b-9868-57a2d4851a1d" />
    <TestEntry testId="c520d0c0-8b06-7c91-f0fa-2795e082a988" executionId="fb4a3ea8-d4d9-4247-a23d-26759f3492a9" testListId="8c84fa94-04c1-424b-9868-57a2d4851a1d" />
    <TestEntry testId="beaa5798-299a-1dea-d285-4ec5c3b0ea8e" executionId="67c7a7be-7a1b-4d48-b968-6af810f67a17" testListId="8c84fa94-04c1-424b-9868-57a2d4851a1d" />
    <TestEntry testId="fa76d406-c1b8-14ed-b381-8515091b3cb5" executionId="a99205fe-d4eb-496f-a66c-fcdec3ceca2d" testListId="8c84fa94-04c1-424b-9868-57a2d4851a1d" />
    <TestEntry testId="1a33c5a9-9033-77a0-d83f-92f877b03a3c" executionId="4c001a6f-1522-4235-9e3b-045ac9f8649a" testListId="8c84fa94-04c1-424b-9868-57a2d4851a1d" />
    <TestEntry testId="6baa96e8-64cb-1c3a-b6a3-162fc2c29087" executionId="30216f1a-e830-42ab-8109-6c3bddfd9b92" testListId="8c84fa94-04c1-424b-9868-57a2d4851a1d" />
    <TestEntry testId="92d69c0b-5cae-d6e5-220a-e33caf6957cb" executionId="ce9c008b-df34-4181-83a4-8e266b4af4eb" testListId="8c84fa94-04c1-424b-9868-57a2d4851a1d" />
    <TestEntry testId="b061f3bb-2690-dcdb-7561-0346ae7644fc" executionId="c9d2b8ff-e222-4f94-9f7b-f889205f2706" testListId="8c84fa94-04c1-424b-9868-57a2d4851a1d" />
    <TestEntry testId="94a26727-50d9-7d1c-a956-8c447e7efed8" executionId="ae711405-0e4b-47c3-a641-e5b27704dd94" testListId="8c84fa94-04c1-424b-9868-57a2d4851a1d" />
    <TestEntry testId="dffbce9d-3ea0-f386-83cf-5a448ea8d532" executionId="67138eeb-305e-484e-b400-a7398370122f" testListId="8c84fa94-04c1-424b-9868-57a2d4851a1d" />
  </TestEntries>
  <TestLists>
    <TestList name="Results Not in a List" id="8c84fa94-04c1-424b-9868-57a2d4851a1d" />
    <TestList name="All Loaded Results" id="19431567-8539-422a-85d7-44ee4e166bda" />
  </TestLists>
  <ResultSummary outcome="Failed">
    <Counters total="37" executed="37" passed="29" failed="8" error="0" timeout="0" aborted="0" inconclusive="0" passedButRunAborted="0" notRunnable="0" notExecuted="0" disconnected="0" warning="0" completed="0" inProgress="0" pending="0" />
    <Output>
      <StdOut>[xUnit.net 00:00:00.00] xUnit.net VSTest Adapter v2.5.7+8f2703126a (64-bit .NET 8.0.22)
[xUnit.net 00:00:00.11]   Discovering: DataAssetBackend.Tests
[xUnit.net 00:00:00.15]   Discovered:  DataAssetBackend.Tests
[xUnit.net 00:00:00.15]   Starting:    DataAssetBackend.Tests
[xUnit.net 00:00:00.27]       SKIP: Skipping DB-backed tests: DATABASE_URL not set and Docker is not available (cannot start Testcontainers). Set DATABASE_URL to a Neon/managed Postgres URL to run DB-backed tests.
[xUnit.net 00:00:00.27]       Stack Trace:
[xUnit.net 00:00:00.27]         /home/kavia/workspace/code-generation/data-asset-management-system-332589/data_asset_backend.Tests/DbTestAppFactory.cs(257,0): at DataAssetBackend.Tests.DbTestAppFactory.DbTestDatabaseProvisioning.ThrowSkipWithReason(String reason)
[xUnit.net 00:00:00.27]         /home/kavia/workspace/code-generation/data-asset-management-system-332589/data_asset_backend.Tests/DbTestAppFactory.cs(226,0): at DataAssetBackend.Tests.DbTestAppFactory.DbTestDatabaseProvisioning.ProvisionAsync(ILogger logger)
[xUnit.net 00:00:00.27]         /home/kavia/workspace/code-generation/data-asset-management-system-332589/data_asset_backend.Tests/DbTestAppFactory.cs(99,0): at DataAssetBackend.Tests.DbTestAppFactory.InitializeAsync()
[xUnit.net 00:00:00.28]       SKIP: Skipping DB-backed tests: DATABASE_URL not set and Docker is not available (cannot start Testcontainers). Set DATABASE_URL to a Neon/managed Postgres URL to run DB-backed tests.
[xUnit.net 00:00:00.28]       Stack Trace:
[xUnit.net 00:00:00.28]         /home/kavia/workspace/code-generation/data-asset-management-system-332589/data_asset_backend.Tests/DbTestAppFactory.cs(257,0): at DataAssetBackend.Tests.DbTestAppFactory.DbTestDatabaseProvisioning.ThrowSkipWithReason(String reason)
[xUnit.net 00:00:00.28]         /home/kavia/workspace/code-generation/data-asset-management-system-332589/data_asset_backend.Tests/DbTestAppFactory.cs(226,0): at DataAssetBackend.Tests.DbTestAppFactory.DbTestDatabaseProvisioning.ProvisionAsync(ILogger logger)
[xUnit.net 00:00:00.28]         /home/kavia/workspace/code-generation/data-asset-management-system-332589/data_asset_backend.Tests/DbTestAppFactory.cs(99,0): at DataAssetBackend.Tests.DbTestAppFactory.InitializeAsync()
[xUnit.net 00:00:00.28]       SKIP: Skipping DB-backed tests: DATABASE_URL not set and Docker is not available (cannot start Testcontainers). Set DATABASE_URL to a Neon/managed Postgres URL to run DB-backed tests.
[xUnit.net 00:00:00.28]       Stack Trace:
[xUnit.net 00:00:00.28]         /home/kavia/workspace/code-generation/data-asset-management-system-332589/data_asset_backend.Tests/DbTestAppFactory.cs(257,0): at DataAssetBackend.Tests.DbTestAppFactory.DbTestDatabaseProvisioning.ThrowSkipWithReason(String reason)
[xUnit.net 00:00:00.28]         /home/kavia/workspace/code-generation/data-asset-management-system-332589/data_asset_backend.Tests/DbTestAppFactory.cs(226,0): at DataAssetBackend.Tests.DbTestAppFactory.DbTestDatabaseProvisioning.ProvisionAsync(ILogger logger)
[xUnit.net 00:00:00.28]         /home/kavia/workspace/code-generation/data-asset-management-system-332589/data_asset_backend.Tests/DbTestAppFactory.cs(99,0): at DataAssetBackend.Tests.DbTestAppFactory.InitializeAsync()
[xUnit.net 00:00:00.28]       SKIP: Skipping DB-backed tests: DATABASE_URL not set and Docker is not available (cannot start Testcontainers). Set DATABASE_URL to a Neon/managed Postgres URL to run DB-backed tests.
[xUnit.net 00:00:00.28]       Stack Trace:
[xUnit.net 00:00:00.28]         /home/kavia/workspace/code-generation/data-asset-management-system-332589/data_asset_backend.Tests/DbTestAppFactory.cs(257,0): at DataAssetBackend.Tests.DbTestAppFactory.DbTestDatabaseProvisioning.ThrowSkipWithReason(String reason)
[xUnit.net 00:00:00.28]         /home/kavia/workspace/code-generation/data-asset-management-system-332589/data_asset_backend.Tests/DbTestAppFactory.cs(226,0): at DataAssetBackend.Tests.DbTestAppFactory.DbTestDatabaseProvisioning.ProvisionAsync(ILogger logger)
[xUnit.net 00:00:00.28]         /home/kavia/workspace/code-generation/data-asset-management-system-332589/data_asset_backend.Tests/DbTestAppFactory.cs(99,0): at DataAssetBackend.Tests.DbTestAppFactory.InitializeAsync()
[xUnit.net 00:00:00.28]       SKIP: Skipping DB-backed tests: DATABASE_URL not set and Docker is not available (cannot start Testcontainers). Set DATABASE_URL to a Neon/managed Postgres URL to run DB-backed tests.
[xUnit.net 00:00:00.28]       Stack Trace:
[xUnit.net 00:00:00.28]         /home/kavia/workspace/code-generation/data-asset-management-system-332589/data_asset_backend.Tests/DbTestAppFactory.cs(257,0): at DataAssetBackend.Tests.DbTestAppFactory.DbTestDatabaseProvisioning.ThrowSkipWithReason(String reason)
[xUnit.net 00:00:00.28]         /home/kavia/workspace/code-generation/data-asset-management-system-332589/data_asset_backend.Tests/DbTestAppFactory.cs(226,0): at DataAssetBackend.Tests.DbTestAppFactory.DbTestDatabaseProvisioning.ProvisionAsync(ILogger logger)
[xUnit.net 00:00:00.28]         /home/kavia/workspace/code-generation/data-asset-management-system-332589/data_asset_backend.Tests/DbTestAppFactory.cs(99,0): at DataAssetBackend.Tests.DbTestAppFactory.InitializeAsync()
[xUnit.net 00:00:00.28]       SKIP: Skipping DB-backed tests: DATABASE_URL not set and Docker is not available (cannot start Testcontainers). Set DATABASE_URL to a Neon/managed Postgres URL to run DB-backed tests.
[xUnit.net 00:00:00.28]       Stack Trace:
[xUnit.net 00:00:00.28]         /home/kavia/workspace/code-generation/data-asset-management-system-332589/data_asset_backend.Tests/DbTestAppFactory.cs(257,0): at DataAssetBackend.Tests.DbTestAppFactory.DbTestDatabaseProvisioning.ThrowSkipWithReason(String reason)
[xUnit.net 00:00:00.28]         /home/kavia/workspace/code-generation/data-asset-management-system-332589/data_asset_backend.Tests/DbTestAppFactory.cs(226,0): at DataAssetBackend.Tests.DbTestAppFactory.DbTestDatabaseProvisioning.ProvisionAsync(ILogger logger)
[xUnit.net 00:00:00.28]         /home/kavia/workspace/code-generation/data-asset-management-system-332589/data_asset_backend.Tests/DbTestAppFactory.cs(99,0): at DataAssetBackend.Tests.DbTestAppFactory.InitializeAsync()
[xUnit.net 00:00:00.28]       SKIP: Skipping DB-backed tests: DATABASE_URL not set and Docker is not available (cannot start Testcontainers). Set DATABASE_URL to a Neon/managed Postgres URL to run DB-backed tests.
[xUnit.net 00:00:00.28]       Stack Trace:
[xUnit.net 00:00:00.28]         /home/kavia/workspace/code-generation/data-asset-management-system-332589/data_asset_backend.Tests/DbTestAppFactory.cs(257,0): at DataAssetBackend.Tests.DbTestAppFactory.DbTestDatabaseProvisioning.ThrowSkipWithReason(String reason)
[xUnit.net 00:00:00.28]         /home/kavia/workspace/code-generation/data-asset-management-system-332589/data_asset_backend.Tests/DbTestAppFactory.cs(226,0): at DataAssetBackend.Tests.DbTestAppFactory.DbTestDatabaseProvisioning.ProvisionAsync(ILogger logger)
[xUnit.net 00:00:00.28]         /home/kavia/workspace/code-generation/data-asset-management-system-332589/data_asset_backend.Tests/DbTestAppFactory.cs(99,0): at DataAssetBackend.Tests.DbTestAppFactory.InitializeAsync()
[xUnit.net 00:00:00.28]       SKIP: Skipping DB-backed tests: DATABASE_URL not set and Docker is not available (cannot start Testcontainers). Set DATABASE_URL to a Neon/managed Postgres URL to run DB-backed tests.
[xUnit.net 00:00:00.28]       Stack Trace:
[xUnit.net 00:00:00.28]         /home/kavia/workspace/code-generation/data-asset-management-system-332589/data_asset_backend.Tests/DbTestAppFactory.cs(257,0): at DataAssetBackend.Tests.DbTestAppFactory.DbTestDatabaseProvisioning.ThrowSkipWithReason(String reason)
[xUnit.net 00:00:00.28]         /home/kavia/workspace/code-generation/data-asset-management-system-332589/data_asset_backend.Tests/DbTestAppFactory.cs(226,0): at DataAssetBackend.Tests.DbTestAppFactory.DbTestDatabaseProvisioning.ProvisionAsync(ILogger logger)
[xUnit.net 00:00:00.28]         /home/kavia/workspace/code-generation/data-asset-management-system-332589/data_asset_backend.Tests/DbTestAppFactory.cs(99,0): at DataAssetBackend.Tests.DbTestAppFactory.InitializeAsync()
[xUnit.net 00:00:01.56]   Finished:    DataAssetBackend.Tests
</StdOut>
    </Output>
    <RunInfos>
      <RunInfo computerName="07f97ea746f4" outcome="Error" timestamp="2026-03-16T13:32:03.4706545+00:00">
        <Text>[xUnit.net 00:00:00.27]     DataAssetBackend.Tests.DbBackedUniquenessAndHierarchyIntegrityTests.Hierarchy_integrity_rejects_self_parent_and_cycles_400 [FAIL]</Text>
      </RunInfo>
      <RunInfo computerName="07f97ea746f4" outcome="Error" timestamp="2026-03-16T13:32:03.4711667+00:00">
        <Text>[xUnit.net 00:00:00.28]     DataAssetBackend.Tests.DbBackedCopyAndLineageTests.Copy_asset_creates_lineage_records_persisted_in_db [FAIL]</Text>
      </RunInfo>
      <RunInfo computerName="07f97ea746f4" outcome="Error" timestamp="2026-03-16T13:32:03.4712422+00:00">
        <Text>[xUnit.net 00:00:00.28]     DataAssetBackend.Tests.DbBackedCopyReplicationCorrectnessTests.Copy_asset_replicates_input_subtree_with_new_ids_and_preserves_source [FAIL]</Text>
      </RunInfo>
      <RunInfo computerName="07f97ea746f4" outcome="Error" timestamp="2026-03-16T13:32:03.4713512+00:00">
        <Text>[xUnit.net 00:00:00.28]     DataAssetBackend.Tests.DbBackedDependencySafeDeleteTests.Delete_asset_is_persistent_and_subsequent_get_returns_404 [FAIL]</Text>
      </RunInfo>
      <RunInfo computerName="07f97ea746f4" outcome="Error" timestamp="2026-03-16T13:32:03.4714274+00:00">
        <Text>[xUnit.net 00:00:00.28]     DataAssetBackend.Tests.DbBackedAssetLifecycleTests.Create_then_get_asset_roundtrips_through_database [FAIL]</Text>
      </RunInfo>
      <RunInfo computerName="07f97ea746f4" outcome="Error" timestamp="2026-03-16T13:32:03.4714938+00:00">
        <Text>[xUnit.net 00:00:00.28]     DataAssetBackend.Tests.DbBackedUniquenessAndHierarchyIntegrityTests.Create_asset_with_duplicate_permit_eu_id_returns_409 [FAIL]</Text>
      </RunInfo>
      <RunInfo computerName="07f97ea746f4" outcome="Error" timestamp="2026-03-16T13:32:03.4715800+00:00">
        <Text>[xUnit.net 00:00:00.28]     DataAssetBackend.Tests.DbBackedUniquenessAndHierarchyIntegrityTests.Update_asset_to_duplicate_permit_eu_id_returns_409 [FAIL]</Text>
      </RunInfo>
      <RunInfo computerName="07f97ea746f4" outcome="Error" timestamp="2026-03-16T13:32:03.4716500+00:00">
        <Text>[xUnit.net 00:00:00.28]     DataAssetBackend.Tests.DbBackedUniquenessAndHierarchyIntegrityTests.Reporting_attribute_mapping_duplicate_combination_for_same_asset_returns_400 [FAIL]</Text>
      </RunInfo>
    </RunInfos>
  </ResultSummary>
</TestRun>