<?xml version="1.0" encoding="utf-8"?>
<TestRun id="6769128d-13ab-4b1c-a603-e285d9bb2382" name="@07f97ea746f4 2026-03-16 13:06:51" xmlns="http://microsoft.com/schemas/VisualStudio/TeamTest/2010">
  <Times creation="2026-03-16T13:06:51.8779653+00:00" queuing="2026-03-16T13:06:51.8779654+00:00" start="2026-03-16T13:06:50.0957305+00:00" finish="2026-03-16T13:06:52.0286706+00:00" />
  <TestSettings name="default" id="046d9819-2d0f-465b-b980-cc17620e9b8d">
    <Deployment runDeploymentRoot="_07f97ea746f4_2026-03-16_13_06_51" />
  </TestSettings>
  <Results>
    <UnitTestResult executionId="b098b94d-427f-4020-9f3c-fb3f38b87283" testId="237d06d6-ce58-d8bb-59a4-3e7283936aea" testName="DataAssetBackend.Tests.DbBackedAssetLifecycleTests.Create_then_get_asset_roundtrips_through_database" computerName="07f97ea746f4" duration="00:00:00.0010000" startTime="2026-03-16T13:06:50.8121024+00:00" endTime="2026-03-16T13:06:50.8121025+00:00" testType="13cdc9d9-ddb5-4fa4-a97d-d965ccfc6d4b" outcome="Failed" testListId="8c84fa94-04c1-424b-9868-57a2d4851a1d" relativeResultsDirectory="b098b94d-427f-4020-9f3c-fb3f38b87283">
      <Output>
        <ErrorInfo>
          <Message>Skipping DB-backed tests: DATABASE_URL not set and Docker is not available (cannot start Testcontainers). Set DATABASE_URL to a Neon/managed Postgres URL to run DB-backed tests.</Message>
          <StackTrace>   at DataAssetBackend.Tests.DbTestAppFactory.DbTestDatabaseProvisioning.ThrowSkipWithReason(String reason) in /home/kavia/workspace/code-generation/data-asset-management-system-332589/data_asset_backend.Tests/DbTestAppFactory.cs:line 256
   at DataAssetBackend.Tests.DbTestAppFactory.DbTestDatabaseProvisioning.ProvisionAsync(ILogger logger) in /home/kavia/workspace/code-generation/data-asset-management-system-332589/data_asset_backend.Tests/DbTestAppFactory.cs:line 226
   at DataAssetBackend.Tests.DbTestAppFactory.InitializeAsync() in /home/kavia/workspace/code-generation/data-asset-management-system-332589/data_asset_backend.Tests/DbTestAppFactory.cs:line 99</StackTrace>
        </ErrorInfo>
      </Output>
    </UnitTestResult>
    <UnitTestResult executionId="2b1096c9-4cb2-477f-ae65-ca86e130341f" testId="c520d0c0-8b06-7c91-f0fa-2795e082a988" testName="DataAssetBackend.Tests.HealthAndValidationEndpointsTests.Healthz_returns_200_even_when_db_is_not_configured" computerName="07f97ea746f4" duration="00:00:00.0113356" startTime="2026-03-16T13:06:51.8612859+00:00" endTime="2026-03-16T13:06:51.8612860+00:00" testType="13cdc9d9-ddb5-4fa4-a97d-d965ccfc6d4b" outcome="Passed" testListId="8c84fa94-04c1-424b-9868-57a2d4851a1d" relativeResultsDirectory="2b1096c9-4cb2-477f-ae65-ca86e130341f" />
    <UnitTestResult executionId="abcfc1c9-a91f-4d59-851a-0fc6b9c81aad" testId="9d4cb019-7844-2091-6714-f88b3f12b597" testName="DataAssetBackend.Tests.AssetChildModuleValidationTests.Create_reporting_attribute_mapping_requires_required_fields_400" computerName="07f97ea746f4" duration="00:00:00.0081255" startTime="2026-03-16T13:06:51.8969138+00:00" endTime="2026-03-16T13:06:51.8969141+00:00" testType="13cdc9d9-ddb5-4fa4-a97d-d965ccfc6d4b" outcome="Passed" testListId="8c84fa94-04c1-424b-9868-57a2d4851a1d" relativeResultsDirectory="abcfc1c9-a91f-4d59-851a-0fc6b9c81aad" />
    <UnitTestResult executionId="b27b0f01-d2c5-45ef-93d1-46c9c7d35ee6" testId="beaa5798-299a-1dea-d285-4ec5c3b0ea8e" testName="DataAssetBackend.Tests.AssetChildModuleValidationTests.Create_throughput_equation_requires_required_fields_and_supports_aliases_400_when_missing" computerName="07f97ea746f4" duration="00:00:00.0065632" startTime="2026-03-16T13:06:51.9035901+00:00" endTime="2026-03-16T13:06:51.9035903+00:00" testType="13cdc9d9-ddb5-4fa4-a97d-d965ccfc6d4b" outcome="Passed" testListId="8c84fa94-04c1-424b-9868-57a2d4851a1d" relativeResultsDirectory="b27b0f01-d2c5-45ef-93d1-46c9c7d35ee6" />
    <UnitTestResult executionId="2ac10ec0-9185-4e4e-9ce4-83b3d2e7edb6" testId="3fb92784-9c93-8ae6-59fe-2a8500a73940" testName="DataAssetBackend.Tests.AssetChildModuleValidationTests.Create_status_log_requires_required_fields_400" computerName="07f97ea746f4" duration="00:00:00.0057086" startTime="2026-03-16T13:06:51.8886664+00:00" endTime="2026-03-16T13:06:51.8886665+00:00" testType="13cdc9d9-ddb5-4fa4-a97d-d965ccfc6d4b" outcome="Passed" testListId="8c84fa94-04c1-424b-9868-57a2d4851a1d" relativeResultsDirectory="2ac10ec0-9185-4e4e-9ce4-83b3d2e7edb6" />
    <UnitTestResult executionId="8bb7e694-b890-4e8a-bd3f-de5b54e7a8b0" testId="4a5d8b18-0ba2-1016-f32d-d5bd8e0d61c3" testName="DataAssetBackend.Tests.HealthAndValidationEndpointsTests.Root_health_returns_200" computerName="07f97ea746f4" duration="00:00:00.0022865" startTime="2026-03-16T13:06:51.8734985+00:00" endTime="2026-03-16T13:06:51.8734986+00:00" testType="13cdc9d9-ddb5-4fa4-a97d-d965ccfc6d4b" outcome="Passed" testListId="8c84fa94-04c1-424b-9868-57a2d4851a1d" relativeResultsDirectory="8bb7e694-b890-4e8a-bd3f-de5b54e7a8b0" />
    <UnitTestResult executionId="9f193743-5df6-4a15-84a9-3340784a38ab" testId="c53367c8-b6b8-1749-10c6-4933e3d207b7" testName="DataAssetBackend.Tests.AssetChildModuleValidationTests.Create_data_input_value_requires_reporting_year_and_period_400" computerName="07f97ea746f4" duration="00:00:00.0069421" startTime="2026-03-16T13:06:51.9106214+00:00" endTime="2026-03-16T13:06:51.9106215+00:00" testType="13cdc9d9-ddb5-4fa4-a97d-d965ccfc6d4b" outcome="Passed" testListId="8c84fa94-04c1-424b-9868-57a2d4851a1d" relativeResultsDirectory="9f193743-5df6-4a15-84a9-3340784a38ab" />
    <UnitTestResult executionId="4ab8f290-2b4a-40a8-8809-966b2927d057" testId="24c2c749-4fe1-f7f6-bfd5-1b2eea52ecdd" testName="DataAssetBackend.Tests.AssetChildModuleValidationTests.Create_input_parameter_requires_required_fields_400" computerName="07f97ea746f4" duration="00:00:00.0056661" startTime="2026-03-16T13:06:51.8764941+00:00" endTime="2026-03-16T13:06:51.8764942+00:00" testType="13cdc9d9-ddb5-4fa4-a97d-d965ccfc6d4b" outcome="Passed" testListId="8c84fa94-04c1-424b-9868-57a2d4851a1d" relativeResultsDirectory="4ab8f290-2b4a-40a8-8809-966b2927d057" />
    <UnitTestResult executionId="c1ebef82-4177-4628-a15b-18dd18ede44a" testId="6baa96e8-64cb-1c3a-b6a3-162fc2c29087" testName="DataAssetBackend.Tests.LegacyObservedEndpointsValidationTests.Legacy_manageSiteAssets_requires_mode" computerName="07f97ea746f4" duration="00:00:01.0952180" startTime="2026-03-16T13:06:51.8418673+00:00" endTime="2026-03-16T13:06:51.8418675+00:00" testType="13cdc9d9-ddb5-4fa4-a97d-d965ccfc6d4b" outcome="Passed" testListId="8c84fa94-04c1-424b-9868-57a2d4851a1d" relativeResultsDirectory="c1ebef82-4177-4628-a15b-18dd18ede44a" />
    <UnitTestResult executionId="ba962420-4405-4772-a331-7ea86c5cd614" testId="98b0ad11-8d94-7d90-fbc5-167912da7dea" testName="DataAssetBackend.Tests.AssetChildModuleValidationTests.Create_throughput_scalar_accepts_alias_scalarName_but_requires_one_of_scalarType_or_scalarName" computerName="07f97ea746f4" duration="00:00:00.0090312" startTime="2026-03-16T13:06:51.9197826+00:00" endTime="2026-03-16T13:06:51.9197828+00:00" testType="13cdc9d9-ddb5-4fa4-a97d-d965ccfc6d4b" outcome="Passed" testListId="8c84fa94-04c1-424b-9868-57a2d4851a1d" relativeResultsDirectory="ba962420-4405-4772-a331-7ea86c5cd614" />
    <UnitTestResult executionId="b3e759a5-82f3-4648-986c-bf72fbd5aff5" testId="7a9c4b03-80a8-bd92-b244-cff5843da02d" testName="DataAssetBackend.Tests.BrdValidationGapsTests.Create_data_input_value_rejects_blank_period_400" computerName="07f97ea746f4" duration="00:00:00.0072135" startTime="2026-03-16T13:06:51.8753210+00:00" endTime="2026-03-16T13:06:51.8753212+00:00" testType="13cdc9d9-ddb5-4fa4-a97d-d965ccfc6d4b" outcome="Passed" testListId="8c84fa94-04c1-424b-9868-57a2d4851a1d" relativeResultsDirectory="b3e759a5-82f3-4648-986c-bf72fbd5aff5" />
    <UnitTestResult executionId="74fe2359-6343-4976-9fb0-984303475a6c" testId="6b0209e4-7374-99cc-8fb5-33a0da1c6148" testName="DataAssetBackend.Tests.DbBackedUniquenessAndHierarchyIntegrityTests.Update_asset_to_duplicate_permit_eu_id_returns_409" computerName="07f97ea746f4" duration="00:00:00.0010000" startTime="2026-03-16T13:06:50.8136691+00:00" endTime="2026-03-16T13:06:50.8136692+00:00" testType="13cdc9d9-ddb5-4fa4-a97d-d965ccfc6d4b" outcome="Failed" testListId="8c84fa94-04c1-424b-9868-57a2d4851a1d" relativeResultsDirectory="74fe2359-6343-4976-9fb0-984303475a6c">
      <Output>
        <ErrorInfo>
          <Message>Skipping DB-backed tests: DATABASE_URL not set and Docker is not available (cannot start Testcontainers). Set DATABASE_URL to a Neon/managed Postgres URL to run DB-backed tests.</Message>
          <StackTrace>   at DataAssetBackend.Tests.DbTestAppFactory.DbTestDatabaseProvisioning.ThrowSkipWithReason(String reason) in /home/kavia/workspace/code-generation/data-asset-management-system-332589/data_asset_backend.Tests/DbTestAppFactory.cs:line 256
   at DataAssetBackend.Tests.DbTestAppFactory.DbTestDatabaseProvisioning.ProvisionAsync(ILogger logger) in /home/kavia/workspace/code-generation/data-asset-management-system-332589/data_asset_backend.Tests/DbTestAppFactory.cs:line 226
   at DataAssetBackend.Tests.DbTestAppFactory.InitializeAsync() in /home/kavia/workspace/code-generation/data-asset-management-system-332589/data_asset_backend.Tests/DbTestAppFactory.cs:line 99</StackTrace>
        </ErrorInfo>
      </Output>
    </UnitTestResult>
    <UnitTestResult executionId="16f66540-121d-46da-9bdf-5770194c4df5" testId="76622523-719f-35fb-d115-a60f5fe8c1b1" testName="DataAssetBackend.Tests.AssetChildModuleValidationTests.Create_control_device_mapping_requires_required_fields_400" computerName="07f97ea746f4" duration="00:00:00.0133569" startTime="2026-03-16T13:06:51.8706901+00:00" endTime="2026-03-16T13:06:51.8706909+00:00" testType="13cdc9d9-ddb5-4fa4-a97d-d965ccfc6d4b" outcome="Passed" testListId="8c84fa94-04c1-424b-9868-57a2d4851a1d" relativeResultsDirectory="16f66540-121d-46da-9bdf-5770194c4df5" />
    <UnitTestResult executionId="eac85e28-c617-4632-8059-aa59b7739550" testId="ecf258fe-1659-0c0a-f69b-95b2f22e4cf5" testName="DataAssetBackend.Tests.BrdValidationGapsTests.Create_ef_source_mapping_requires_reporting_program_400" computerName="07f97ea746f4" duration="00:00:01.0949324" startTime="2026-03-16T13:06:51.8417086+00:00" endTime="2026-03-16T13:06:51.8417090+00:00" testType="13cdc9d9-ddb5-4fa4-a97d-d965ccfc6d4b" outcome="Passed" testListId="8c84fa94-04c1-424b-9868-57a2d4851a1d" relativeResultsDirectory="eac85e28-c617-4632-8059-aa59b7739550" />
    <UnitTestResult executionId="4ba35972-2257-4d86-99fe-4e571d12be89" testId="fa76d406-c1b8-14ed-b381-8515091b3cb5" testName="DataAssetBackend.Tests.AssetChildModuleValidationTests.Create_asset_property_requires_required_fields_400" computerName="07f97ea746f4" duration="00:00:00.0062727" startTime="2026-03-16T13:06:51.8828696+00:00" endTime="2026-03-16T13:06:51.8828698+00:00" testType="13cdc9d9-ddb5-4fa4-a97d-d965ccfc6d4b" outcome="Passed" testListId="8c84fa94-04c1-424b-9868-57a2d4851a1d" relativeResultsDirectory="4ba35972-2257-4d86-99fe-4e571d12be89" />
    <UnitTestResult executionId="c9777c0d-3f28-4c52-a503-194444989903" testId="94a26727-50d9-7d1c-a956-8c447e7efed8" testName="DataAssetBackend.Tests.HealthAndValidationEndpointsTests.Validity_check_rejects_empty_value" computerName="07f97ea746f4" duration="00:00:00.0066107" startTime="2026-03-16T13:06:51.8583932+00:00" endTime="2026-03-16T13:06:51.8583933+00:00" testType="13cdc9d9-ddb5-4fa4-a97d-d965ccfc6d4b" outcome="Passed" testListId="8c84fa94-04c1-424b-9868-57a2d4851a1d" relativeResultsDirectory="c9777c0d-3f28-4c52-a503-194444989903" />
    <UnitTestResult executionId="f0408b44-6023-4aa0-99fc-b51b5912fe9e" testId="537b57b5-6c6c-38ff-523e-a20a1c20a18c" testName="DataAssetBackend.Tests.AssetChildModuleValidationTests.List_child_routes_are_mapped_and_not_404" computerName="07f97ea746f4" duration="00:00:00.0277694" startTime="2026-03-16T13:06:51.9476818+00:00" endTime="2026-03-16T13:06:51.9476821+00:00" testType="13cdc9d9-ddb5-4fa4-a97d-d965ccfc6d4b" outcome="Passed" testListId="8c84fa94-04c1-424b-9868-57a2d4851a1d" relativeResultsDirectory="f0408b44-6023-4aa0-99fc-b51b5912fe9e" />
    <UnitTestResult executionId="5b2c007f-311a-4e9c-8442-8ec8b8947492" testId="67a6dbbd-46a5-3114-dfd6-ab34d4cf5f3d" testName="DataAssetBackend.Tests.DbBackedUniquenessAndHierarchyIntegrityTests.Hierarchy_integrity_rejects_self_parent_and_cycles_400" computerName="07f97ea746f4" duration="00:00:00.0010000" startTime="2026-03-16T13:06:50.8071243+00:00" endTime="2026-03-16T13:06:50.8071592+00:00" testType="13cdc9d9-ddb5-4fa4-a97d-d965ccfc6d4b" outcome="Failed" testListId="8c84fa94-04c1-424b-9868-57a2d4851a1d" relativeResultsDirectory="5b2c007f-311a-4e9c-8442-8ec8b8947492">
      <Output>
        <ErrorInfo>
          <Message>Skipping DB-backed tests: DATABASE_URL not set and Docker is not available (cannot start Testcontainers). Set DATABASE_URL to a Neon/managed Postgres URL to run DB-backed tests.</Message>
          <StackTrace>   at DataAssetBackend.Tests.DbTestAppFactory.DbTestDatabaseProvisioning.ThrowSkipWithReason(String reason) in /home/kavia/workspace/code-generation/data-asset-management-system-332589/data_asset_backend.Tests/DbTestAppFactory.cs:line 256
   at DataAssetBackend.Tests.DbTestAppFactory.DbTestDatabaseProvisioning.ProvisionAsync(ILogger logger) in /home/kavia/workspace/code-generation/data-asset-management-system-332589/data_asset_backend.Tests/DbTestAppFactory.cs:line 226
   at DataAssetBackend.Tests.DbTestAppFactory.InitializeAsync() in /home/kavia/workspace/code-generation/data-asset-management-system-332589/data_asset_backend.Tests/DbTestAppFactory.cs:line 99</StackTrace>
        </ErrorInfo>
      </Output>
    </UnitTestResult>
    <UnitTestResult executionId="07ef2684-d2de-4c24-82dd-ab0a0b187c73" testId="9ec77f39-6c27-839c-cc22-34f449e1b22b" testName="DataAssetBackend.Tests.AssetChildModuleValidationTests.Create_additional_asset_id_requires_required_fields_400" computerName="07f97ea746f4" duration="00:00:00.0139889" startTime="2026-03-16T13:06:51.8590685+00:00" endTime="2026-03-16T13:06:51.8590686+00:00" testType="13cdc9d9-ddb5-4fa4-a97d-d965ccfc6d4b" outcome="Passed" testListId="8c84fa94-04c1-424b-9868-57a2d4851a1d" relativeResultsDirectory="07ef2684-d2de-4c24-82dd-ab0a0b187c73" />
    <UnitTestResult executionId="f1596178-0e86-4ebc-8b1f-01b097bfe68a" testId="4778574f-6af0-87b2-7664-55fe3572d973" testName="DataAssetBackend.Tests.LegacyObservedEndpointsValidationTests.Legacy_manageSiteAssets_update_requires_assetId_and_update_payload" computerName="07f97ea746f4" duration="00:00:00.0071522" startTime="2026-03-16T13:06:51.8643556+00:00" endTime="2026-03-16T13:06:51.8643558+00:00" testType="13cdc9d9-ddb5-4fa4-a97d-d965ccfc6d4b" outcome="Passed" testListId="8c84fa94-04c1-424b-9868-57a2d4851a1d" relativeResultsDirectory="f1596178-0e86-4ebc-8b1f-01b097bfe68a" />
    <UnitTestResult executionId="0f3c8e0c-2159-49c4-b4da-fa9759153d49" testId="c52f33bb-80e6-7dfc-c301-78017ebaf2c8" testName="DataAssetBackend.Tests.AssetCreateValidationTests.Create_asset_rejects_parentPseudoAssetId_when_requiresParentPseudo_is_false_with_validation_or_db_unavailable" computerName="07f97ea746f4" duration="00:00:00.0025519" startTime="2026-03-16T13:06:51.8800302+00:00" endTime="2026-03-16T13:06:51.8800304+00:00" testType="13cdc9d9-ddb5-4fa4-a97d-d965ccfc6d4b" outcome="Passed" testListId="8c84fa94-04c1-424b-9868-57a2d4851a1d" relativeResultsDirectory="0f3c8e0c-2159-49c4-b4da-fa9759153d49" />
    <UnitTestResult executionId="a5df8ae8-5e04-4d0d-9315-ec02bdff08fb" testId="d193f8e1-eb38-97c9-fb34-9652798c0088" testName="DataAssetBackend.Tests.DbBackedDependencySafeDeleteTests.Delete_asset_is_persistent_and_subsequent_get_returns_404" computerName="07f97ea746f4" duration="00:00:00.0010000" startTime="2026-03-16T13:06:50.8114459+00:00" endTime="2026-03-16T13:06:50.8114460+00:00" testType="13cdc9d9-ddb5-4fa4-a97d-d965ccfc6d4b" outcome="Failed" testListId="8c84fa94-04c1-424b-9868-57a2d4851a1d" relativeResultsDirectory="a5df8ae8-5e04-4d0d-9315-ec02bdff08fb">
      <Output>
        <ErrorInfo>
          <Message>Skipping DB-backed tests: DATABASE_URL not set and Docker is not available (cannot start Testcontainers). Set DATABASE_URL to a Neon/managed Postgres URL to run DB-backed tests.</Message>
          <StackTrace>   at DataAssetBackend.Tests.DbTestAppFactory.DbTestDatabaseProvisioning.ThrowSkipWithReason(String reason) in /home/kavia/workspace/code-generation/data-asset-management-system-332589/data_asset_backend.Tests/DbTestAppFactory.cs:line 256
   at DataAssetBackend.Tests.DbTestAppFactory.DbTestDatabaseProvisioning.ProvisionAsync(ILogger logger) in /home/kavia/workspace/code-generation/data-asset-management-system-332589/data_asset_backend.Tests/DbTestAppFactory.cs:line 226
   at DataAssetBackend.Tests.DbTestAppFactory.InitializeAsync() in /home/kavia/workspace/code-generation/data-asset-management-system-332589/data_asset_backend.Tests/DbTestAppFactory.cs:line 99</StackTrace>
        </ErrorInfo>
      </Output>
    </UnitTestResult>
    <UnitTestResult executionId="6af4146c-2ebf-4abb-8917-f01d00a51342" testId="1a33c5a9-9033-77a0-d83f-92f877b03a3c" testName="DataAssetBackend.Tests.DbBackedUniquenessAndHierarchyIntegrityTests.Create_asset_with_duplicate_permit_eu_id_returns_409" computerName="07f97ea746f4" duration="00:00:00.0010000" startTime="2026-03-16T13:06:50.8133725+00:00" endTime="2026-03-16T13:06:50.8133726+00:00" testType="13cdc9d9-ddb5-4fa4-a97d-d965ccfc6d4b" outcome="Failed" testListId="8c84fa94-04c1-424b-9868-57a2d4851a1d" relativeResultsDirectory="6af4146c-2ebf-4abb-8917-f01d00a51342">
      <Output>
        <ErrorInfo>
          <Message>Skipping DB-backed tests: DATABASE_URL not set and Docker is not available (cannot start Testcontainers). Set DATABASE_URL to a Neon/managed Postgres URL to run DB-backed tests.</Message>
          <StackTrace>   at DataAssetBackend.Tests.DbTestAppFactory.DbTestDatabaseProvisioning.ThrowSkipWithReason(String reason) in /home/kavia/workspace/code-generation/data-asset-management-system-332589/data_asset_backend.Tests/DbTestAppFactory.cs:line 256
   at DataAssetBackend.Tests.DbTestAppFactory.DbTestDatabaseProvisioning.ProvisionAsync(ILogger logger) in /home/kavia/workspace/code-generation/data-asset-management-system-332589/data_asset_backend.Tests/DbTestAppFactory.cs:line 226
   at DataAssetBackend.Tests.DbTestAppFactory.InitializeAsync() in /home/kavia/workspace/code-generation/data-asset-management-system-332589/data_asset_backend.Tests/DbTestAppFactory.cs:line 99</StackTrace>
        </ErrorInfo>
      </Output>
    </UnitTestResult>
    <UnitTestResult executionId="92b3b001-c43c-4054-88cb-dc30d3aa04ef" testId="3f488ea6-4a44-5a41-d5ae-5a900eb848fd" testName="DataAssetBackend.Tests.AssetCreateValidationTests.Create_asset_requires_requiresParentPseudo_field" computerName="07f97ea746f4" duration="00:00:01.0919130" startTime="2026-03-16T13:06:51.8579145+00:00" endTime="2026-03-16T13:06:51.8579146+00:00" testType="13cdc9d9-ddb5-4fa4-a97d-d965ccfc6d4b" outcome="Passed" testListId="8c84fa94-04c1-424b-9868-57a2d4851a1d" relativeResultsDirectory="92b3b001-c43c-4054-88cb-dc30d3aa04ef" />
    <UnitTestResult executionId="122709c7-3c82-47a3-a0f3-f12466788a03" testId="6739657e-e046-cc7f-f7f2-054f66f4616e" testName="DataAssetBackend.Tests.BrdValidationGapsTests.Create_parent_input_mapping_requires_parent_input_id_400" computerName="07f97ea746f4" duration="00:00:00.0084977" startTime="2026-03-16T13:06:51.8679760+00:00" endTime="2026-03-16T13:06:51.8679762+00:00" testType="13cdc9d9-ddb5-4fa4-a97d-d965ccfc6d4b" outcome="Passed" testListId="8c84fa94-04c1-424b-9868-57a2d4851a1d" relativeResultsDirectory="122709c7-3c82-47a3-a0f3-f12466788a03" />
    <UnitTestResult executionId="2bf8375b-5d06-4114-b591-c2e7460c5635" testId="98344893-0b44-4f54-d694-3a07bdac6449" testName="DataAssetBackend.Tests.AssetCreateValidationTests.Create_asset_requires_parentPseudoAssetId_when_requiresParentPseudo_is_true" computerName="07f97ea746f4" duration="00:00:00.0045346" startTime="2026-03-16T13:06:51.8773355+00:00" endTime="2026-03-16T13:06:51.8773356+00:00" testType="13cdc9d9-ddb5-4fa4-a97d-d965ccfc6d4b" outcome="Passed" testListId="8c84fa94-04c1-424b-9868-57a2d4851a1d" relativeResultsDirectory="2bf8375b-5d06-4114-b591-c2e7460c5635" />
    <UnitTestResult executionId="90ec4517-06ef-4302-886c-d05f742ec025" testId="92d69c0b-5cae-d6e5-220a-e33caf6957cb" testName="DataAssetBackend.Tests.HealthAndValidationEndpointsTests.Validity_check_accepts_simple_value" computerName="07f97ea746f4" duration="00:00:01.0887602" startTime="2026-03-16T13:06:51.8578381+00:00" endTime="2026-03-16T13:06:51.8578382+00:00" testType="13cdc9d9-ddb5-4fa4-a97d-d965ccfc6d4b" outcome="Passed" testListId="8c84fa94-04c1-424b-9868-57a2d4851a1d" relativeResultsDirectory="90ec4517-06ef-4302-886c-d05f742ec025" />
    <UnitTestResult executionId="6e5634ea-5bb9-4873-aa5d-0e7c8aa5f8a7" testId="9dc94cb5-9259-f153-7d0a-ad76274acc5d" testName="DataAssetBackend.Tests.AssetCreateValidationTests.Create_asset_requires_processGroupOtherText_when_processGroup_is_other" computerName="07f97ea746f4" duration="00:00:00.0140782" startTime="2026-03-16T13:06:51.8591350+00:00" endTime="2026-03-16T13:06:51.8591350+00:00" testType="13cdc9d9-ddb5-4fa4-a97d-d965ccfc6d4b" outcome="Passed" testListId="8c84fa94-04c1-424b-9868-57a2d4851a1d" relativeResultsDirectory="6e5634ea-5bb9-4873-aa5d-0e7c8aa5f8a7" />
    <UnitTestResult executionId="cd130089-da05-42ef-87b6-5520bbaa17eb" testId="7d424f24-4c6d-c882-e7a1-1fb5dfe04239" testName="DataAssetBackend.Tests.IdempotencyCopyAssetTests.CopyAsset_with_same_idempotency_key_returns_same_response_on_retry" computerName="07f97ea746f4" duration="00:00:01.1066711" startTime="2026-03-16T13:06:51.8584728+00:00" endTime="2026-03-16T13:06:51.8584729+00:00" testType="13cdc9d9-ddb5-4fa4-a97d-d965ccfc6d4b" outcome="Passed" testListId="8c84fa94-04c1-424b-9868-57a2d4851a1d" relativeResultsDirectory="cd130089-da05-42ef-87b6-5520bbaa17eb" />
    <UnitTestResult executionId="30f9e9c7-aa78-42f3-b25d-c00e250b8450" testId="c0b215c0-f14e-15fa-3a71-995492780862" testName="DataAssetBackend.Tests.DbBackedCopyReplicationCorrectnessTests.Copy_asset_replicates_input_subtree_with_new_ids_and_preserves_source" computerName="07f97ea746f4" duration="00:00:00.0010000" startTime="2026-03-16T13:06:50.8117365+00:00" endTime="2026-03-16T13:06:50.8117366+00:00" testType="13cdc9d9-ddb5-4fa4-a97d-d965ccfc6d4b" outcome="Failed" testListId="8c84fa94-04c1-424b-9868-57a2d4851a1d" relativeResultsDirectory="30f9e9c7-aa78-42f3-b25d-c00e250b8450">
      <Output>
        <ErrorInfo>
          <Message>Skipping DB-backed tests: DATABASE_URL not set and Docker is not available (cannot start Testcontainers). Set DATABASE_URL to a Neon/managed Postgres URL to run DB-backed tests.</Message>
          <StackTrace>   at DataAssetBackend.Tests.DbTestAppFactory.DbTestDatabaseProvisioning.ThrowSkipWithReason(String reason) in /home/kavia/workspace/code-generation/data-asset-management-system-332589/data_asset_backend.Tests/DbTestAppFactory.cs:line 256
   at DataAssetBackend.Tests.DbTestAppFactory.DbTestDatabaseProvisioning.ProvisionAsync(ILogger logger) in /home/kavia/workspace/code-generation/data-asset-management-system-332589/data_asset_backend.Tests/DbTestAppFactory.cs:line 226
   at DataAssetBackend.Tests.DbTestAppFactory.InitializeAsync() in /home/kavia/workspace/code-generation/data-asset-management-system-332589/data_asset_backend.Tests/DbTestAppFactory.cs:line 99</StackTrace>
        </ErrorInfo>
      </Output>
    </UnitTestResult>
    <UnitTestResult executionId="59e54a81-7647-4c9a-9d38-8b3edd65a6f7" testId="38880e80-b1c2-f05c-fb7e-469ae4e861ec" testName="DataAssetBackend.Tests.AssetCreateValidationTests.Create_asset_rejects_nonexistent_parentPseudoAssetId_with_validation_or_db_unavailable" computerName="07f97ea746f4" duration="00:00:00.0152257" startTime="2026-03-16T13:06:51.8726504+00:00" endTime="2026-03-16T13:06:51.8726505+00:00" testType="13cdc9d9-ddb5-4fa4-a97d-d965ccfc6d4b" outcome="Passed" testListId="8c84fa94-04c1-424b-9868-57a2d4851a1d" relativeResultsDirectory="59e54a81-7647-4c9a-9d38-8b3edd65a6f7" />
    <UnitTestResult executionId="2a5330d5-c72d-47bc-ad51-d51cef9bdfed" testId="b061f3bb-2690-dcdb-7561-0346ae7644fc" testName="DataAssetBackend.Tests.LegacyObservedEndpointsValidationTests.Legacy_removeSiteAsset_requires_required_fields" computerName="07f97ea746f4" duration="00:00:00.0138507" startTime="2026-03-16T13:06:51.8589754+00:00" endTime="2026-03-16T13:06:51.8589755+00:00" testType="13cdc9d9-ddb5-4fa4-a97d-d965ccfc6d4b" outcome="Passed" testListId="8c84fa94-04c1-424b-9868-57a2d4851a1d" relativeResultsDirectory="2a5330d5-c72d-47bc-ad51-d51cef9bdfed" />
    <UnitTestResult executionId="7b30f3d4-3daa-4648-b483-225edff676d2" testId="d48094bc-97b3-20af-92fb-dced6c0610d5" testName="DataAssetBackend.Tests.AssetChildModuleValidationTests.Create_input_parameter_when_in_use_requires_uom_and_reporting_program_400" computerName="07f97ea746f4" duration="00:00:01.0919652" startTime="2026-03-16T13:06:51.8578918+00:00" endTime="2026-03-16T13:06:51.8578918+00:00" testType="13cdc9d9-ddb5-4fa4-a97d-d965ccfc6d4b" outcome="Passed" testListId="8c84fa94-04c1-424b-9868-57a2d4851a1d" relativeResultsDirectory="7b30f3d4-3daa-4648-b483-225edff676d2" />
    <UnitTestResult executionId="bbc0627b-416a-486e-a3c6-6949bca2e3c6" testId="0f082f87-f679-866d-694f-0aa8abb4f7b8" testName="DataAssetBackend.Tests.DbBackedUniquenessAndHierarchyIntegrityTests.Reporting_attribute_mapping_duplicate_combination_for_same_asset_returns_400" computerName="07f97ea746f4" duration="00:00:00.0010000" startTime="2026-03-16T13:06:50.8139346+00:00" endTime="2026-03-16T13:06:50.8139347+00:00" testType="13cdc9d9-ddb5-4fa4-a97d-d965ccfc6d4b" outcome="Failed" testListId="8c84fa94-04c1-424b-9868-57a2d4851a1d" relativeResultsDirectory="bbc0627b-416a-486e-a3c6-6949bca2e3c6">
      <Output>
        <ErrorInfo>
          <Message>Skipping DB-backed tests: DATABASE_URL not set and Docker is not available (cannot start Testcontainers). Set DATABASE_URL to a Neon/managed Postgres URL to run DB-backed tests.</Message>
          <StackTrace>   at DataAssetBackend.Tests.DbTestAppFactory.DbTestDatabaseProvisioning.ThrowSkipWithReason(String reason) in /home/kavia/workspace/code-generation/data-asset-management-system-332589/data_asset_backend.Tests/DbTestAppFactory.cs:line 256
   at DataAssetBackend.Tests.DbTestAppFactory.DbTestDatabaseProvisioning.ProvisionAsync(ILogger logger) in /home/kavia/workspace/code-generation/data-asset-management-system-332589/data_asset_backend.Tests/DbTestAppFactory.cs:line 226
   at DataAssetBackend.Tests.DbTestAppFactory.InitializeAsync() in /home/kavia/workspace/code-generation/data-asset-management-system-332589/data_asset_backend.Tests/DbTestAppFactory.cs:line 99</StackTrace>
        </ErrorInfo>
      </Output>
    </UnitTestResult>
    <UnitTestResult executionId="8b68bbb4-943f-47c2-93d7-b2258153fb06" testId="26a45d4b-7e61-a62c-2541-cfdc595c8a9f" testName="DataAssetBackend.Tests.DbBackedCopyAndLineageTests.Copy_asset_creates_lineage_records_persisted_in_db" computerName="07f97ea746f4" duration="00:00:00.0010000" startTime="2026-03-16T13:06:50.8107176+00:00" endTime="2026-03-16T13:06:50.8107177+00:00" testType="13cdc9d9-ddb5-4fa4-a97d-d965ccfc6d4b" outcome="Failed" testListId="8c84fa94-04c1-424b-9868-57a2d4851a1d" relativeResultsDirectory="8b68bbb4-943f-47c2-93d7-b2258153fb06">
      <Output>
        <ErrorInfo>
          <Message>Skipping DB-backed tests: DATABASE_URL not set and Docker is not available (cannot start Testcontainers). Set DATABASE_URL to a Neon/managed Postgres URL to run DB-backed tests.</Message>
          <StackTrace>   at DataAssetBackend.Tests.DbTestAppFactory.DbTestDatabaseProvisioning.ThrowSkipWithReason(String reason) in /home/kavia/workspace/code-generation/data-asset-management-system-332589/data_asset_backend.Tests/DbTestAppFactory.cs:line 256
   at DataAssetBackend.Tests.DbTestAppFactory.DbTestDatabaseProvisioning.ProvisionAsync(ILogger logger) in /home/kavia/workspace/code-generation/data-asset-management-system-332589/data_asset_backend.Tests/DbTestAppFactory.cs:line 226
   at DataAssetBackend.Tests.DbTestAppFactory.InitializeAsync() in /home/kavia/workspace/code-generation/data-asset-management-system-332589/data_asset_backend.Tests/DbTestAppFactory.cs:line 99</StackTrace>
        </ErrorInfo>
      </Output>
    </UnitTestResult>
    <UnitTestResult executionId="58c0babb-c915-443e-900c-41aa437398ec" testId="bbe68020-3189-91ab-4371-bfb533633678" testName="DataAssetBackend.Tests.HealthAndValidationEndpointsTests.List_asset_properties_route_is_mapped_and_not_404" computerName="07f97ea746f4" duration="00:00:00.0096857" startTime="2026-03-16T13:06:51.8710942+00:00" endTime="2026-03-16T13:06:51.8710943+00:00" testType="13cdc9d9-ddb5-4fa4-a97d-d965ccfc6d4b" outcome="Passed" testListId="8c84fa94-04c1-424b-9868-57a2d4851a1d" relativeResultsDirectory="58c0babb-c915-443e-900c-41aa437398ec" />
    <UnitTestResult executionId="9754b7af-7633-41d5-8d67-8dcc54a155d0" testId="dffbce9d-3ea0-f386-83cf-5a448ea8d532" testName="DataAssetBackend.Tests.BrdValidationGapsTests.Create_status_log_rejects_end_date_before_start_date_400" computerName="07f97ea746f4" duration="00:00:00.0160882" startTime="2026-03-16T13:06:51.8593364+00:00" endTime="2026-03-16T13:06:51.8593365+00:00" testType="13cdc9d9-ddb5-4fa4-a97d-d965ccfc6d4b" outcome="Passed" testListId="8c84fa94-04c1-424b-9868-57a2d4851a1d" relativeResultsDirectory="9754b7af-7633-41d5-8d67-8dcc54a155d0" />
  </Results>
  <TestDefinitions>
    <UnitTest name="DataAssetBackend.Tests.DbBackedUniquenessAndHierarchyIntegrityTests.Reporting_attribute_mapping_duplicate_combination_for_same_asset_returns_400" storage="/home/kavia/workspace/code-generation/data-asset-management-system-332589/data_asset_backend.tests/bin/release/net8.0/dataassetbackend.tests.dll" id="0f082f87-f679-866d-694f-0aa8abb4f7b8">
      <Execution id="bbc0627b-416a-486e-a3c6-6949bca2e3c6" />
      <TestMethod codeBase="/home/kavia/workspace/code-generation/data-asset-management-system-332589/data_asset_backend.Tests/bin/Release/net8.0/DataAssetBackend.Tests.dll" adapterTypeName="executor://xunit/VsTestRunner2/netcoreapp" className="DataAssetBackend.Tests.DbBackedUniquenessAndHierarchyIntegrityTests" name="Reporting_attribute_mapping_duplicate_combination_for_same_asset_returns_400" />
    </UnitTest>
    <UnitTest name="DataAssetBackend.Tests.BrdValidationGapsTests.Create_data_input_value_rejects_blank_period_400" storage="/home/kavia/workspace/code-generation/data-asset-management-system-332589/data_asset_backend.tests/bin/release/net8.0/dataassetbackend.tests.dll" id="7a9c4b03-80a8-bd92-b244-cff5843da02d">
      <Execution id="b3e759a5-82f3-4648-986c-bf72fbd5aff5" />
      <TestMethod codeBase="/home/kavia/workspace/code-generation/data-asset-management-system-332589/data_asset_backend.Tests/bin/Release/net8.0/DataAssetBackend.Tests.dll" adapterTypeName="executor://xunit/VsTestRunner2/netcoreapp" className="DataAssetBackend.Tests.BrdValidationGapsTests" name="Create_data_input_value_rejects_blank_period_400" />
    </UnitTest>
    <UnitTest name="DataAssetBackend.Tests.AssetCreateValidationTests.Create_asset_requires_parentPseudoAssetId_when_requiresParentPseudo_is_true" storage="/home/kavia/workspace/code-generation/data-asset-management-system-332589/data_asset_backend.tests/bin/release/net8.0/dataassetbackend.tests.dll" id="98344893-0b44-4f54-d694-3a07bdac6449">
      <Execution id="2bf8375b-5d06-4114-b591-c2e7460c5635" />
      <TestMethod codeBase="/home/kavia/workspace/code-generation/data-asset-management-system-332589/data_asset_backend.Tests/bin/Release/net8.0/DataAssetBackend.Tests.dll" adapterTypeName="executor://xunit/VsTestRunner2/netcoreapp" className="DataAssetBackend.Tests.AssetCreateValidationTests" name="Create_asset_requires_parentPseudoAssetId_when_requiresParentPseudo_is_true" />
    </UnitTest>
    <UnitTest name="DataAssetBackend.Tests.AssetChildModuleValidationTests.Create_asset_property_requires_required_fields_400" storage="/home/kavia/workspace/code-generation/data-asset-management-system-332589/data_asset_backend.tests/bin/release/net8.0/dataassetbackend.tests.dll" id="fa76d406-c1b8-14ed-b381-8515091b3cb5">
      <Execution id="4ba35972-2257-4d86-99fe-4e571d12be89" />
      <TestMethod codeBase="/home/kavia/workspace/code-generation/data-asset-management-system-332589/data_asset_backend.Tests/bin/Release/net8.0/DataAssetBackend.Tests.dll" adapterTypeName="executor://xunit/VsTestRunner2/netcoreapp" className="DataAssetBackend.Tests.AssetChildModuleValidationTests" name="Create_asset_property_requires_required_fields_400" />
    </UnitTest>
    <UnitTest name="DataAssetBackend.Tests.HealthAndValidationEndpointsTests.Healthz_returns_200_even_when_db_is_not_configured" storage="/home/kavia/workspace/code-generation/data-asset-management-system-332589/data_asset_backend.tests/bin/release/net8.0/dataassetbackend.tests.dll" id="c520d0c0-8b06-7c91-f0fa-2795e082a988">
      <Execution id="2b1096c9-4cb2-477f-ae65-ca86e130341f" />
      <TestMethod codeBase="/home/kavia/workspace/code-generation/data-asset-management-system-332589/data_asset_backend.Tests/bin/Release/net8.0/DataAssetBackend.Tests.dll" adapterTypeName="executor://xunit/VsTestRunner2/netcoreapp" className="DataAssetBackend.Tests.HealthAndValidationEndpointsTests" name="Healthz_returns_200_even_when_db_is_not_configured" />
    </UnitTest>
    <UnitTest name="DataAssetBackend.Tests.AssetChildModuleValidationTests.Create_input_parameter_when_in_use_requires_uom_and_reporting_program_400" storage="/home/kavia/workspace/code-generation/data-asset-management-system-332589/data_asset_backend.tests/bin/release/net8.0/dataassetbackend.tests.dll" id="d48094bc-97b3-20af-92fb-dced6c0610d5">
      <Execution id="7b30f3d4-3daa-4648-b483-225edff676d2" />
      <TestMethod codeBase="/home/kavia/workspace/code-generation/data-asset-management-system-332589/data_asset_backend.Tests/bin/Release/net8.0/DataAssetBackend.Tests.dll" adapterTypeName="executor://xunit/VsTestRunner2/netcoreapp" className="DataAssetBackend.Tests.AssetChildModuleValidationTests" name="Create_input_parameter_when_in_use_requires_uom_and_reporting_program_400" />
    </UnitTest>
    <UnitTest name="DataAssetBackend.Tests.IdempotencyCopyAssetTests.CopyAsset_with_same_idempotency_key_returns_same_response_on_retry" storage="/home/kavia/workspace/code-generation/data-asset-management-system-332589/data_asset_backend.tests/bin/release/net8.0/dataassetbackend.tests.dll" id="7d424f24-4c6d-c882-e7a1-1fb5dfe04239">
      <Execution id="cd130089-da05-42ef-87b6-5520bbaa17eb" />
      <TestMethod codeBase="/home/kavia/workspace/code-generation/data-asset-management-system-332589/data_asset_backend.Tests/bin/Release/net8.0/DataAssetBackend.Tests.dll" adapterTypeName="executor://xunit/VsTestRunner2/netcoreapp" className="DataAssetBackend.Tests.IdempotencyCopyAssetTests" name="CopyAsset_with_same_idempotency_key_returns_same_response_on_retry" />
    </UnitTest>
    <UnitTest name="DataAssetBackend.Tests.BrdValidationGapsTests.Create_parent_input_mapping_requires_parent_input_id_400" storage="/home/kavia/workspace/code-generation/data-asset-management-system-332589/data_asset_backend.tests/bin/release/net8.0/dataassetbackend.tests.dll" id="6739657e-e046-cc7f-f7f2-054f66f4616e">
      <Execution id="122709c7-3c82-47a3-a0f3-f12466788a03" />
      <TestMethod codeBase="/home/kavia/workspace/code-generation/data-asset-management-system-332589/data_asset_backend.Tests/bin/Release/net8.0/DataAssetBackend.Tests.dll" adapterTypeName="executor://xunit/VsTestRunner2/netcoreapp" className="DataAssetBackend.Tests.BrdValidationGapsTests" name="Create_parent_input_mapping_requires_parent_input_id_400" />
    </UnitTest>
    <UnitTest name="DataAssetBackend.Tests.HealthAndValidationEndpointsTests.List_asset_properties_route_is_mapped_and_not_404" storage="/home/kavia/workspace/code-generation/data-asset-management-system-332589/data_asset_backend.tests/bin/release/net8.0/dataassetbackend.tests.dll" id="bbe68020-3189-91ab-4371-bfb533633678">
      <Execution id="58c0babb-c915-443e-900c-41aa437398ec" />
      <TestMethod codeBase="/home/kavia/workspace/code-generation/data-asset-management-system-332589/data_asset_backend.Tests/bin/Release/net8.0/DataAssetBackend.Tests.dll" adapterTypeName="executor://xunit/VsTestRunner2/netcoreapp" className="DataAssetBackend.Tests.HealthAndValidationEndpointsTests" name="List_asset_properties_route_is_mapped_and_not_404" />
    </UnitTest>
    <UnitTest name="DataAssetBackend.Tests.LegacyObservedEndpointsValidationTests.Legacy_manageSiteAssets_update_requires_assetId_and_update_payload" storage="/home/kavia/workspace/code-generation/data-asset-management-system-332589/data_asset_backend.tests/bin/release/net8.0/dataassetbackend.tests.dll" id="4778574f-6af0-87b2-7664-55fe3572d973">
      <Execution id="f1596178-0e86-4ebc-8b1f-01b097bfe68a" />
      <TestMethod codeBase="/home/kavia/workspace/code-generation/data-asset-management-system-332589/data_asset_backend.Tests/bin/Release/net8.0/DataAssetBackend.Tests.dll" adapterTypeName="executor://xunit/VsTestRunner2/netcoreapp" className="DataAssetBackend.Tests.LegacyObservedEndpointsValidationTests" name="Legacy_manageSiteAssets_update_requires_assetId_and_update_payload" />
    </UnitTest>
    <UnitTest name="DataAssetBackend.Tests.BrdValidationGapsTests.Create_ef_source_mapping_requires_reporting_program_400" storage="/home/kavia/workspace/code-generation/data-asset-management-system-332589/data_asset_backend.tests/bin/release/net8.0/dataassetbackend.tests.dll" id="ecf258fe-1659-0c0a-f69b-95b2f22e4cf5">
      <Execution id="eac85e28-c617-4632-8059-aa59b7739550" />
      <TestMethod codeBase="/home/kavia/workspace/code-generation/data-asset-management-system-332589/data_asset_backend.Tests/bin/Release/net8.0/DataAssetBackend.Tests.dll" adapterTypeName="executor://xunit/VsTestRunner2/netcoreapp" className="DataAssetBackend.Tests.BrdValidationGapsTests" name="Create_ef_source_mapping_requires_reporting_program_400" />
    </UnitTest>
    <UnitTest name="DataAssetBackend.Tests.AssetChildModuleValidationTests.Create_additional_asset_id_requires_required_fields_400" storage="/home/kavia/workspace/code-generation/data-asset-management-system-332589/data_asset_backend.tests/bin/release/net8.0/dataassetbackend.tests.dll" id="9ec77f39-6c27-839c-cc22-34f449e1b22b">
      <Execution id="07ef2684-d2de-4c24-82dd-ab0a0b187c73" />
      <TestMethod codeBase="/home/kavia/workspace/code-generation/data-asset-management-system-332589/data_asset_backend.Tests/bin/Release/net8.0/DataAssetBackend.Tests.dll" adapterTypeName="executor://xunit/VsTestRunner2/netcoreapp" className="DataAssetBackend.Tests.AssetChildModuleValidationTests" name="Create_additional_asset_id_requires_required_fields_400" />
    </UnitTest>
    <UnitTest name="DataAssetBackend.Tests.HealthAndValidationEndpointsTests.Validity_check_rejects_empty_value" storage="/home/kavia/workspace/code-generation/data-asset-management-system-332589/data_asset_backend.tests/bin/release/net8.0/dataassetbackend.tests.dll" id="94a26727-50d9-7d1c-a956-8c447e7efed8">
      <Execution id="c9777c0d-3f28-4c52-a503-194444989903" />
      <TestMethod codeBase="/home/kavia/workspace/code-generation/data-asset-management-system-332589/data_asset_backend.Tests/bin/Release/net8.0/DataAssetBackend.Tests.dll" adapterTypeName="executor://xunit/VsTestRunner2/netcoreapp" className="DataAssetBackend.Tests.HealthAndValidationEndpointsTests" name="Validity_check_rejects_empty_value" />
    </UnitTest>
    <UnitTest name="DataAssetBackend.Tests.DbBackedDependencySafeDeleteTests.Delete_asset_is_persistent_and_subsequent_get_returns_404" storage="/home/kavia/workspace/code-generation/data-asset-management-system-332589/data_asset_backend.tests/bin/release/net8.0/dataassetbackend.tests.dll" id="d193f8e1-eb38-97c9-fb34-9652798c0088">
      <Execution id="a5df8ae8-5e04-4d0d-9315-ec02bdff08fb" />
      <TestMethod codeBase="/home/kavia/workspace/code-generation/data-asset-management-system-332589/data_asset_backend.Tests/bin/Release/net8.0/DataAssetBackend.Tests.dll" adapterTypeName="executor://xunit/VsTestRunner2/netcoreapp" className="DataAssetBackend.Tests.DbBackedDependencySafeDeleteTests" name="Delete_asset_is_persistent_and_subsequent_get_returns_404" />
    </UnitTest>
    <UnitTest name="DataAssetBackend.Tests.AssetChildModuleValidationTests.Create_status_log_requires_required_fields_400" storage="/home/kavia/workspace/code-generation/data-asset-management-system-332589/data_asset_backend.tests/bin/release/net8.0/dataassetbackend.tests.dll" id="3fb92784-9c93-8ae6-59fe-2a8500a73940">
      <Execution id="2ac10ec0-9185-4e4e-9ce4-83b3d2e7edb6" />
      <TestMethod codeBase="/home/kavia/workspace/code-generation/data-asset-management-system-332589/data_asset_backend.Tests/bin/Release/net8.0/DataAssetBackend.Tests.dll" adapterTypeName="executor://xunit/VsTestRunner2/netcoreapp" className="DataAssetBackend.Tests.AssetChildModuleValidationTests" name="Create_status_log_requires_required_fields_400" />
    </UnitTest>
    <UnitTest name="DataAssetBackend.Tests.LegacyObservedEndpointsValidationTests.Legacy_removeSiteAsset_requires_required_fields" storage="/home/kavia/workspace/code-generation/data-asset-management-system-332589/data_asset_backend.tests/bin/release/net8.0/dataassetbackend.tests.dll" id="b061f3bb-2690-dcdb-7561-0346ae7644fc">
      <Execution id="2a5330d5-c72d-47bc-ad51-d51cef9bdfed" />
      <TestMethod codeBase="/home/kavia/workspace/code-generation/data-asset-management-system-332589/data_asset_backend.Tests/bin/Release/net8.0/DataAssetBackend.Tests.dll" adapterTypeName="executor://xunit/VsTestRunner2/netcoreapp" className="DataAssetBackend.Tests.LegacyObservedEndpointsValidationTests" name="Legacy_removeSiteAsset_requires_required_fields" />
    </UnitTest>
    <UnitTest name="DataAssetBackend.Tests.AssetChildModuleValidationTests.List_child_routes_are_mapped_and_not_404" storage="/home/kavia/workspace/code-generation/data-asset-management-system-332589/data_asset_backend.tests/bin/release/net8.0/dataassetbackend.tests.dll" id="537b57b5-6c6c-38ff-523e-a20a1c20a18c">
      <Execution id="f0408b44-6023-4aa0-99fc-b51b5912fe9e" />
      <TestMethod codeBase="/home/kavia/workspace/code-generation/data-asset-management-system-332589/data_asset_backend.Tests/bin/Release/net8.0/DataAssetBackend.Tests.dll" adapterTypeName="executor://xunit/VsTestRunner2/netcoreapp" className="DataAssetBackend.Tests.AssetChildModuleValidationTests" name="List_child_routes_are_mapped_and_not_404" />
    </UnitTest>
    <UnitTest name="DataAssetBackend.Tests.DbBackedUniquenessAndHierarchyIntegrityTests.Hierarchy_integrity_rejects_self_parent_and_cycles_400" storage="/home/kavia/workspace/code-generation/data-asset-management-system-332589/data_asset_backend.tests/bin/release/net8.0/dataassetbackend.tests.dll" id="67a6dbbd-46a5-3114-dfd6-ab34d4cf5f3d">
      <Execution id="5b2c007f-311a-4e9c-8442-8ec8b8947492" />
      <TestMethod codeBase="/home/kavia/workspace/code-generation/data-asset-management-system-332589/data_asset_backend.Tests/bin/Release/net8.0/DataAssetBackend.Tests.dll" adapterTypeName="executor://xunit/VsTestRunner2/netcoreapp" className="DataAssetBackend.Tests.DbBackedUniquenessAndHierarchyIntegrityTests" name="Hierarchy_integrity_rejects_self_parent_and_cycles_400" />
    </UnitTest>
    <UnitTest name="DataAssetBackend.Tests.AssetChildModuleValidationTests.Create_throughput_equation_requires_required_fields_and_supports_aliases_400_when_missing" storage="/home/kavia/workspace/code-generation/data-asset-management-system-332589/data_asset_backend.tests/bin/release/net8.0/dataassetbackend.tests.dll" id="beaa5798-299a-1dea-d285-4ec5c3b0ea8e">
      <Execution id="b27b0f01-d2c5-45ef-93d1-46c9c7d35ee6" />
      <TestMethod codeBase="/home/kavia/workspace/code-generation/data-asset-management-system-332589/data_asset_backend.Tests/bin/Release/net8.0/DataAssetBackend.Tests.dll" adapterTypeName="executor://xunit/VsTestRunner2/netcoreapp" className="DataAssetBackend.Tests.AssetChildModuleValidationTests" name="Create_throughput_equation_requires_required_fields_and_supports_aliases_400_when_missing" />
    </UnitTest>
    <UnitTest name="DataAssetBackend.Tests.DbBackedCopyReplicationCorrectnessTests.Copy_asset_replicates_input_subtree_with_new_ids_and_preserves_source" storage="/home/kavia/workspace/code-generation/data-asset-management-system-332589/data_asset_backend.tests/bin/release/net8.0/dataassetbackend.tests.dll" id="c0b215c0-f14e-15fa-3a71-995492780862">
      <Execution id="30f9e9c7-aa78-42f3-b25d-c00e250b8450" />
      <TestMethod codeBase="/home/kavia/workspace/code-generation/data-asset-management-system-332589/data_asset_backend.Tests/bin/Release/net8.0/DataAssetBackend.Tests.dll" adapterTypeName="executor://xunit/VsTestRunner2/netcoreapp" className="DataAssetBackend.Tests.DbBackedCopyReplicationCorrectnessTests" name="Copy_asset_replicates_input_subtree_with_new_ids_and_preserves_source" />
    </UnitTest>
    <UnitTest name="DataAssetBackend.Tests.AssetChildModuleValidationTests.Create_control_device_mapping_requires_required_fields_400" storage="/home/kavia/workspace/code-generation/data-asset-management-system-332589/data_asset_backend.tests/bin/release/net8.0/dataassetbackend.tests.dll" id="76622523-719f-35fb-d115-a60f5fe8c1b1">
      <Execution id="16f66540-121d-46da-9bdf-5770194c4df5" />
      <TestMethod codeBase="/home/kavia/workspace/code-generation/data-asset-management-system-332589/data_asset_backend.Tests/bin/Release/net8.0/DataAssetBackend.Tests.dll" adapterTypeName="executor://xunit/VsTestRunner2/netcoreapp" className="DataAssetBackend.Tests.AssetChildModuleValidationTests" name="Create_control_device_mapping_requires_required_fields_400" />
    </UnitTest>
    <UnitTest name="DataAssetBackend.Tests.DbBackedAssetLifecycleTests.Create_then_get_asset_roundtrips_through_database" storage="/home/kavia/workspace/code-generation/data-asset-management-system-332589/data_asset_backend.tests/bin/release/net8.0/dataassetbackend.tests.dll" id="237d06d6-ce58-d8bb-59a4-3e7283936aea">
      <Execution id="b098b94d-427f-4020-9f3c-fb3f38b87283" />
      <TestMethod codeBase="/home/kavia/workspace/code-generation/data-asset-management-system-332589/data_asset_backend.Tests/bin/Release/net8.0/DataAssetBackend.Tests.dll" adapterTypeName="executor://xunit/VsTestRunner2/netcoreapp" className="DataAssetBackend.Tests.DbBackedAssetLifecycleTests" name="Create_then_get_asset_roundtrips_through_database" />
    </UnitTest>
    <UnitTest name="DataAssetBackend.Tests.DbBackedUniquenessAndHierarchyIntegrityTests.Update_asset_to_duplicate_permit_eu_id_returns_409" storage="/home/kavia/workspace/code-generation/data-asset-management-system-332589/data_asset_backend.tests/bin/release/net8.0/dataassetbackend.tests.dll" id="6b0209e4-7374-99cc-8fb5-33a0da1c6148">
      <Execution id="74fe2359-6343-4976-9fb0-984303475a6c" />
      <TestMethod codeBase="/home/kavia/workspace/code-generation/data-asset-management-system-332589/data_asset_backend.Tests/bin/Release/net8.0/DataAssetBackend.Tests.dll" adapterTypeName="executor://xunit/VsTestRunner2/netcoreapp" className="DataAssetBackend.Tests.DbBackedUniquenessAndHierarchyIntegrityTests" name="Update_asset_to_duplicate_permit_eu_id_returns_409" />
    </UnitTest>
    <UnitTest name="DataAssetBackend.Tests.DbBackedUniquenessAndHierarchyIntegrityTests.Create_asset_with_duplicate_permit_eu_id_returns_409" storage="/home/kavia/workspace/code-generation/data-asset-management-system-332589/data_asset_backend.tests/bin/release/net8.0/dataassetbackend.tests.dll" id="1a33c5a9-9033-77a0-d83f-92f877b03a3c">
      <Execution id="6af4146c-2ebf-4abb-8917-f01d00a51342" />
      <TestMethod codeBase="/home/kavia/workspace/code-generation/data-asset-management-system-332589/data_asset_backend.Tests/bin/Release/net8.0/DataAssetBackend.Tests.dll" adapterTypeName="executor://xunit/VsTestRunner2/netcoreapp" className="DataAssetBackend.Tests.DbBackedUniquenessAndHierarchyIntegrityTests" name="Create_asset_with_duplicate_permit_eu_id_returns_409" />
    </UnitTest>
    <UnitTest name="DataAssetBackend.Tests.AssetChildModuleValidationTests.Create_input_parameter_requires_required_fields_400" storage="/home/kavia/workspace/code-generation/data-asset-management-system-332589/data_asset_backend.tests/bin/release/net8.0/dataassetbackend.tests.dll" id="24c2c749-4fe1-f7f6-bfd5-1b2eea52ecdd">
      <Execution id="4ab8f290-2b4a-40a8-8809-966b2927d057" />
      <TestMethod codeBase="/home/kavia/workspace/code-generation/data-asset-management-system-332589/data_asset_backend.Tests/bin/Release/net8.0/DataAssetBackend.Tests.dll" adapterTypeName="executor://xunit/VsTestRunner2/netcoreapp" className="DataAssetBackend.Tests.AssetChildModuleValidationTests" name="Create_input_parameter_requires_required_fields_400" />
    </UnitTest>
    <UnitTest name="DataAssetBackend.Tests.AssetChildModuleValidationTests.Create_reporting_attribute_mapping_requires_required_fields_400" storage="/home/kavia/workspace/code-generation/data-asset-management-system-332589/data_asset_backend.tests/bin/release/net8.0/dataassetbackend.tests.dll" id="9d4cb019-7844-2091-6714-f88b3f12b597">
      <Execution id="abcfc1c9-a91f-4d59-851a-0fc6b9c81aad" />
      <TestMethod codeBase="/home/kavia/workspace/code-generation/data-asset-management-system-332589/data_asset_backend.Tests/bin/Release/net8.0/DataAssetBackend.Tests.dll" adapterTypeName="executor://xunit/VsTestRunner2/netcoreapp" className="DataAssetBackend.Tests.AssetChildModuleValidationTests" name="Create_reporting_attribute_mapping_requires_required_fields_400" />
    </UnitTest>
    <UnitTest name="DataAssetBackend.Tests.AssetCreateValidationTests.Create_asset_rejects_parentPseudoAssetId_when_requiresParentPseudo_is_false_with_validation_or_db_unavailable" storage="/home/kavia/workspace/code-generation/data-asset-management-system-332589/data_asset_backend.tests/bin/release/net8.0/dataassetbackend.tests.dll" id="c52f33bb-80e6-7dfc-c301-78017ebaf2c8">
      <Execution id="0f3c8e0c-2159-49c4-b4da-fa9759153d49" />
      <TestMethod codeBase="/home/kavia/workspace/code-generation/data-asset-management-system-332589/data_asset_backend.Tests/bin/Release/net8.0/DataAssetBackend.Tests.dll" adapterTypeName="executor://xunit/VsTestRunner2/netcoreapp" className="DataAssetBackend.Tests.AssetCreateValidationTests" name="Create_asset_rejects_parentPseudoAssetId_when_requiresParentPseudo_is_false_with_validation_or_db_unavailable" />
    </UnitTest>
    <UnitTest name="DataAssetBackend.Tests.AssetChildModuleValidationTests.Create_data_input_value_requires_reporting_year_and_period_400" storage="/home/kavia/workspace/code-generation/data-asset-management-system-332589/data_asset_backend.tests/bin/release/net8.0/dataassetbackend.tests.dll" id="c53367c8-b6b8-1749-10c6-4933e3d207b7">
      <Execution id="9f193743-5df6-4a15-84a9-3340784a38ab" />
      <TestMethod codeBase="/home/kavia/workspace/code-generation/data-asset-management-system-332589/data_asset_backend.Tests/bin/Release/net8.0/DataAssetBackend.Tests.dll" adapterTypeName="executor://xunit/VsTestRunner2/netcoreapp" className="DataAssetBackend.Tests.AssetChildModuleValidationTests" name="Create_data_input_value_requires_reporting_year_and_period_400" />
    </UnitTest>
    <UnitTest name="DataAssetBackend.Tests.AssetChildModuleValidationTests.Create_throughput_scalar_accepts_alias_scalarName_but_requires_one_of_scalarType_or_scalarName" storage="/home/kavia/workspace/code-generation/data-asset-management-system-332589/data_asset_backend.tests/bin/release/net8.0/dataassetbackend.tests.dll" id="98b0ad11-8d94-7d90-fbc5-167912da7dea">
      <Execution id="ba962420-4405-4772-a331-7ea86c5cd614" />
      <TestMethod codeBase="/home/kavia/workspace/code-generation/data-asset-management-system-332589/data_asset_backend.Tests/bin/Release/net8.0/DataAssetBackend.Tests.dll" adapterTypeName="executor://xunit/VsTestRunner2/netcoreapp" className="DataAssetBackend.Tests.AssetChildModuleValidationTests" name="Create_throughput_scalar_accepts_alias_scalarName_but_requires_one_of_scalarType_or_scalarName" />
    </UnitTest>
    <UnitTest name="DataAssetBackend.Tests.LegacyObservedEndpointsValidationTests.Legacy_manageSiteAssets_requires_mode" storage="/home/kavia/workspace/code-generation/data-asset-management-system-332589/data_asset_backend.tests/bin/release/net8.0/dataassetbackend.tests.dll" id="6baa96e8-64cb-1c3a-b6a3-162fc2c29087">
      <Execution id="c1ebef82-4177-4628-a15b-18dd18ede44a" />
      <TestMethod codeBase="/home/kavia/workspace/code-generation/data-asset-management-system-332589/data_asset_backend.Tests/bin/Release/net8.0/DataAssetBackend.Tests.dll" adapterTypeName="executor://xunit/VsTestRunner2/netcoreapp" className="DataAssetBackend.Tests.LegacyObservedEndpointsValidationTests" name="Legacy_manageSiteAssets_requires_mode" />
    </UnitTest>
    <UnitTest name="DataAssetBackend.Tests.AssetCreateValidationTests.Create_asset_requires_requiresParentPseudo_field" storage="/home/kavia/workspace/code-generation/data-asset-management-system-332589/data_asset_backend.tests/bin/release/net8.0/dataassetbackend.tests.dll" id="3f488ea6-4a44-5a41-d5ae-5a900eb848fd">
      <Execution id="92b3b001-c43c-4054-88cb-dc30d3aa04ef" />
      <TestMethod codeBase="/home/kavia/workspace/code-generation/data-asset-management-system-332589/data_asset_backend.Tests/bin/Release/net8.0/DataAssetBackend.Tests.dll" adapterTypeName="executor://xunit/VsTestRunner2/netcoreapp" className="DataAssetBackend.Tests.AssetCreateValidationTests" name="Create_asset_requires_requiresParentPseudo_field" />
    </UnitTest>
    <UnitTest name="DataAssetBackend.Tests.HealthAndValidationEndpointsTests.Root_health_returns_200" storage="/home/kavia/workspace/code-generation/data-asset-management-system-332589/data_asset_backend.tests/bin/release/net8.0/dataassetbackend.tests.dll" id="4a5d8b18-0ba2-1016-f32d-d5bd8e0d61c3">
      <Execution id="8bb7e694-b890-4e8a-bd3f-de5b54e7a8b0" />
      <TestMethod codeBase="/home/kavia/workspace/code-generation/data-asset-management-system-332589/data_asset_backend.Tests/bin/Release/net8.0/DataAssetBackend.Tests.dll" adapterTypeName="executor://xunit/VsTestRunner2/netcoreapp" className="DataAssetBackend.Tests.HealthAndValidationEndpointsTests" name="Root_health_returns_200" />
    </UnitTest>
    <UnitTest name="DataAssetBackend.Tests.DbBackedCopyAndLineageTests.Copy_asset_creates_lineage_records_persisted_in_db" storage="/home/kavia/workspace/code-generation/data-asset-management-system-332589/data_asset_backend.tests/bin/release/net8.0/dataassetbackend.tests.dll" id="26a45d4b-7e61-a62c-2541-cfdc595c8a9f">
      <Execution id="8b68bbb4-943f-47c2-93d7-b2258153fb06" />
      <TestMethod codeBase="/home/kavia/workspace/code-generation/data-asset-management-system-332589/data_asset_backend.Tests/bin/Release/net8.0/DataAssetBackend.Tests.dll" adapterTypeName="executor://xunit/VsTestRunner2/netcoreapp" className="DataAssetBackend.Tests.DbBackedCopyAndLineageTests" name="Copy_asset_creates_lineage_records_persisted_in_db" />
    </UnitTest>
    <UnitTest name="DataAssetBackend.Tests.AssetCreateValidationTests.Create_asset_rejects_nonexistent_parentPseudoAssetId_with_validation_or_db_unavailable" storage="/home/kavia/workspace/code-generation/data-asset-management-system-332589/data_asset_backend.tests/bin/release/net8.0/dataassetbackend.tests.dll" id="38880e80-b1c2-f05c-fb7e-469ae4e861ec">
      <Execution id="59e54a81-7647-4c9a-9d38-8b3edd65a6f7" />
      <TestMethod codeBase="/home/kavia/workspace/code-generation/data-asset-management-system-332589/data_asset_backend.Tests/bin/Release/net8.0/DataAssetBackend.Tests.dll" adapterTypeName="executor://xunit/VsTestRunner2/netcoreapp" className="DataAssetBackend.Tests.AssetCreateValidationTests" name="Create_asset_rejects_nonexistent_parentPseudoAssetId_with_validation_or_db_unavailable" />
    </UnitTest>
    <UnitTest name="DataAssetBackend.Tests.HealthAndValidationEndpointsTests.Validity_check_accepts_simple_value" storage="/home/kavia/workspace/code-generation/data-asset-management-system-332589/data_asset_backend.tests/bin/release/net8.0/dataassetbackend.tests.dll" id="92d69c0b-5cae-d6e5-220a-e33caf6957cb">
      <Execution id="90ec4517-06ef-4302-886c-d05f742ec025" />
      <TestMethod codeBase="/home/kavia/workspace/code-generation/data-asset-management-system-332589/data_asset_backend.Tests/bin/Release/net8.0/DataAssetBackend.Tests.dll" adapterTypeName="executor://xunit/VsTestRunner2/netcoreapp" className="DataAssetBackend.Tests.HealthAndValidationEndpointsTests" name="Validity_check_accepts_simple_value" />
    </UnitTest>
    <UnitTest name="DataAssetBackend.Tests.BrdValidationGapsTests.Create_status_log_rejects_end_date_before_start_date_400" storage="/home/kavia/workspace/code-generation/data-asset-management-system-332589/data_asset_backend.tests/bin/release/net8.0/dataassetbackend.tests.dll" id="dffbce9d-3ea0-f386-83cf-5a448ea8d532">
      <Execution id="9754b7af-7633-41d5-8d67-8dcc54a155d0" />
      <TestMethod codeBase="/home/kavia/workspace/code-generation/data-asset-management-system-332589/data_asset_backend.Tests/bin/Release/net8.0/DataAssetBackend.Tests.dll" adapterTypeName="executor://xunit/VsTestRunner2/netcoreapp" className="DataAssetBackend.Tests.BrdValidationGapsTests" name="Create_status_log_rejects_end_date_before_start_date_400" />
    </UnitTest>
    <UnitTest name="DataAssetBackend.Tests.AssetCreateValidationTests.Create_asset_requires_processGroupOtherText_when_processGroup_is_other" storage="/home/kavia/workspace/code-generation/data-asset-management-system-332589/data_asset_backend.tests/bin/release/net8.0/dataassetbackend.tests.dll" id="9dc94cb5-9259-f153-7d0a-ad76274acc5d">
      <Execution id="6e5634ea-5bb9-4873-aa5d-0e7c8aa5f8a7" />
      <TestMethod codeBase="/home/kavia/workspace/code-generation/data-asset-management-system-332589/data_asset_backend.Tests/bin/Release/net8.0/DataAssetBackend.Tests.dll" adapterTypeName="executor://xunit/VsTestRunner2/netcoreapp" className="DataAssetBackend.Tests.AssetCreateValidationTests" name="Create_asset_requires_processGroupOtherText_when_processGroup_is_other" />
    </UnitTest>
  </TestDefinitions>
  <TestEntries>
    <TestEntry testId="237d06d6-ce58-d8bb-59a4-3e7283936aea" executionId="b098b94d-427f-4020-9f3c-fb3f38b87283" testListId="8c84fa94-04c1-424b-9868-57a2d4851a1d" />
    <TestEntry testId="c520d0c0-8b06-7c91-f0fa-2795e082a988" executionId="2b1096c9-4cb2-477f-ae65-ca86e130341f" testListId="8c84fa94-04c1-424b-9868-57a2d4851a1d" />
    <TestEntry testId="9d4cb019-7844-2091-6714-f88b3f12b597" executionId="abcfc1c9-a91f-4d59-851a-0fc6b9c81aad" testListId="8c84fa94-04c1-424b-9868-57a2d4851a1d" />
    <TestEntry testId="beaa5798-299a-1dea-d285-4ec5c3b0ea8e" executionId="b27b0f01-d2c5-45ef-93d1-46c9c7d35ee6" testListId="8c84fa94-04c1-424b-9868-57a2d4851a1d" />
    <TestEntry testId="3fb92784-9c93-8ae6-59fe-2a8500a73940" executionId="2ac10ec0-9185-4e4e-9ce4-83b3d2e7edb6" testListId="8c84fa94-04c1-424b-9868-57a2d4851a1d" />
    <TestEntry testId="4a5d8b18-0ba2-1016-f32d-d5bd8e0d61c3" executionId="8bb7e694-b890-4e8a-bd3f-de5b54e7a8b0" testListId="8c84fa94-04c1-424b-9868-57a2d4851a1d" />
    <TestEntry testId="c53367c8-b6b8-1749-10c6-4933e3d207b7" executionId="9f193743-5df6-4a15-84a9-3340784a38ab" testListId="8c84fa94-04c1-424b-9868-57a2d4851a1d" />
    <TestEntry testId="24c2c749-4fe1-f7f6-bfd5-1b2eea52ecdd" executionId="4ab8f290-2b4a-40a8-8809-966b2927d057" testListId="8c84fa94-04c1-424b-9868-57a2d4851a1d" />
    <TestEntry testId="6baa96e8-64cb-1c3a-b6a3-162fc2c29087" executionId="c1ebef82-4177-4628-a15b-18dd18ede44a" testListId="8c84fa94-04c1-424b-9868-57a2d4851a1d" />
    <TestEntry testId="98b0ad11-8d94-7d90-fbc5-167912da7dea" executionId="ba962420-4405-4772-a331-7ea86c5cd614" testListId="8c84fa94-04c1-424b-9868-57a2d4851a1d" />
    <TestEntry testId="7a9c4b03-80a8-bd92-b244-cff5843da02d" executionId="b3e759a5-82f3-4648-986c-bf72fbd5aff5" testListId="8c84fa94-04c1-424b-9868-57a2d4851a1d" />
    <TestEntry testId="6b0209e4-7374-99cc-8fb5-33a0da1c6148" executionId="74fe2359-6343-4976-9fb0-984303475a6c" testListId="8c84fa94-04c1-424b-9868-57a2d4851a1d" />
    <TestEntry testId="76622523-719f-35fb-d115-a60f5fe8c1b1" executionId="16f66540-121d-46da-9bdf-5770194c4df5" testListId="8c84fa94-04c1-424b-9868-57a2d4851a1d" />
    <TestEntry testId="ecf258fe-1659-0c0a-f69b-95b2f22e4cf5" executionId="eac85e28-c617-4632-8059-aa59b7739550" testListId="8c84fa94-04c1-424b-9868-57a2d4851a1d" />
    <TestEntry testId="fa76d406-c1b8-14ed-b381-8515091b3cb5" executionId="4ba35972-2257-4d86-99fe-4e571d12be89" testListId="8c84fa94-04c1-424b-9868-57a2d4851a1d" />
    <TestEntry testId="94a26727-50d9-7d1c-a956-8c447e7efed8" executionId="c9777c0d-3f28-4c52-a503-194444989903" testListId="8c84fa94-04c1-424b-9868-57a2d4851a1d" />
    <TestEntry testId="537b57b5-6c6c-38ff-523e-a20a1c20a18c" executionId="f0408b44-6023-4aa0-99fc-b51b5912fe9e" testListId="8c84fa94-04c1-424b-9868-57a2d4851a1d" />
    <TestEntry testId="67a6dbbd-46a5-3114-dfd6-ab34d4cf5f3d" executionId="5b2c007f-311a-4e9c-8442-8ec8b8947492" testListId="8c84fa94-04c1-424b-9868-57a2d4851a1d" />
    <TestEntry testId="9ec77f39-6c27-839c-cc22-34f449e1b22b" executionId="07ef2684-d2de-4c24-82dd-ab0a0b187c73" testListId="8c84fa94-04c1-424b-9868-57a2d4851a1d" />
    <TestEntry testId="4778574f-6af0-87b2-7664-55fe3572d973" executionId="f1596178-0e86-4ebc-8b1f-01b097bfe68a" testListId="8c84fa94-04c1-424b-9868-57a2d4851a1d" />
    <TestEntry testId="c52f33bb-80e6-7dfc-c301-78017ebaf2c8" executionId="0f3c8e0c-2159-49c4-b4da-fa9759153d49" testListId="8c84fa94-04c1-424b-9868-57a2d4851a1d" />
    <TestEntry testId="d193f8e1-eb38-97c9-fb34-9652798c0088" executionId="a5df8ae8-5e04-4d0d-9315-ec02bdff08fb" testListId="8c84fa94-04c1-424b-9868-57a2d4851a1d" />
    <TestEntry testId="1a33c5a9-9033-77a0-d83f-92f877b03a3c" executionId="6af4146c-2ebf-4abb-8917-f01d00a51342" testListId="8c84fa94-04c1-424b-9868-57a2d4851a1d" />
    <TestEntry testId="3f488ea6-4a44-5a41-d5ae-5a900eb848fd" executionId="92b3b001-c43c-4054-88cb-dc30d3aa04ef" testListId="8c84fa94-04c1-424b-9868-57a2d4851a1d" />
    <TestEntry testId="6739657e-e046-cc7f-f7f2-054f66f4616e" executionId="122709c7-3c82-47a3-a0f3-f12466788a03" testListId="8c84fa94-04c1-424b-9868-57a2d4851a1d" />
    <TestEntry testId="98344893-0b44-4f54-d694-3a07bdac6449" executionId="2bf8375b-5d06-4114-b591-c2e7460c5635" testListId="8c84fa94-04c1-424b-9868-57a2d4851a1d" />
    <TestEntry testId="92d69c0b-5cae-d6e5-220a-e33caf6957cb" executionId="90ec4517-06ef-4302-886c-d05f742ec025" testListId="8c84fa94-04c1-424b-9868-57a2d4851a1d" />
    <TestEntry testId="9dc94cb5-9259-f153-7d0a-ad76274acc5d" executionId="6e5634ea-5bb9-4873-aa5d-0e7c8aa5f8a7" testListId="8c84fa94-04c1-424b-9868-57a2d4851a1d" />
    <TestEntry testId="7d424f24-4c6d-c882-e7a1-1fb5dfe04239" executionId="cd130089-da05-42ef-87b6-5520bbaa17eb" testListId="8c84fa94-04c1-424b-9868-57a2d4851a1d" />
    <TestEntry testId="c0b215c0-f14e-15fa-3a71-995492780862" executionId="30f9e9c7-aa78-42f3-b25d-c00e250b8450" testListId="8c84fa94-04c1-424b-9868-57a2d4851a1d" />
    <TestEntry testId="38880e80-b1c2-f05c-fb7e-469ae4e861ec" executionId="59e54a81-7647-4c9a-9d38-8b3edd65a6f7" testListId="8c84fa94-04c1-424b-9868-57a2d4851a1d" />
    <TestEntry testId="b061f3bb-2690-dcdb-7561-0346ae7644fc" executionId="2a5330d5-c72d-47bc-ad51-d51cef9bdfed" testListId="8c84fa94-04c1-424b-9868-57a2d4851a1d" />
    <TestEntry testId="d48094bc-97b3-20af-92fb-dced6c0610d5" executionId="7b30f3d4-3daa-4648-b483-225edff676d2" testListId="8c84fa94-04c1-424b-9868-57a2d4851a1d" />
    <TestEntry testId="0f082f87-f679-866d-694f-0aa8abb4f7b8" executionId="bbc0627b-416a-486e-a3c6-6949bca2e3c6" testListId="8c84fa94-04c1-424b-9868-57a2d4851a1d" />
    <TestEntry testId="26a45d4b-7e61-a62c-2541-cfdc595c8a9f" executionId="8b68bbb4-943f-47c2-93d7-b2258153fb06" testListId="8c84fa94-04c1-424b-9868-57a2d4851a1d" />
    <TestEntry testId="bbe68020-3189-91ab-4371-bfb533633678" executionId="58c0babb-c915-443e-900c-41aa437398ec" testListId="8c84fa94-04c1-424b-9868-57a2d4851a1d" />
    <TestEntry testId="dffbce9d-3ea0-f386-83cf-5a448ea8d532" executionId="9754b7af-7633-41d5-8d67-8dcc54a155d0" testListId="8c84fa94-04c1-424b-9868-57a2d4851a1d" />
  </TestEntries>
  <TestLists>
    <TestList name="Results Not in a List" id="8c84fa94-04c1-424b-9868-57a2d4851a1d" />
    <TestList name="All Loaded Results" id="19431567-8539-422a-85d7-44ee4e166bda" />
  </TestLists>
  <ResultSummary outcome="Failed">
    <Counters total="37" executed="37" passed="29" failed="8" error="0" timeout="0" aborted="0" inconclusive="0" passedButRunAborted="0" notRunnable="0" notExecuted="0" disconnected="0" warning="0" completed="0" inProgress="0" pending="0" />
    <Output>
      <StdOut>[xUnit.net 00:00:00.00] xUnit.net VSTest Adapter v2.5.7+8f2703126a (64-bit .NET 8.0.22)
[xUnit.net 00:00:00.10]   Discovering: DataAssetBackend.Tests
[xUnit.net 00:00:00.15]   Discovered:  DataAssetBackend.Tests
[xUnit.net 00:00:00.15]   Starting:    DataAssetBackend.Tests
[xUnit.net 00:00:00.27]       Skipping DB-backed tests: DATABASE_URL not set and Docker is not available (cannot start Testcontainers). Set DATABASE_URL to a Neon/managed Postgres URL to run DB-backed tests.
[xUnit.net 00:00:00.27]       Stack Trace:
[xUnit.net 00:00:00.27]         /home/kavia/workspace/code-generation/data-asset-management-system-332589/data_asset_backend.Tests/DbTestAppFactory.cs(256,0): at DataAssetBackend.Tests.DbTestAppFactory.DbTestDatabaseProvisioning.ThrowSkipWithReason(String reason)
[xUnit.net 00:00:00.27]         /home/kavia/workspace/code-generation/data-asset-management-system-332589/data_asset_backend.Tests/DbTestAppFactory.cs(226,0): at DataAssetBackend.Tests.DbTestAppFactory.DbTestDatabaseProvisioning.ProvisionAsync(ILogger logger)
[xUnit.net 00:00:00.27]         /home/kavia/workspace/code-generation/data-asset-management-system-332589/data_asset_backend.Tests/DbTestAppFactory.cs(99,0): at DataAssetBackend.Tests.DbTestAppFactory.InitializeAsync()
[xUnit.net 00:00:00.28]       Skipping DB-backed tests: DATABASE_URL not set and Docker is not available (cannot start Testcontainers). Set DATABASE_URL to a Neon/managed Postgres URL to run DB-backed tests.
[xUnit.net 00:00:00.28]       Stack Trace:
[xUnit.net 00:00:00.28]         /home/kavia/workspace/code-generation/data-asset-management-system-332589/data_asset_backend.Tests/DbTestAppFactory.cs(256,0): at DataAssetBackend.Tests.DbTestAppFactory.DbTestDatabaseProvisioning.ThrowSkipWithReason(String reason)
[xUnit.net 00:00:00.28]         /home/kavia/workspace/code-generation/data-asset-management-system-332589/data_asset_backend.Tests/DbTestAppFactory.cs(226,0): at DataAssetBackend.Tests.DbTestAppFactory.DbTestDatabaseProvisioning.ProvisionAsync(ILogger logger)
[xUnit.net 00:00:00.28]         /home/kavia/workspace/code-generation/data-asset-management-system-332589/data_asset_backend.Tests/DbTestAppFactory.cs(99,0): at DataAssetBackend.Tests.DbTestAppFactory.InitializeAsync()
[xUnit.net 00:00:00.28]       Skipping DB-backed tests: DATABASE_URL not set and Docker is not available (cannot start Testcontainers). Set DATABASE_URL to a Neon/managed Postgres URL to run DB-backed tests.
[xUnit.net 00:00:00.28]       Stack Trace:
[xUnit.net 00:00:00.28]         /home/kavia/workspace/code-generation/data-asset-management-system-332589/data_asset_backend.Tests/DbTestAppFactory.cs(256,0): at DataAssetBackend.Tests.DbTestAppFactory.DbTestDatabaseProvisioning.ThrowSkipWithReason(String reason)
[xUnit.net 00:00:00.28]         /home/kavia/workspace/code-generation/data-asset-management-system-332589/data_asset_backend.Tests/DbTestAppFactory.cs(226,0): at DataAssetBackend.Tests.DbTestAppFactory.DbTestDatabaseProvisioning.ProvisionAsync(ILogger logger)
[xUnit.net 00:00:00.28]         /home/kavia/workspace/code-generation/data-asset-management-system-332589/data_asset_backend.Tests/DbTestAppFactory.cs(99,0): at DataAssetBackend.Tests.DbTestAppFactory.InitializeAsync()
[xUnit.net 00:00:00.28]       Skipping DB-backed tests: DATABASE_URL not set and Docker is not available (cannot start Testcontainers). Set DATABASE_URL to a Neon/managed Postgres URL to run DB-backed tests.
[xUnit.net 00:00:00.28]       Stack Trace:
[xUnit.net 00:00:00.28]         /home/kavia/workspace/code-generation/data-asset-management-system-332589/data_asset_backend.Tests/DbTestAppFactory.cs(256,0): at DataAssetBackend.Tests.DbTestAppFactory.DbTestDatabaseProvisioning.ThrowSkipWithReason(String reason)
[xUnit.net 00:00:00.28]         /home/kavia/workspace/code-generation/data-asset-management-system-332589/data_asset_backend.Tests/DbTestAppFactory.cs(226,0): at DataAssetBackend.Tests.DbTestAppFactory.DbTestDatabaseProvisioning.ProvisionAsync(ILogger logger)
[xUnit.net 00:00:00.28]         /home/kavia/workspace/code-generation/data-asset-management-system-332589/data_asset_backend.Tests/DbTestAppFactory.cs(99,0): at DataAssetBackend.Tests.DbTestAppFactory.InitializeAsync()
[xUnit.net 00:00:00.28]       Skipping DB-backed tests: DATABASE_URL not set and Docker is not available (cannot start Testcontainers). Set DATABASE_URL to a Neon/managed Postgres URL to run DB-backed tests.
[xUnit.net 00:00:00.28]       Stack Trace:
[xUnit.net 00:00:00.28]         /home/kavia/workspace/code-generation/data-asset-management-system-332589/data_asset_backend.Tests/DbTestAppFactory.cs(256,0): at DataAssetBackend.Tests.DbTestAppFactory.DbTestDatabaseProvisioning.ThrowSkipWithReason(String reason)
[xUnit.net 00:00:00.28]         /home/kavia/workspace/code-generation/data-asset-management-system-332589/data_asset_backend.Tests/DbTestAppFactory.cs(226,0): at DataAssetBackend.Tests.DbTestAppFactory.DbTestDatabaseProvisioning.ProvisionAsync(ILogger logger)
[xUnit.net 00:00:00.28]         /home/kavia/workspace/code-generation/data-asset-management-system-332589/data_asset_backend.Tests/DbTestAppFactory.cs(99,0): at DataAssetBackend.Tests.DbTestAppFactory.InitializeAsync()
[xUnit.net 00:00:00.28]       Skipping DB-backed tests: DATABASE_URL not set and Docker is not available (cannot start Testcontainers). Set DATABASE_URL to a Neon/managed Postgres URL to run DB-backed tests.
[xUnit.net 00:00:00.28]       Stack Trace:
[xUnit.net 00:00:00.28]         /home/kavia/workspace/code-generation/data-asset-management-system-332589/data_asset_backend.Tests/DbTestAppFactory.cs(256,0): at DataAssetBackend.Tests.DbTestAppFactory.DbTestDatabaseProvisioning.ThrowSkipWithReason(String reason)
[xUnit.net 00:00:00.28]         /home/kavia/workspace/code-generation/data-asset-management-system-332589/data_asset_backend.Tests/DbTestAppFactory.cs(226,0): at DataAssetBackend.Tests.DbTestAppFactory.DbTestDatabaseProvisioning.ProvisionAsync(ILogger logger)
[xUnit.net 00:00:00.28]         /home/kavia/workspace/code-generation/data-asset-management-system-332589/data_asset_backend.Tests/DbTestAppFactory.cs(99,0): at DataAssetBackend.Tests.DbTestAppFactory.InitializeAsync()
[xUnit.net 00:00:00.28]       Skipping DB-backed tests: DATABASE_URL not set and Docker is not available (cannot start Testcontainers). Set DATABASE_URL to a Neon/managed Postgres URL to run DB-backed tests.
[xUnit.net 00:00:00.28]       Stack Trace:
[xUnit.net 00:00:00.28]         /home/kavia/workspace/code-generation/data-asset-management-system-332589/data_asset_backend.Tests/DbTestAppFactory.cs(256,0): at DataAssetBackend.Tests.DbTestAppFactory.DbTestDatabaseProvisioning.ThrowSkipWithReason(String reason)
[xUnit.net 00:00:00.28]         /home/kavia/workspace/code-generation/data-asset-management-system-332589/data_asset_backend.Tests/DbTestAppFactory.cs(226,0): at DataAssetBackend.Tests.DbTestAppFactory.DbTestDatabaseProvisioning.ProvisionAsync(ILogger logger)
[xUnit.net 00:00:00.28]         /home/kavia/workspace/code-generation/data-asset-management-system-332589/data_asset_backend.Tests/DbTestAppFactory.cs(99,0): at DataAssetBackend.Tests.DbTestAppFactory.InitializeAsync()
[xUnit.net 00:00:00.28]       Skipping DB-backed tests: DATABASE_URL not set and Docker is not available (cannot start Testcontainers). Set DATABASE_URL to a Neon/managed Postgres URL to run DB-backed tests.
[xUnit.net 00:00:00.28]       Stack Trace:
[xUnit.net 00:00:00.28]         /home/kavia/workspace/code-generation/data-asset-management-system-332589/data_asset_backend.Tests/DbTestAppFactory.cs(256,0): at DataAssetBackend.Tests.DbTestAppFactory.DbTestDatabaseProvisioning.ThrowSkipWithReason(String reason)
[xUnit.net 00:00:00.28]         /home/kavia/workspace/code-generation/data-asset-management-system-332589/data_asset_backend.Tests/DbTestAppFactory.cs(226,0): at DataAssetBackend.Tests.DbTestAppFactory.DbTestDatabaseProvisioning.ProvisionAsync(ILogger logger)
[xUnit.net 00:00:00.28]         /home/kavia/workspace/code-generation/data-asset-management-system-332589/data_asset_backend.Tests/DbTestAppFactory.cs(99,0): at DataAssetBackend.Tests.DbTestAppFactory.InitializeAsync()
[xUnit.net 00:00:01.42]   Finished:    DataAssetBackend.Tests
</StdOut>
    </Output>
    <RunInfos>
      <RunInfo computerName="07f97ea746f4" outcome="Error" timestamp="2026-03-16T13:06:50.8173140+00:00">
        <Text>[xUnit.net 00:00:00.27]     DataAssetBackend.Tests.DbBackedUniquenessAndHierarchyIntegrityTests.Hierarchy_integrity_rejects_self_parent_and_cycles_400 [FAIL]</Text>
      </RunInfo>
      <RunInfo computerName="07f97ea746f4" outcome="Error" timestamp="2026-03-16T13:06:50.8193317+00:00">
        <Text>[xUnit.net 00:00:00.28]     DataAssetBackend.Tests.DbBackedCopyAndLineageTests.Copy_asset_creates_lineage_records_persisted_in_db [FAIL]</Text>
      </RunInfo>
      <RunInfo computerName="07f97ea746f4" outcome="Error" timestamp="2026-03-16T13:06:50.8193870+00:00">
        <Text>[xUnit.net 00:00:00.28]     DataAssetBackend.Tests.DbBackedDependencySafeDeleteTests.Delete_asset_is_persistent_and_subsequent_get_returns_404 [FAIL]</Text>
      </RunInfo>
      <RunInfo computerName="07f97ea746f4" outcome="Error" timestamp="2026-03-16T13:06:50.8194393+00:00">
        <Text>[xUnit.net 00:00:00.28]     DataAssetBackend.Tests.DbBackedCopyReplicationCorrectnessTests.Copy_asset_replicates_input_subtree_with_new_ids_and_preserves_source [FAIL]</Text>
      </RunInfo>
      <RunInfo computerName="07f97ea746f4" outcome="Error" timestamp="2026-03-16T13:06:50.8194880+00:00">
        <Text>[xUnit.net 00:00:00.28]     DataAssetBackend.Tests.DbBackedAssetLifecycleTests.Create_then_get_asset_roundtrips_through_database [FAIL]</Text>
      </RunInfo>
      <RunInfo computerName="07f97ea746f4" outcome="Error" timestamp="2026-03-16T13:06:50.8195329+00:00">
        <Text>[xUnit.net 00:00:00.28]     DataAssetBackend.Tests.DbBackedUniquenessAndHierarchyIntegrityTests.Create_asset_with_duplicate_permit_eu_id_returns_409 [FAIL]</Text>
      </RunInfo>
      <RunInfo computerName="07f97ea746f4" outcome="Error" timestamp="2026-03-16T13:06:50.8195908+00:00">
        <Text>[xUnit.net 00:00:00.28]     DataAssetBackend.Tests.DbBackedUniquenessAndHierarchyIntegrityTests.Update_asset_to_duplicate_permit_eu_id_returns_409 [FAIL]</Text>
      </RunInfo>
      <RunInfo computerName="07f97ea746f4" outcome="Error" timestamp="2026-03-16T13:06:50.8196345+00:00">
        <Text>[xUnit.net 00:00:00.28]     DataAssetBackend.Tests.DbBackedUniquenessAndHierarchyIntegrityTests.Reporting_attribute_mapping_duplicate_combination_for_same_asset_returns_400 [FAIL]</Text>
      </RunInfo>
    </RunInfos>
  </ResultSummary>
</TestRun>