<?xml version="1.0" encoding="utf-8"?>
<TestRun id="3d0311f8-1c2a-41ae-9788-6eb0e54d1e1c" name="@07f97ea746f4 2026-03-16 06:12:17" xmlns="http://microsoft.com/schemas/VisualStudio/TeamTest/2010">
  <Times creation="2026-03-16T06:12:17.3291682+00:00" queuing="2026-03-16T06:12:17.3291683+00:00" start="2026-03-16T06:12:15.3806369+00:00" finish="2026-03-16T06:12:17.4265883+00:00" />
  <TestSettings name="default" id="c8ce4b24-185c-4080-b1fb-202089067af5">
    <Deployment runDeploymentRoot="_07f97ea746f4_2026-03-16_06_12_17" />
  </TestSettings>
  <Results>
    <UnitTestResult executionId="e8b4b717-b940-45b3-8956-19bd5a457ae8" testId="3f488ea6-4a44-5a41-d5ae-5a900eb848fd" testName="DataAssetBackend.Tests.AssetCreateValidationTests.Create_asset_requires_requiresParentPseudo_field" computerName="07f97ea746f4" duration="00:00:01.1974272" startTime="2026-03-16T06:12:17.2432298+00:00" endTime="2026-03-16T06:12:17.2432931+00:00" testType="13cdc9d9-ddb5-4fa4-a97d-d965ccfc6d4b" outcome="Passed" testListId="8c84fa94-04c1-424b-9868-57a2d4851a1d" relativeResultsDirectory="e8b4b717-b940-45b3-8956-19bd5a457ae8" />
    <UnitTestResult executionId="776d3698-e4b7-4a57-9b4c-c1c5c2159aee" testId="92d69c0b-5cae-d6e5-220a-e33caf6957cb" testName="DataAssetBackend.Tests.HealthAndValidationEndpointsTests.Validity_check_accepts_simple_value" computerName="07f97ea746f4" duration="00:00:01.1945059" startTime="2026-03-16T06:12:17.2938377+00:00" endTime="2026-03-16T06:12:17.2938378+00:00" testType="13cdc9d9-ddb5-4fa4-a97d-d965ccfc6d4b" outcome="Passed" testListId="8c84fa94-04c1-424b-9868-57a2d4851a1d" relativeResultsDirectory="776d3698-e4b7-4a57-9b4c-c1c5c2159aee" />
    <UnitTestResult executionId="0c2f3e7c-a19d-4b88-9c8a-9c393ff963d1" testId="76622523-719f-35fb-d115-a60f5fe8c1b1" testName="DataAssetBackend.Tests.AssetChildModuleValidationTests.Create_control_device_mapping_requires_required_fields_400" computerName="07f97ea746f4" duration="00:00:00.0189062" startTime="2026-03-16T06:12:17.2995253+00:00" endTime="2026-03-16T06:12:17.2995254+00:00" testType="13cdc9d9-ddb5-4fa4-a97d-d965ccfc6d4b" outcome="Passed" testListId="8c84fa94-04c1-424b-9868-57a2d4851a1d" relativeResultsDirectory="0c2f3e7c-a19d-4b88-9c8a-9c393ff963d1" />
    <UnitTestResult executionId="e827329c-eb13-4ab2-9332-7d517243e0ce" testId="94a26727-50d9-7d1c-a956-8c447e7efed8" testName="DataAssetBackend.Tests.HealthAndValidationEndpointsTests.Validity_check_rejects_empty_value" computerName="07f97ea746f4" duration="00:00:00.0079174" startTime="2026-03-16T06:12:17.2962799+00:00" endTime="2026-03-16T06:12:17.2962800+00:00" testType="13cdc9d9-ddb5-4fa4-a97d-d965ccfc6d4b" outcome="Passed" testListId="8c84fa94-04c1-424b-9868-57a2d4851a1d" relativeResultsDirectory="e827329c-eb13-4ab2-9332-7d517243e0ce" />
    <UnitTestResult executionId="f4b98193-e62e-4e68-92a9-02ccd1aea696" testId="98b0ad11-8d94-7d90-fbc5-167912da7dea" testName="DataAssetBackend.Tests.AssetChildModuleValidationTests.Create_throughput_scalar_accepts_alias_scalarName_but_requires_one_of_scalarType_or_scalarName" computerName="07f97ea746f4" duration="00:00:00.0063724" startTime="2026-03-16T06:12:17.3220008+00:00" endTime="2026-03-16T06:12:17.3220009+00:00" testType="13cdc9d9-ddb5-4fa4-a97d-d965ccfc6d4b" outcome="Passed" testListId="8c84fa94-04c1-424b-9868-57a2d4851a1d" relativeResultsDirectory="f4b98193-e62e-4e68-92a9-02ccd1aea696" />
    <UnitTestResult executionId="e089b2cd-5a09-4ddd-8b64-4665196bab97" testId="9dc94cb5-9259-f153-7d0a-ad76274acc5d" testName="DataAssetBackend.Tests.AssetCreateValidationTests.Create_asset_requires_processGroupOtherText_when_processGroup_is_other" computerName="07f97ea746f4" duration="00:00:00.0151224" startTime="2026-03-16T06:12:17.2980150+00:00" endTime="2026-03-16T06:12:17.2980151+00:00" testType="13cdc9d9-ddb5-4fa4-a97d-d965ccfc6d4b" outcome="Passed" testListId="8c84fa94-04c1-424b-9868-57a2d4851a1d" relativeResultsDirectory="e089b2cd-5a09-4ddd-8b64-4665196bab97" />
    <UnitTestResult executionId="98b81123-fa4e-447c-8c1b-f6e240274d9b" testId="9d4cb019-7844-2091-6714-f88b3f12b597" testName="DataAssetBackend.Tests.AssetChildModuleValidationTests.Create_reporting_attribute_mapping_requires_required_fields_400" computerName="07f97ea746f4" duration="00:00:00.0060233" startTime="2026-03-16T06:12:17.3053485+00:00" endTime="2026-03-16T06:12:17.3053486+00:00" testType="13cdc9d9-ddb5-4fa4-a97d-d965ccfc6d4b" outcome="Passed" testListId="8c84fa94-04c1-424b-9868-57a2d4851a1d" relativeResultsDirectory="98b81123-fa4e-447c-8c1b-f6e240274d9b" />
    <UnitTestResult executionId="749b7cf7-c355-48a8-a311-bd42c14af171" testId="38880e80-b1c2-f05c-fb7e-469ae4e861ec" testName="DataAssetBackend.Tests.AssetCreateValidationTests.Create_asset_rejects_nonexistent_parentPseudoAssetId_with_validation_or_db_unavailable" computerName="07f97ea746f4" duration="00:00:00.0222488" startTime="2026-03-16T06:12:17.2997600+00:00" endTime="2026-03-16T06:12:17.2997601+00:00" testType="13cdc9d9-ddb5-4fa4-a97d-d965ccfc6d4b" outcome="Passed" testListId="8c84fa94-04c1-424b-9868-57a2d4851a1d" relativeResultsDirectory="749b7cf7-c355-48a8-a311-bd42c14af171" />
    <UnitTestResult executionId="cf180d11-ed0c-4b11-8bf8-c12c5d7700bc" testId="bbe68020-3189-91ab-4371-bfb533633678" testName="DataAssetBackend.Tests.HealthAndValidationEndpointsTests.List_asset_properties_route_is_mapped_and_not_404" computerName="07f97ea746f4" duration="00:00:00.0148754" startTime="2026-03-16T06:12:17.2995920+00:00" endTime="2026-03-16T06:12:17.2995927+00:00" testType="13cdc9d9-ddb5-4fa4-a97d-d965ccfc6d4b" outcome="Passed" testListId="8c84fa94-04c1-424b-9868-57a2d4851a1d" relativeResultsDirectory="cf180d11-ed0c-4b11-8bf8-c12c5d7700bc" />
    <UnitTestResult executionId="3e459a31-6c9a-46dc-bda7-f3e2c081cf92" testId="98344893-0b44-4f54-d694-3a07bdac6449" testName="DataAssetBackend.Tests.AssetCreateValidationTests.Create_asset_requires_parentPseudoAssetId_when_requiresParentPseudo_is_true" computerName="07f97ea746f4" duration="00:00:00.0052059" startTime="2026-03-16T06:12:17.3003159+00:00" endTime="2026-03-16T06:12:17.3003160+00:00" testType="13cdc9d9-ddb5-4fa4-a97d-d965ccfc6d4b" outcome="Passed" testListId="8c84fa94-04c1-424b-9868-57a2d4851a1d" relativeResultsDirectory="3e459a31-6c9a-46dc-bda7-f3e2c081cf92" />
    <UnitTestResult executionId="0fd258fb-3454-4a8d-a65f-a1fcb9d4e500" testId="6baa96e8-64cb-1c3a-b6a3-162fc2c29087" testName="DataAssetBackend.Tests.LegacyObservedEndpointsValidationTests.Legacy_manageSiteAssets_requires_mode" computerName="07f97ea746f4" duration="00:00:01.1928775" startTime="2026-03-16T06:12:17.2943063+00:00" endTime="2026-03-16T06:12:17.2943064+00:00" testType="13cdc9d9-ddb5-4fa4-a97d-d965ccfc6d4b" outcome="Passed" testListId="8c84fa94-04c1-424b-9868-57a2d4851a1d" relativeResultsDirectory="0fd258fb-3454-4a8d-a65f-a1fcb9d4e500" />
    <UnitTestResult executionId="d46e66d3-03d9-4796-abe4-54ecd788a2b2" testId="fa76d406-c1b8-14ed-b381-8515091b3cb5" testName="DataAssetBackend.Tests.AssetChildModuleValidationTests.Create_asset_property_requires_required_fields_400" computerName="07f97ea746f4" duration="00:00:00.0073445" startTime="2026-03-16T06:12:17.3004820+00:00" endTime="2026-03-16T06:12:17.3004820+00:00" testType="13cdc9d9-ddb5-4fa4-a97d-d965ccfc6d4b" outcome="Passed" testListId="8c84fa94-04c1-424b-9868-57a2d4851a1d" relativeResultsDirectory="d46e66d3-03d9-4796-abe4-54ecd788a2b2" />
    <UnitTestResult executionId="916a8353-8ac6-4f1e-8e38-5e03efd946bb" testId="537b57b5-6c6c-38ff-523e-a20a1c20a18c" testName="DataAssetBackend.Tests.AssetChildModuleValidationTests.List_child_routes_are_mapped_and_not_404" computerName="07f97ea746f4" duration="00:00:00.0257381" startTime="2026-03-16T06:12:17.3478507+00:00" endTime="2026-03-16T06:12:17.3478508+00:00" testType="13cdc9d9-ddb5-4fa4-a97d-d965ccfc6d4b" outcome="Passed" testListId="8c84fa94-04c1-424b-9868-57a2d4851a1d" relativeResultsDirectory="916a8353-8ac6-4f1e-8e38-5e03efd946bb" />
    <UnitTestResult executionId="35257c34-0ea1-4472-8b1b-50eb76d664ed" testId="7a9c4b03-80a8-bd92-b244-cff5843da02d" testName="DataAssetBackend.Tests.BrdValidationGapsTests.Create_data_input_value_rejects_blank_period_400" computerName="07f97ea746f4" duration="00:00:00.0088495" startTime="2026-03-16T06:12:17.3003882+00:00" endTime="2026-03-16T06:12:17.3003882+00:00" testType="13cdc9d9-ddb5-4fa4-a97d-d965ccfc6d4b" outcome="Passed" testListId="8c84fa94-04c1-424b-9868-57a2d4851a1d" relativeResultsDirectory="35257c34-0ea1-4472-8b1b-50eb76d664ed" />
    <UnitTestResult executionId="294f2267-947c-457c-a94d-30d874abeef6" testId="d48094bc-97b3-20af-92fb-dced6c0610d5" testName="DataAssetBackend.Tests.AssetChildModuleValidationTests.Create_input_parameter_when_in_use_requires_uom_and_reporting_program_400" computerName="07f97ea746f4" duration="00:00:01.1928589" startTime="2026-03-16T06:12:17.2469985+00:00" endTime="2026-03-16T06:12:17.2469986+00:00" testType="13cdc9d9-ddb5-4fa4-a97d-d965ccfc6d4b" outcome="Passed" testListId="8c84fa94-04c1-424b-9868-57a2d4851a1d" relativeResultsDirectory="294f2267-947c-457c-a94d-30d874abeef6" />
    <UnitTestResult executionId="b17e61b5-162f-41a3-ac43-c866775394e5" testId="6739657e-e046-cc7f-f7f2-054f66f4616e" testName="DataAssetBackend.Tests.BrdValidationGapsTests.Create_parent_input_mapping_requires_parent_input_id_400" computerName="07f97ea746f4" duration="00:00:00.0146255" startTime="2026-03-16T06:12:17.2996618+00:00" endTime="2026-03-16T06:12:17.2996619+00:00" testType="13cdc9d9-ddb5-4fa4-a97d-d965ccfc6d4b" outcome="Passed" testListId="8c84fa94-04c1-424b-9868-57a2d4851a1d" relativeResultsDirectory="b17e61b5-162f-41a3-ac43-c866775394e5" />
    <UnitTestResult executionId="ad31888d-7794-4c12-93ec-320ae2d589da" testId="9ec77f39-6c27-839c-cc22-34f449e1b22b" testName="DataAssetBackend.Tests.AssetChildModuleValidationTests.Create_additional_asset_id_requires_required_fields_400" computerName="07f97ea746f4" duration="00:00:00.0152468" startTime="2026-03-16T06:12:17.2980971+00:00" endTime="2026-03-16T06:12:17.2980971+00:00" testType="13cdc9d9-ddb5-4fa4-a97d-d965ccfc6d4b" outcome="Passed" testListId="8c84fa94-04c1-424b-9868-57a2d4851a1d" relativeResultsDirectory="ad31888d-7794-4c12-93ec-320ae2d589da" />
    <UnitTestResult executionId="02b4ecc3-fbe7-4d0b-bf84-e8abd42b4e59" testId="c520d0c0-8b06-7c91-f0fa-2795e082a988" testName="DataAssetBackend.Tests.HealthAndValidationEndpointsTests.Healthz_returns_200_even_when_db_is_not_configured" computerName="07f97ea746f4" duration="00:00:00.0115656" startTime="2026-03-16T06:12:17.2983092+00:00" endTime="2026-03-16T06:12:17.2983093+00:00" testType="13cdc9d9-ddb5-4fa4-a97d-d965ccfc6d4b" outcome="Passed" testListId="8c84fa94-04c1-424b-9868-57a2d4851a1d" relativeResultsDirectory="02b4ecc3-fbe7-4d0b-bf84-e8abd42b4e59" />
    <UnitTestResult executionId="133fd682-382c-43f2-8612-c4b0bf445521" testId="7d424f24-4c6d-c882-e7a1-1fb5dfe04239" testName="DataAssetBackend.Tests.IdempotencyCopyAssetTests.CopyAsset_with_same_idempotency_key_returns_same_response_on_retry" computerName="07f97ea746f4" duration="00:00:01.1989977" startTime="2026-03-16T06:12:17.2944216+00:00" endTime="2026-03-16T06:12:17.2944217+00:00" testType="13cdc9d9-ddb5-4fa4-a97d-d965ccfc6d4b" outcome="Passed" testListId="8c84fa94-04c1-424b-9868-57a2d4851a1d" relativeResultsDirectory="133fd682-382c-43f2-8612-c4b0bf445521" />
    <UnitTestResult executionId="9da77014-912f-448a-a3c5-6b85626c48ad" testId="3fb92784-9c93-8ae6-59fe-2a8500a73940" testName="DataAssetBackend.Tests.AssetChildModuleValidationTests.Create_status_log_requires_required_fields_400" computerName="07f97ea746f4" duration="00:00:00.0046956" startTime="2026-03-16T06:12:17.3005467+00:00" endTime="2026-03-16T06:12:17.3005468+00:00" testType="13cdc9d9-ddb5-4fa4-a97d-d965ccfc6d4b" outcome="Passed" testListId="8c84fa94-04c1-424b-9868-57a2d4851a1d" relativeResultsDirectory="9da77014-912f-448a-a3c5-6b85626c48ad" />
    <UnitTestResult executionId="9d327f9f-69e4-4230-b9c8-68a304220b2a" testId="beaa5798-299a-1dea-d285-4ec5c3b0ea8e" testName="DataAssetBackend.Tests.AssetChildModuleValidationTests.Create_throughput_equation_requires_required_fields_and_supports_aliases_400_when_missing" computerName="07f97ea746f4" duration="00:00:00.0047580" startTime="2026-03-16T06:12:17.3102211+00:00" endTime="2026-03-16T06:12:17.3102211+00:00" testType="13cdc9d9-ddb5-4fa4-a97d-d965ccfc6d4b" outcome="Passed" testListId="8c84fa94-04c1-424b-9868-57a2d4851a1d" relativeResultsDirectory="9d327f9f-69e4-4230-b9c8-68a304220b2a" />
    <UnitTestResult executionId="4640bfb4-5870-4813-84eb-93a9b3483f25" testId="b061f3bb-2690-dcdb-7561-0346ae7644fc" testName="DataAssetBackend.Tests.LegacyObservedEndpointsValidationTests.Legacy_removeSiteAsset_requires_required_fields" computerName="07f97ea746f4" duration="00:00:00.0170417" startTime="2026-03-16T06:12:17.2981868+00:00" endTime="2026-03-16T06:12:17.2981869+00:00" testType="13cdc9d9-ddb5-4fa4-a97d-d965ccfc6d4b" outcome="Passed" testListId="8c84fa94-04c1-424b-9868-57a2d4851a1d" relativeResultsDirectory="4640bfb4-5870-4813-84eb-93a9b3483f25" />
    <UnitTestResult executionId="ac6e5616-d43a-4736-b89e-5acf633e19c8" testId="24c2c749-4fe1-f7f6-bfd5-1b2eea52ecdd" testName="DataAssetBackend.Tests.AssetChildModuleValidationTests.Create_input_parameter_requires_required_fields_400" computerName="07f97ea746f4" duration="00:00:00.0072206" startTime="2026-03-16T06:12:17.2998376+00:00" endTime="2026-03-16T06:12:17.2998376+00:00" testType="13cdc9d9-ddb5-4fa4-a97d-d965ccfc6d4b" outcome="Passed" testListId="8c84fa94-04c1-424b-9868-57a2d4851a1d" relativeResultsDirectory="ac6e5616-d43a-4736-b89e-5acf633e19c8" />
    <UnitTestResult executionId="4ebac89a-a23c-4049-9714-7806d932d6ec" testId="c53367c8-b6b8-1749-10c6-4933e3d207b7" testName="DataAssetBackend.Tests.AssetChildModuleValidationTests.Create_data_input_value_requires_reporting_year_and_period_400" computerName="07f97ea746f4" duration="00:00:00.0052149" startTime="2026-03-16T06:12:17.3155278+00:00" endTime="2026-03-16T06:12:17.3155279+00:00" testType="13cdc9d9-ddb5-4fa4-a97d-d965ccfc6d4b" outcome="Passed" testListId="8c84fa94-04c1-424b-9868-57a2d4851a1d" relativeResultsDirectory="4ebac89a-a23c-4049-9714-7806d932d6ec" />
    <UnitTestResult executionId="6e6cc418-b86f-4e90-925d-3da18f46b71c" testId="4778574f-6af0-87b2-7664-55fe3572d973" testName="DataAssetBackend.Tests.LegacyObservedEndpointsValidationTests.Legacy_manageSiteAssets_update_requires_assetId_and_update_payload" computerName="07f97ea746f4" duration="00:00:00.0139612" startTime="2026-03-16T06:12:17.2994708+00:00" endTime="2026-03-16T06:12:17.2994708+00:00" testType="13cdc9d9-ddb5-4fa4-a97d-d965ccfc6d4b" outcome="Passed" testListId="8c84fa94-04c1-424b-9868-57a2d4851a1d" relativeResultsDirectory="6e6cc418-b86f-4e90-925d-3da18f46b71c" />
    <UnitTestResult executionId="ac98b19e-414f-4618-954b-1f4d3a120d7a" testId="4a5d8b18-0ba2-1016-f32d-d5bd8e0d61c3" testName="DataAssetBackend.Tests.HealthAndValidationEndpointsTests.Root_health_returns_200" computerName="07f97ea746f4" duration="00:00:00.0027356" startTime="2026-03-16T06:12:17.2997276+00:00" endTime="2026-03-16T06:12:17.2997277+00:00" testType="13cdc9d9-ddb5-4fa4-a97d-d965ccfc6d4b" outcome="Passed" testListId="8c84fa94-04c1-424b-9868-57a2d4851a1d" relativeResultsDirectory="ac98b19e-414f-4618-954b-1f4d3a120d7a" />
    <UnitTestResult executionId="1aaa681e-b22a-489a-bcca-6cd6cf1b9ed0" testId="c52f33bb-80e6-7dfc-c301-78017ebaf2c8" testName="DataAssetBackend.Tests.AssetCreateValidationTests.Create_asset_rejects_parentPseudoAssetId_when_requiresParentPseudo_is_false_with_validation_or_db_unavailable" computerName="07f97ea746f4" duration="00:00:00.0023164" startTime="2026-03-16T06:12:17.3004362+00:00" endTime="2026-03-16T06:12:17.3004363+00:00" testType="13cdc9d9-ddb5-4fa4-a97d-d965ccfc6d4b" outcome="Passed" testListId="8c84fa94-04c1-424b-9868-57a2d4851a1d" relativeResultsDirectory="1aaa681e-b22a-489a-bcca-6cd6cf1b9ed0" />
    <UnitTestResult executionId="2117b5d7-3e93-4427-bdbf-1c774e59c7ce" testId="dffbce9d-3ea0-f386-83cf-5a448ea8d532" testName="DataAssetBackend.Tests.BrdValidationGapsTests.Create_status_log_rejects_end_date_before_start_date_400" computerName="07f97ea746f4" duration="00:00:00.0200710" startTime="2026-03-16T06:12:17.2983840+00:00" endTime="2026-03-16T06:12:17.2983841+00:00" testType="13cdc9d9-ddb5-4fa4-a97d-d965ccfc6d4b" outcome="Passed" testListId="8c84fa94-04c1-424b-9868-57a2d4851a1d" relativeResultsDirectory="2117b5d7-3e93-4427-bdbf-1c774e59c7ce" />
    <UnitTestResult executionId="521fce8e-9d45-4b1d-b4b9-6b6e9965eec9" testId="ecf258fe-1659-0c0a-f69b-95b2f22e4cf5" testName="DataAssetBackend.Tests.BrdValidationGapsTests.Create_ef_source_mapping_requires_reporting_program_400" computerName="07f97ea746f4" duration="00:00:01.1974413" startTime="2026-03-16T06:12:17.2942710+00:00" endTime="2026-03-16T06:12:17.2942712+00:00" testType="13cdc9d9-ddb5-4fa4-a97d-d965ccfc6d4b" outcome="Passed" testListId="8c84fa94-04c1-424b-9868-57a2d4851a1d" relativeResultsDirectory="521fce8e-9d45-4b1d-b4b9-6b6e9965eec9" />
  </Results>
  <TestDefinitions>
    <UnitTest name="DataAssetBackend.Tests.AssetChildModuleValidationTests.Create_reporting_attribute_mapping_requires_required_fields_400" storage="/home/kavia/workspace/code-generation/data-asset-management-system-332589/data_asset_backend.tests/bin/release/net8.0/dataassetbackend.tests.dll" id="9d4cb019-7844-2091-6714-f88b3f12b597">
      <Execution id="98b81123-fa4e-447c-8c1b-f6e240274d9b" />
      <TestMethod codeBase="/home/kavia/workspace/code-generation/data-asset-management-system-332589/data_asset_backend.Tests/bin/Release/net8.0/DataAssetBackend.Tests.dll" adapterTypeName="executor://xunit/VsTestRunner2/netcoreapp" className="DataAssetBackend.Tests.AssetChildModuleValidationTests" name="Create_reporting_attribute_mapping_requires_required_fields_400" />
    </UnitTest>
    <UnitTest name="DataAssetBackend.Tests.LegacyObservedEndpointsValidationTests.Legacy_manageSiteAssets_requires_mode" storage="/home/kavia/workspace/code-generation/data-asset-management-system-332589/data_asset_backend.tests/bin/release/net8.0/dataassetbackend.tests.dll" id="6baa96e8-64cb-1c3a-b6a3-162fc2c29087">
      <Execution id="0fd258fb-3454-4a8d-a65f-a1fcb9d4e500" />
      <TestMethod codeBase="/home/kavia/workspace/code-generation/data-asset-management-system-332589/data_asset_backend.Tests/bin/Release/net8.0/DataAssetBackend.Tests.dll" adapterTypeName="executor://xunit/VsTestRunner2/netcoreapp" className="DataAssetBackend.Tests.LegacyObservedEndpointsValidationTests" name="Legacy_manageSiteAssets_requires_mode" />
    </UnitTest>
    <UnitTest name="DataAssetBackend.Tests.LegacyObservedEndpointsValidationTests.Legacy_manageSiteAssets_update_requires_assetId_and_update_payload" storage="/home/kavia/workspace/code-generation/data-asset-management-system-332589/data_asset_backend.tests/bin/release/net8.0/dataassetbackend.tests.dll" id="4778574f-6af0-87b2-7664-55fe3572d973">
      <Execution id="6e6cc418-b86f-4e90-925d-3da18f46b71c" />
      <TestMethod codeBase="/home/kavia/workspace/code-generation/data-asset-management-system-332589/data_asset_backend.Tests/bin/Release/net8.0/DataAssetBackend.Tests.dll" adapterTypeName="executor://xunit/VsTestRunner2/netcoreapp" className="DataAssetBackend.Tests.LegacyObservedEndpointsValidationTests" name="Legacy_manageSiteAssets_update_requires_assetId_and_update_payload" />
    </UnitTest>
    <UnitTest name="DataAssetBackend.Tests.BrdValidationGapsTests.Create_ef_source_mapping_requires_reporting_program_400" storage="/home/kavia/workspace/code-generation/data-asset-management-system-332589/data_asset_backend.tests/bin/release/net8.0/dataassetbackend.tests.dll" id="ecf258fe-1659-0c0a-f69b-95b2f22e4cf5">
      <Execution id="521fce8e-9d45-4b1d-b4b9-6b6e9965eec9" />
      <TestMethod codeBase="/home/kavia/workspace/code-generation/data-asset-management-system-332589/data_asset_backend.Tests/bin/Release/net8.0/DataAssetBackend.Tests.dll" adapterTypeName="executor://xunit/VsTestRunner2/netcoreapp" className="DataAssetBackend.Tests.BrdValidationGapsTests" name="Create_ef_source_mapping_requires_reporting_program_400" />
    </UnitTest>
    <UnitTest name="DataAssetBackend.Tests.AssetChildModuleValidationTests.Create_input_parameter_when_in_use_requires_uom_and_reporting_program_400" storage="/home/kavia/workspace/code-generation/data-asset-management-system-332589/data_asset_backend.tests/bin/release/net8.0/dataassetbackend.tests.dll" id="d48094bc-97b3-20af-92fb-dced6c0610d5">
      <Execution id="294f2267-947c-457c-a94d-30d874abeef6" />
      <TestMethod codeBase="/home/kavia/workspace/code-generation/data-asset-management-system-332589/data_asset_backend.Tests/bin/Release/net8.0/DataAssetBackend.Tests.dll" adapterTypeName="executor://xunit/VsTestRunner2/netcoreapp" className="DataAssetBackend.Tests.AssetChildModuleValidationTests" name="Create_input_parameter_when_in_use_requires_uom_and_reporting_program_400" />
    </UnitTest>
    <UnitTest name="DataAssetBackend.Tests.HealthAndValidationEndpointsTests.Healthz_returns_200_even_when_db_is_not_configured" storage="/home/kavia/workspace/code-generation/data-asset-management-system-332589/data_asset_backend.tests/bin/release/net8.0/dataassetbackend.tests.dll" id="c520d0c0-8b06-7c91-f0fa-2795e082a988">
      <Execution id="02b4ecc3-fbe7-4d0b-bf84-e8abd42b4e59" />
      <TestMethod codeBase="/home/kavia/workspace/code-generation/data-asset-management-system-332589/data_asset_backend.Tests/bin/Release/net8.0/DataAssetBackend.Tests.dll" adapterTypeName="executor://xunit/VsTestRunner2/netcoreapp" className="DataAssetBackend.Tests.HealthAndValidationEndpointsTests" name="Healthz_returns_200_even_when_db_is_not_configured" />
    </UnitTest>
    <UnitTest name="DataAssetBackend.Tests.AssetChildModuleValidationTests.Create_asset_property_requires_required_fields_400" storage="/home/kavia/workspace/code-generation/data-asset-management-system-332589/data_asset_backend.tests/bin/release/net8.0/dataassetbackend.tests.dll" id="fa76d406-c1b8-14ed-b381-8515091b3cb5">
      <Execution id="d46e66d3-03d9-4796-abe4-54ecd788a2b2" />
      <TestMethod codeBase="/home/kavia/workspace/code-generation/data-asset-management-system-332589/data_asset_backend.Tests/bin/Release/net8.0/DataAssetBackend.Tests.dll" adapterTypeName="executor://xunit/VsTestRunner2/netcoreapp" className="DataAssetBackend.Tests.AssetChildModuleValidationTests" name="Create_asset_property_requires_required_fields_400" />
    </UnitTest>
    <UnitTest name="DataAssetBackend.Tests.AssetCreateValidationTests.Create_asset_requires_processGroupOtherText_when_processGroup_is_other" storage="/home/kavia/workspace/code-generation/data-asset-management-system-332589/data_asset_backend.tests/bin/release/net8.0/dataassetbackend.tests.dll" id="9dc94cb5-9259-f153-7d0a-ad76274acc5d">
      <Execution id="e089b2cd-5a09-4ddd-8b64-4665196bab97" />
      <TestMethod codeBase="/home/kavia/workspace/code-generation/data-asset-management-system-332589/data_asset_backend.Tests/bin/Release/net8.0/DataAssetBackend.Tests.dll" adapterTypeName="executor://xunit/VsTestRunner2/netcoreapp" className="DataAssetBackend.Tests.AssetCreateValidationTests" name="Create_asset_requires_processGroupOtherText_when_processGroup_is_other" />
    </UnitTest>
    <UnitTest name="DataAssetBackend.Tests.AssetChildModuleValidationTests.Create_data_input_value_requires_reporting_year_and_period_400" storage="/home/kavia/workspace/code-generation/data-asset-management-system-332589/data_asset_backend.tests/bin/release/net8.0/dataassetbackend.tests.dll" id="c53367c8-b6b8-1749-10c6-4933e3d207b7">
      <Execution id="4ebac89a-a23c-4049-9714-7806d932d6ec" />
      <TestMethod codeBase="/home/kavia/workspace/code-generation/data-asset-management-system-332589/data_asset_backend.Tests/bin/Release/net8.0/DataAssetBackend.Tests.dll" adapterTypeName="executor://xunit/VsTestRunner2/netcoreapp" className="DataAssetBackend.Tests.AssetChildModuleValidationTests" name="Create_data_input_value_requires_reporting_year_and_period_400" />
    </UnitTest>
    <UnitTest name="DataAssetBackend.Tests.HealthAndValidationEndpointsTests.List_asset_properties_route_is_mapped_and_not_404" storage="/home/kavia/workspace/code-generation/data-asset-management-system-332589/data_asset_backend.tests/bin/release/net8.0/dataassetbackend.tests.dll" id="bbe68020-3189-91ab-4371-bfb533633678">
      <Execution id="cf180d11-ed0c-4b11-8bf8-c12c5d7700bc" />
      <TestMethod codeBase="/home/kavia/workspace/code-generation/data-asset-management-system-332589/data_asset_backend.Tests/bin/Release/net8.0/DataAssetBackend.Tests.dll" adapterTypeName="executor://xunit/VsTestRunner2/netcoreapp" className="DataAssetBackend.Tests.HealthAndValidationEndpointsTests" name="List_asset_properties_route_is_mapped_and_not_404" />
    </UnitTest>
    <UnitTest name="DataAssetBackend.Tests.AssetCreateValidationTests.Create_asset_rejects_parentPseudoAssetId_when_requiresParentPseudo_is_false_with_validation_or_db_unavailable" storage="/home/kavia/workspace/code-generation/data-asset-management-system-332589/data_asset_backend.tests/bin/release/net8.0/dataassetbackend.tests.dll" id="c52f33bb-80e6-7dfc-c301-78017ebaf2c8">
      <Execution id="1aaa681e-b22a-489a-bcca-6cd6cf1b9ed0" />
      <TestMethod codeBase="/home/kavia/workspace/code-generation/data-asset-management-system-332589/data_asset_backend.Tests/bin/Release/net8.0/DataAssetBackend.Tests.dll" adapterTypeName="executor://xunit/VsTestRunner2/netcoreapp" className="DataAssetBackend.Tests.AssetCreateValidationTests" name="Create_asset_rejects_parentPseudoAssetId_when_requiresParentPseudo_is_false_with_validation_or_db_unavailable" />
    </UnitTest>
    <UnitTest name="DataAssetBackend.Tests.BrdValidationGapsTests.Create_parent_input_mapping_requires_parent_input_id_400" storage="/home/kavia/workspace/code-generation/data-asset-management-system-332589/data_asset_backend.tests/bin/release/net8.0/dataassetbackend.tests.dll" id="6739657e-e046-cc7f-f7f2-054f66f4616e">
      <Execution id="b17e61b5-162f-41a3-ac43-c866775394e5" />
      <TestMethod codeBase="/home/kavia/workspace/code-generation/data-asset-management-system-332589/data_asset_backend.Tests/bin/Release/net8.0/DataAssetBackend.Tests.dll" adapterTypeName="executor://xunit/VsTestRunner2/netcoreapp" className="DataAssetBackend.Tests.BrdValidationGapsTests" name="Create_parent_input_mapping_requires_parent_input_id_400" />
    </UnitTest>
    <UnitTest name="DataAssetBackend.Tests.AssetChildModuleValidationTests.Create_input_parameter_requires_required_fields_400" storage="/home/kavia/workspace/code-generation/data-asset-management-system-332589/data_asset_backend.tests/bin/release/net8.0/dataassetbackend.tests.dll" id="24c2c749-4fe1-f7f6-bfd5-1b2eea52ecdd">
      <Execution id="ac6e5616-d43a-4736-b89e-5acf633e19c8" />
      <TestMethod codeBase="/home/kavia/workspace/code-generation/data-asset-management-system-332589/data_asset_backend.Tests/bin/Release/net8.0/DataAssetBackend.Tests.dll" adapterTypeName="executor://xunit/VsTestRunner2/netcoreapp" className="DataAssetBackend.Tests.AssetChildModuleValidationTests" name="Create_input_parameter_requires_required_fields_400" />
    </UnitTest>
    <UnitTest name="DataAssetBackend.Tests.AssetCreateValidationTests.Create_asset_requires_requiresParentPseudo_field" storage="/home/kavia/workspace/code-generation/data-asset-management-system-332589/data_asset_backend.tests/bin/release/net8.0/dataassetbackend.tests.dll" id="3f488ea6-4a44-5a41-d5ae-5a900eb848fd">
      <Execution id="e8b4b717-b940-45b3-8956-19bd5a457ae8" />
      <TestMethod codeBase="/home/kavia/workspace/code-generation/data-asset-management-system-332589/data_asset_backend.Tests/bin/Release/net8.0/DataAssetBackend.Tests.dll" adapterTypeName="executor://xunit/VsTestRunner2/netcoreapp" className="DataAssetBackend.Tests.AssetCreateValidationTests" name="Create_asset_requires_requiresParentPseudo_field" />
    </UnitTest>
    <UnitTest name="DataAssetBackend.Tests.HealthAndValidationEndpointsTests.Validity_check_rejects_empty_value" storage="/home/kavia/workspace/code-generation/data-asset-management-system-332589/data_asset_backend.tests/bin/release/net8.0/dataassetbackend.tests.dll" id="94a26727-50d9-7d1c-a956-8c447e7efed8">
      <Execution id="e827329c-eb13-4ab2-9332-7d517243e0ce" />
      <TestMethod codeBase="/home/kavia/workspace/code-generation/data-asset-management-system-332589/data_asset_backend.Tests/bin/Release/net8.0/DataAssetBackend.Tests.dll" adapterTypeName="executor://xunit/VsTestRunner2/netcoreapp" className="DataAssetBackend.Tests.HealthAndValidationEndpointsTests" name="Validity_check_rejects_empty_value" />
    </UnitTest>
    <UnitTest name="DataAssetBackend.Tests.AssetChildModuleValidationTests.Create_throughput_scalar_accepts_alias_scalarName_but_requires_one_of_scalarType_or_scalarName" storage="/home/kavia/workspace/code-generation/data-asset-management-system-332589/data_asset_backend.tests/bin/release/net8.0/dataassetbackend.tests.dll" id="98b0ad11-8d94-7d90-fbc5-167912da7dea">
      <Execution id="f4b98193-e62e-4e68-92a9-02ccd1aea696" />
      <TestMethod codeBase="/home/kavia/workspace/code-generation/data-asset-management-system-332589/data_asset_backend.Tests/bin/Release/net8.0/DataAssetBackend.Tests.dll" adapterTypeName="executor://xunit/VsTestRunner2/netcoreapp" className="DataAssetBackend.Tests.AssetChildModuleValidationTests" name="Create_throughput_scalar_accepts_alias_scalarName_but_requires_one_of_scalarType_or_scalarName" />
    </UnitTest>
    <UnitTest name="DataAssetBackend.Tests.AssetChildModuleValidationTests.Create_additional_asset_id_requires_required_fields_400" storage="/home/kavia/workspace/code-generation/data-asset-management-system-332589/data_asset_backend.tests/bin/release/net8.0/dataassetbackend.tests.dll" id="9ec77f39-6c27-839c-cc22-34f449e1b22b">
      <Execution id="ad31888d-7794-4c12-93ec-320ae2d589da" />
      <TestMethod codeBase="/home/kavia/workspace/code-generation/data-asset-management-system-332589/data_asset_backend.Tests/bin/Release/net8.0/DataAssetBackend.Tests.dll" adapterTypeName="executor://xunit/VsTestRunner2/netcoreapp" className="DataAssetBackend.Tests.AssetChildModuleValidationTests" name="Create_additional_asset_id_requires_required_fields_400" />
    </UnitTest>
    <UnitTest name="DataAssetBackend.Tests.BrdValidationGapsTests.Create_status_log_rejects_end_date_before_start_date_400" storage="/home/kavia/workspace/code-generation/data-asset-management-system-332589/data_asset_backend.tests/bin/release/net8.0/dataassetbackend.tests.dll" id="dffbce9d-3ea0-f386-83cf-5a448ea8d532">
      <Execution id="2117b5d7-3e93-4427-bdbf-1c774e59c7ce" />
      <TestMethod codeBase="/home/kavia/workspace/code-generation/data-asset-management-system-332589/data_asset_backend.Tests/bin/Release/net8.0/DataAssetBackend.Tests.dll" adapterTypeName="executor://xunit/VsTestRunner2/netcoreapp" className="DataAssetBackend.Tests.BrdValidationGapsTests" name="Create_status_log_rejects_end_date_before_start_date_400" />
    </UnitTest>
    <UnitTest name="DataAssetBackend.Tests.AssetChildModuleValidationTests.List_child_routes_are_mapped_and_not_404" storage="/home/kavia/workspace/code-generation/data-asset-management-system-332589/data_asset_backend.tests/bin/release/net8.0/dataassetbackend.tests.dll" id="537b57b5-6c6c-38ff-523e-a20a1c20a18c">
      <Execution id="916a8353-8ac6-4f1e-8e38-5e03efd946bb" />
      <TestMethod codeBase="/home/kavia/workspace/code-generation/data-asset-management-system-332589/data_asset_backend.Tests/bin/Release/net8.0/DataAssetBackend.Tests.dll" adapterTypeName="executor://xunit/VsTestRunner2/netcoreapp" className="DataAssetBackend.Tests.AssetChildModuleValidationTests" name="List_child_routes_are_mapped_and_not_404" />
    </UnitTest>
    <UnitTest name="DataAssetBackend.Tests.BrdValidationGapsTests.Create_data_input_value_rejects_blank_period_400" storage="/home/kavia/workspace/code-generation/data-asset-management-system-332589/data_asset_backend.tests/bin/release/net8.0/dataassetbackend.tests.dll" id="7a9c4b03-80a8-bd92-b244-cff5843da02d">
      <Execution id="35257c34-0ea1-4472-8b1b-50eb76d664ed" />
      <TestMethod codeBase="/home/kavia/workspace/code-generation/data-asset-management-system-332589/data_asset_backend.Tests/bin/Release/net8.0/DataAssetBackend.Tests.dll" adapterTypeName="executor://xunit/VsTestRunner2/netcoreapp" className="DataAssetBackend.Tests.BrdValidationGapsTests" name="Create_data_input_value_rejects_blank_period_400" />
    </UnitTest>
    <UnitTest name="DataAssetBackend.Tests.AssetChildModuleValidationTests.Create_status_log_requires_required_fields_400" storage="/home/kavia/workspace/code-generation/data-asset-management-system-332589/data_asset_backend.tests/bin/release/net8.0/dataassetbackend.tests.dll" id="3fb92784-9c93-8ae6-59fe-2a8500a73940">
      <Execution id="9da77014-912f-448a-a3c5-6b85626c48ad" />
      <TestMethod codeBase="/home/kavia/workspace/code-generation/data-asset-management-system-332589/data_asset_backend.Tests/bin/Release/net8.0/DataAssetBackend.Tests.dll" adapterTypeName="executor://xunit/VsTestRunner2/netcoreapp" className="DataAssetBackend.Tests.AssetChildModuleValidationTests" name="Create_status_log_requires_required_fields_400" />
    </UnitTest>
    <UnitTest name="DataAssetBackend.Tests.AssetCreateValidationTests.Create_asset_rejects_nonexistent_parentPseudoAssetId_with_validation_or_db_unavailable" storage="/home/kavia/workspace/code-generation/data-asset-management-system-332589/data_asset_backend.tests/bin/release/net8.0/dataassetbackend.tests.dll" id="38880e80-b1c2-f05c-fb7e-469ae4e861ec">
      <Execution id="749b7cf7-c355-48a8-a311-bd42c14af171" />
      <TestMethod codeBase="/home/kavia/workspace/code-generation/data-asset-management-system-332589/data_asset_backend.Tests/bin/Release/net8.0/DataAssetBackend.Tests.dll" adapterTypeName="executor://xunit/VsTestRunner2/netcoreapp" className="DataAssetBackend.Tests.AssetCreateValidationTests" name="Create_asset_rejects_nonexistent_parentPseudoAssetId_with_validation_or_db_unavailable" />
    </UnitTest>
    <UnitTest name="DataAssetBackend.Tests.HealthAndValidationEndpointsTests.Validity_check_accepts_simple_value" storage="/home/kavia/workspace/code-generation/data-asset-management-system-332589/data_asset_backend.tests/bin/release/net8.0/dataassetbackend.tests.dll" id="92d69c0b-5cae-d6e5-220a-e33caf6957cb">
      <Execution id="776d3698-e4b7-4a57-9b4c-c1c5c2159aee" />
      <TestMethod codeBase="/home/kavia/workspace/code-generation/data-asset-management-system-332589/data_asset_backend.Tests/bin/Release/net8.0/DataAssetBackend.Tests.dll" adapterTypeName="executor://xunit/VsTestRunner2/netcoreapp" className="DataAssetBackend.Tests.HealthAndValidationEndpointsTests" name="Validity_check_accepts_simple_value" />
    </UnitTest>
    <UnitTest name="DataAssetBackend.Tests.AssetCreateValidationTests.Create_asset_requires_parentPseudoAssetId_when_requiresParentPseudo_is_true" storage="/home/kavia/workspace/code-generation/data-asset-management-system-332589/data_asset_backend.tests/bin/release/net8.0/dataassetbackend.tests.dll" id="98344893-0b44-4f54-d694-3a07bdac6449">
      <Execution id="3e459a31-6c9a-46dc-bda7-f3e2c081cf92" />
      <TestMethod codeBase="/home/kavia/workspace/code-generation/data-asset-management-system-332589/data_asset_backend.Tests/bin/Release/net8.0/DataAssetBackend.Tests.dll" adapterTypeName="executor://xunit/VsTestRunner2/netcoreapp" className="DataAssetBackend.Tests.AssetCreateValidationTests" name="Create_asset_requires_parentPseudoAssetId_when_requiresParentPseudo_is_true" />
    </UnitTest>
    <UnitTest name="DataAssetBackend.Tests.LegacyObservedEndpointsValidationTests.Legacy_removeSiteAsset_requires_required_fields" storage="/home/kavia/workspace/code-generation/data-asset-management-system-332589/data_asset_backend.tests/bin/release/net8.0/dataassetbackend.tests.dll" id="b061f3bb-2690-dcdb-7561-0346ae7644fc">
      <Execution id="4640bfb4-5870-4813-84eb-93a9b3483f25" />
      <TestMethod codeBase="/home/kavia/workspace/code-generation/data-asset-management-system-332589/data_asset_backend.Tests/bin/Release/net8.0/DataAssetBackend.Tests.dll" adapterTypeName="executor://xunit/VsTestRunner2/netcoreapp" className="DataAssetBackend.Tests.LegacyObservedEndpointsValidationTests" name="Legacy_removeSiteAsset_requires_required_fields" />
    </UnitTest>
    <UnitTest name="DataAssetBackend.Tests.AssetChildModuleValidationTests.Create_control_device_mapping_requires_required_fields_400" storage="/home/kavia/workspace/code-generation/data-asset-management-system-332589/data_asset_backend.tests/bin/release/net8.0/dataassetbackend.tests.dll" id="76622523-719f-35fb-d115-a60f5fe8c1b1">
      <Execution id="0c2f3e7c-a19d-4b88-9c8a-9c393ff963d1" />
      <TestMethod codeBase="/home/kavia/workspace/code-generation/data-asset-management-system-332589/data_asset_backend.Tests/bin/Release/net8.0/DataAssetBackend.Tests.dll" adapterTypeName="executor://xunit/VsTestRunner2/netcoreapp" className="DataAssetBackend.Tests.AssetChildModuleValidationTests" name="Create_control_device_mapping_requires_required_fields_400" />
    </UnitTest>
    <UnitTest name="DataAssetBackend.Tests.IdempotencyCopyAssetTests.CopyAsset_with_same_idempotency_key_returns_same_response_on_retry" storage="/home/kavia/workspace/code-generation/data-asset-management-system-332589/data_asset_backend.tests/bin/release/net8.0/dataassetbackend.tests.dll" id="7d424f24-4c6d-c882-e7a1-1fb5dfe04239">
      <Execution id="133fd682-382c-43f2-8612-c4b0bf445521" />
      <TestMethod codeBase="/home/kavia/workspace/code-generation/data-asset-management-system-332589/data_asset_backend.Tests/bin/Release/net8.0/DataAssetBackend.Tests.dll" adapterTypeName="executor://xunit/VsTestRunner2/netcoreapp" className="DataAssetBackend.Tests.IdempotencyCopyAssetTests" name="CopyAsset_with_same_idempotency_key_returns_same_response_on_retry" />
    </UnitTest>
    <UnitTest name="DataAssetBackend.Tests.HealthAndValidationEndpointsTests.Root_health_returns_200" storage="/home/kavia/workspace/code-generation/data-asset-management-system-332589/data_asset_backend.tests/bin/release/net8.0/dataassetbackend.tests.dll" id="4a5d8b18-0ba2-1016-f32d-d5bd8e0d61c3">
      <Execution id="ac98b19e-414f-4618-954b-1f4d3a120d7a" />
      <TestMethod codeBase="/home/kavia/workspace/code-generation/data-asset-management-system-332589/data_asset_backend.Tests/bin/Release/net8.0/DataAssetBackend.Tests.dll" adapterTypeName="executor://xunit/VsTestRunner2/netcoreapp" className="DataAssetBackend.Tests.HealthAndValidationEndpointsTests" name="Root_health_returns_200" />
    </UnitTest>
    <UnitTest name="DataAssetBackend.Tests.AssetChildModuleValidationTests.Create_throughput_equation_requires_required_fields_and_supports_aliases_400_when_missing" storage="/home/kavia/workspace/code-generation/data-asset-management-system-332589/data_asset_backend.tests/bin/release/net8.0/dataassetbackend.tests.dll" id="beaa5798-299a-1dea-d285-4ec5c3b0ea8e">
      <Execution id="9d327f9f-69e4-4230-b9c8-68a304220b2a" />
      <TestMethod codeBase="/home/kavia/workspace/code-generation/data-asset-management-system-332589/data_asset_backend.Tests/bin/Release/net8.0/DataAssetBackend.Tests.dll" adapterTypeName="executor://xunit/VsTestRunner2/netcoreapp" className="DataAssetBackend.Tests.AssetChildModuleValidationTests" name="Create_throughput_equation_requires_required_fields_and_supports_aliases_400_when_missing" />
    </UnitTest>
  </TestDefinitions>
  <TestEntries>
    <TestEntry testId="3f488ea6-4a44-5a41-d5ae-5a900eb848fd" executionId="e8b4b717-b940-45b3-8956-19bd5a457ae8" testListId="8c84fa94-04c1-424b-9868-57a2d4851a1d" />
    <TestEntry testId="92d69c0b-5cae-d6e5-220a-e33caf6957cb" executionId="776d3698-e4b7-4a57-9b4c-c1c5c2159aee" testListId="8c84fa94-04c1-424b-9868-57a2d4851a1d" />
    <TestEntry testId="76622523-719f-35fb-d115-a60f5fe8c1b1" executionId="0c2f3e7c-a19d-4b88-9c8a-9c393ff963d1" testListId="8c84fa94-04c1-424b-9868-57a2d4851a1d" />
    <TestEntry testId="94a26727-50d9-7d1c-a956-8c447e7efed8" executionId="e827329c-eb13-4ab2-9332-7d517243e0ce" testListId="8c84fa94-04c1-424b-9868-57a2d4851a1d" />
    <TestEntry testId="98b0ad11-8d94-7d90-fbc5-167912da7dea" executionId="f4b98193-e62e-4e68-92a9-02ccd1aea696" testListId="8c84fa94-04c1-424b-9868-57a2d4851a1d" />
    <TestEntry testId="9dc94cb5-9259-f153-7d0a-ad76274acc5d" executionId="e089b2cd-5a09-4ddd-8b64-4665196bab97" testListId="8c84fa94-04c1-424b-9868-57a2d4851a1d" />
    <TestEntry testId="9d4cb019-7844-2091-6714-f88b3f12b597" executionId="98b81123-fa4e-447c-8c1b-f6e240274d9b" testListId="8c84fa94-04c1-424b-9868-57a2d4851a1d" />
    <TestEntry testId="38880e80-b1c2-f05c-fb7e-469ae4e861ec" executionId="749b7cf7-c355-48a8-a311-bd42c14af171" testListId="8c84fa94-04c1-424b-9868-57a2d4851a1d" />
    <TestEntry testId="bbe68020-3189-91ab-4371-bfb533633678" executionId="cf180d11-ed0c-4b11-8bf8-c12c5d7700bc" testListId="8c84fa94-04c1-424b-9868-57a2d4851a1d" />
    <TestEntry testId="98344893-0b44-4f54-d694-3a07bdac6449" executionId="3e459a31-6c9a-46dc-bda7-f3e2c081cf92" testListId="8c84fa94-04c1-424b-9868-57a2d4851a1d" />
    <TestEntry testId="6baa96e8-64cb-1c3a-b6a3-162fc2c29087" executionId="0fd258fb-3454-4a8d-a65f-a1fcb9d4e500" testListId="8c84fa94-04c1-424b-9868-57a2d4851a1d" />
    <TestEntry testId="fa76d406-c1b8-14ed-b381-8515091b3cb5" executionId="d46e66d3-03d9-4796-abe4-54ecd788a2b2" testListId="8c84fa94-04c1-424b-9868-57a2d4851a1d" />
    <TestEntry testId="537b57b5-6c6c-38ff-523e-a20a1c20a18c" executionId="916a8353-8ac6-4f1e-8e38-5e03efd946bb" testListId="8c84fa94-04c1-424b-9868-57a2d4851a1d" />
    <TestEntry testId="7a9c4b03-80a8-bd92-b244-cff5843da02d" executionId="35257c34-0ea1-4472-8b1b-50eb76d664ed" testListId="8c84fa94-04c1-424b-9868-57a2d4851a1d" />
    <TestEntry testId="d48094bc-97b3-20af-92fb-dced6c0610d5" executionId="294f2267-947c-457c-a94d-30d874abeef6" testListId="8c84fa94-04c1-424b-9868-57a2d4851a1d" />
    <TestEntry testId="6739657e-e046-cc7f-f7f2-054f66f4616e" executionId="b17e61b5-162f-41a3-ac43-c866775394e5" testListId="8c84fa94-04c1-424b-9868-57a2d4851a1d" />
    <TestEntry testId="9ec77f39-6c27-839c-cc22-34f449e1b22b" executionId="ad31888d-7794-4c12-93ec-320ae2d589da" testListId="8c84fa94-04c1-424b-9868-57a2d4851a1d" />
    <TestEntry testId="c520d0c0-8b06-7c91-f0fa-2795e082a988" executionId="02b4ecc3-fbe7-4d0b-bf84-e8abd42b4e59" testListId="8c84fa94-04c1-424b-9868-57a2d4851a1d" />
    <TestEntry testId="7d424f24-4c6d-c882-e7a1-1fb5dfe04239" executionId="133fd682-382c-43f2-8612-c4b0bf445521" testListId="8c84fa94-04c1-424b-9868-57a2d4851a1d" />
    <TestEntry testId="3fb92784-9c93-8ae6-59fe-2a8500a73940" executionId="9da77014-912f-448a-a3c5-6b85626c48ad" testListId="8c84fa94-04c1-424b-9868-57a2d4851a1d" />
    <TestEntry testId="beaa5798-299a-1dea-d285-4ec5c3b0ea8e" executionId="9d327f9f-69e4-4230-b9c8-68a304220b2a" testListId="8c84fa94-04c1-424b-9868-57a2d4851a1d" />
    <TestEntry testId="b061f3bb-2690-dcdb-7561-0346ae7644fc" executionId="4640bfb4-5870-4813-84eb-93a9b3483f25" testListId="8c84fa94-04c1-424b-9868-57a2d4851a1d" />
    <TestEntry testId="24c2c749-4fe1-f7f6-bfd5-1b2eea52ecdd" executionId="ac6e5616-d43a-4736-b89e-5acf633e19c8" testListId="8c84fa94-04c1-424b-9868-57a2d4851a1d" />
    <TestEntry testId="c53367c8-b6b8-1749-10c6-4933e3d207b7" executionId="4ebac89a-a23c-4049-9714-7806d932d6ec" testListId="8c84fa94-04c1-424b-9868-57a2d4851a1d" />
    <TestEntry testId="4778574f-6af0-87b2-7664-55fe3572d973" executionId="6e6cc418-b86f-4e90-925d-3da18f46b71c" testListId="8c84fa94-04c1-424b-9868-57a2d4851a1d" />
    <TestEntry testId="4a5d8b18-0ba2-1016-f32d-d5bd8e0d61c3" executionId="ac98b19e-414f-4618-954b-1f4d3a120d7a" testListId="8c84fa94-04c1-424b-9868-57a2d4851a1d" />
    <TestEntry testId="c52f33bb-80e6-7dfc-c301-78017ebaf2c8" executionId="1aaa681e-b22a-489a-bcca-6cd6cf1b9ed0" testListId="8c84fa94-04c1-424b-9868-57a2d4851a1d" />
    <TestEntry testId="dffbce9d-3ea0-f386-83cf-5a448ea8d532" executionId="2117b5d7-3e93-4427-bdbf-1c774e59c7ce" testListId="8c84fa94-04c1-424b-9868-57a2d4851a1d" />
    <TestEntry testId="ecf258fe-1659-0c0a-f69b-95b2f22e4cf5" executionId="521fce8e-9d45-4b1d-b4b9-6b6e9965eec9" testListId="8c84fa94-04c1-424b-9868-57a2d4851a1d" />
  </TestEntries>
  <TestLists>
    <TestList name="Results Not in a List" id="8c84fa94-04c1-424b-9868-57a2d4851a1d" />
    <TestList name="All Loaded Results" id="19431567-8539-422a-85d7-44ee4e166bda" />
  </TestLists>
  <ResultSummary outcome="Completed">
    <Counters total="29" executed="29" passed="29" failed="0" error="0" timeout="0" aborted="0" inconclusive="0" passedButRunAborted="0" notRunnable="0" notExecuted="0" disconnected="0" warning="0" completed="0" inProgress="0" pending="0" />
    <Output>
      <StdOut>[xUnit.net 00:00:00.00] xUnit.net VSTest Adapter v2.5.7+8f2703126a (64-bit .NET 8.0.22)
[xUnit.net 00:00:00.10]   Discovering: DataAssetBackend.Tests
[xUnit.net 00:00:00.14]   Discovered:  DataAssetBackend.Tests
[xUnit.net 00:00:00.15]   Starting:    DataAssetBackend.Tests
[xUnit.net 00:00:01.52]   Finished:    DataAssetBackend.Tests
</StdOut>
    </Output>
  </ResultSummary>
</TestRun>