<?xml version="1.0" encoding="utf-8"?>
<TestRun id="dc76330d-1030-46fd-b289-2013f548659d" name="@07f97ea746f4 2026-03-16 05:59:48" xmlns="http://microsoft.com/schemas/VisualStudio/TeamTest/2010">
  <Times creation="2026-03-16T05:59:48.2026089+00:00" queuing="2026-03-16T05:59:48.2026090+00:00" start="2026-03-16T05:59:46.0810392+00:00" finish="2026-03-16T05:59:48.3783651+00:00" />
  <TestSettings name="default" id="f2782c86-9c76-445e-a073-a2058e6843d5">
    <Deployment runDeploymentRoot="_07f97ea746f4_2026-03-16_05_59_48" />
  </TestSettings>
  <Results>
    <UnitTestResult executionId="cbd30a40-8344-4660-9731-8f998b4e3262" testId="c52f33bb-80e6-7dfc-c301-78017ebaf2c8" testName="DataAssetBackend.Tests.AssetCreateValidationTests.Create_asset_rejects_parentPseudoAssetId_when_requiresParentPseudo_is_false_with_validation_or_db_unavailable" computerName="07f97ea746f4" duration="00:00:00.0027884" startTime="2026-03-16T05:59:48.2189098+00:00" endTime="2026-03-16T05:59:48.2189099+00:00" testType="13cdc9d9-ddb5-4fa4-a97d-d965ccfc6d4b" outcome="Passed" testListId="8c84fa94-04c1-424b-9868-57a2d4851a1d" relativeResultsDirectory="cbd30a40-8344-4660-9731-8f998b4e3262" />
    <UnitTestResult executionId="a82e947e-2083-4770-9406-9f19593d39df" testId="537b57b5-6c6c-38ff-523e-a20a1c20a18c" testName="DataAssetBackend.Tests.AssetChildModuleValidationTests.List_child_routes_are_mapped_and_not_404" computerName="07f97ea746f4" duration="00:00:00.0358760" startTime="2026-03-16T05:59:48.2888385+00:00" endTime="2026-03-16T05:59:48.2888387+00:00" testType="13cdc9d9-ddb5-4fa4-a97d-d965ccfc6d4b" outcome="Passed" testListId="8c84fa94-04c1-424b-9868-57a2d4851a1d" relativeResultsDirectory="a82e947e-2083-4770-9406-9f19593d39df" />
    <UnitTestResult executionId="8433ab0f-3065-44c6-8d5f-84f114d3b47a" testId="6739657e-e046-cc7f-f7f2-054f66f4616e" testName="DataAssetBackend.Tests.BrdValidationGapsTests.Create_parent_input_mapping_requires_parent_input_id_400" computerName="07f97ea746f4" duration="00:00:00.0110891" startTime="2026-03-16T05:59:48.1948387+00:00" endTime="2026-03-16T05:59:48.1948401+00:00" testType="13cdc9d9-ddb5-4fa4-a97d-d965ccfc6d4b" outcome="Passed" testListId="8c84fa94-04c1-424b-9868-57a2d4851a1d" relativeResultsDirectory="8433ab0f-3065-44c6-8d5f-84f114d3b47a" />
    <UnitTestResult executionId="93389222-9d5b-433f-85e7-452202f35b44" testId="76622523-719f-35fb-d115-a60f5fe8c1b1" testName="DataAssetBackend.Tests.AssetChildModuleValidationTests.Create_control_device_mapping_requires_required_fields_400" computerName="07f97ea746f4" duration="00:00:00.0167023" startTime="2026-03-16T05:59:48.1974962+00:00" endTime="2026-03-16T05:59:48.1974963+00:00" testType="13cdc9d9-ddb5-4fa4-a97d-d965ccfc6d4b" outcome="Passed" testListId="8c84fa94-04c1-424b-9868-57a2d4851a1d" relativeResultsDirectory="93389222-9d5b-433f-85e7-452202f35b44" />
    <UnitTestResult executionId="684ee4fc-f537-4351-a862-a70c9f9a63c7" testId="6baa96e8-64cb-1c3a-b6a3-162fc2c29087" testName="DataAssetBackend.Tests.LegacyObservedEndpointsValidationTests.Legacy_manageSiteAssets_requires_mode" computerName="07f97ea746f4" duration="00:00:01.3795007" startTime="2026-03-16T05:59:48.1649549+00:00" endTime="2026-03-16T05:59:48.1649551+00:00" testType="13cdc9d9-ddb5-4fa4-a97d-d965ccfc6d4b" outcome="Passed" testListId="8c84fa94-04c1-424b-9868-57a2d4851a1d" relativeResultsDirectory="684ee4fc-f537-4351-a862-a70c9f9a63c7" />
    <UnitTestResult executionId="f64df8a1-89ca-4d1f-9552-949f150d7d29" testId="3f488ea6-4a44-5a41-d5ae-5a900eb848fd" testName="DataAssetBackend.Tests.AssetCreateValidationTests.Create_asset_requires_requiresParentPseudo_field" computerName="07f97ea746f4" duration="00:00:01.3779223" startTime="2026-03-16T05:59:48.1652360+00:00" endTime="2026-03-16T05:59:48.1652361+00:00" testType="13cdc9d9-ddb5-4fa4-a97d-d965ccfc6d4b" outcome="Passed" testListId="8c84fa94-04c1-424b-9868-57a2d4851a1d" relativeResultsDirectory="f64df8a1-89ca-4d1f-9552-949f150d7d29" />
    <UnitTestResult executionId="cf09ca20-e03e-406f-ade3-6c34398f7fd4" testId="4a5d8b18-0ba2-1016-f32d-d5bd8e0d61c3" testName="DataAssetBackend.Tests.HealthAndValidationEndpointsTests.Root_health_returns_200" computerName="07f97ea746f4" duration="00:00:00.0114392" startTime="2026-03-16T05:59:48.2060509+00:00" endTime="2026-03-16T05:59:48.2060511+00:00" testType="13cdc9d9-ddb5-4fa4-a97d-d965ccfc6d4b" outcome="Passed" testListId="8c84fa94-04c1-424b-9868-57a2d4851a1d" relativeResultsDirectory="cf09ca20-e03e-406f-ade3-6c34398f7fd4" />
    <UnitTestResult executionId="f009f152-9738-467b-849b-456a23d28e40" testId="98344893-0b44-4f54-d694-3a07bdac6449" testName="DataAssetBackend.Tests.AssetCreateValidationTests.Create_asset_requires_parentPseudoAssetId_when_requiresParentPseudo_is_true" computerName="07f97ea746f4" duration="00:00:00.0162472" startTime="2026-03-16T05:59:48.2159961+00:00" endTime="2026-03-16T05:59:48.2159962+00:00" testType="13cdc9d9-ddb5-4fa4-a97d-d965ccfc6d4b" outcome="Passed" testListId="8c84fa94-04c1-424b-9868-57a2d4851a1d" relativeResultsDirectory="f009f152-9738-467b-849b-456a23d28e40" />
    <UnitTestResult executionId="a17501c9-6171-41a5-87bb-96a2fbb2ff05" testId="24c2c749-4fe1-f7f6-bfd5-1b2eea52ecdd" testName="DataAssetBackend.Tests.AssetChildModuleValidationTests.Create_input_parameter_requires_required_fields_400" computerName="07f97ea746f4" duration="00:00:00.0148862" startTime="2026-03-16T05:59:48.2125165+00:00" endTime="2026-03-16T05:59:48.2125166+00:00" testType="13cdc9d9-ddb5-4fa4-a97d-d965ccfc6d4b" outcome="Passed" testListId="8c84fa94-04c1-424b-9868-57a2d4851a1d" relativeResultsDirectory="a17501c9-6171-41a5-87bb-96a2fbb2ff05" />
    <UnitTestResult executionId="d9053e40-68a5-4aec-bae2-c532f0645a39" testId="c520d0c0-8b06-7c91-f0fa-2795e082a988" testName="DataAssetBackend.Tests.HealthAndValidationEndpointsTests.Healthz_returns_200_even_when_db_is_not_configured" computerName="07f97ea746f4" duration="00:00:00.0142131" startTime="2026-03-16T05:59:48.1823854+00:00" endTime="2026-03-16T05:59:48.1823856+00:00" testType="13cdc9d9-ddb5-4fa4-a97d-d965ccfc6d4b" outcome="Passed" testListId="8c84fa94-04c1-424b-9868-57a2d4851a1d" relativeResultsDirectory="d9053e40-68a5-4aec-bae2-c532f0645a39" />
    <UnitTestResult executionId="8b6d1786-b139-44ed-802e-ea389b1c159c" testId="7d424f24-4c6d-c882-e7a1-1fb5dfe04239" testName="DataAssetBackend.Tests.IdempotencyCopyAssetTests.CopyAsset_with_same_idempotency_key_returns_same_response_on_retry" computerName="07f97ea746f4" duration="00:00:01.3977757" startTime="2026-03-16T05:59:48.1826948+00:00" endTime="2026-03-16T05:59:48.1826949+00:00" testType="13cdc9d9-ddb5-4fa4-a97d-d965ccfc6d4b" outcome="Passed" testListId="8c84fa94-04c1-424b-9868-57a2d4851a1d" relativeResultsDirectory="8b6d1786-b139-44ed-802e-ea389b1c159c" />
    <UnitTestResult executionId="7e0b9a4f-87ef-4ce8-9af3-9f1f1fc141d5" testId="3fb92784-9c93-8ae6-59fe-2a8500a73940" testName="DataAssetBackend.Tests.AssetChildModuleValidationTests.Create_status_log_requires_required_fields_400" computerName="07f97ea746f4" duration="00:00:00.0049689" startTime="2026-03-16T05:59:48.2265535+00:00" endTime="2026-03-16T05:59:48.2265536+00:00" testType="13cdc9d9-ddb5-4fa4-a97d-d965ccfc6d4b" outcome="Passed" testListId="8c84fa94-04c1-424b-9868-57a2d4851a1d" relativeResultsDirectory="7e0b9a4f-87ef-4ce8-9af3-9f1f1fc141d5" />
    <UnitTestResult executionId="6115d328-fd2b-4fda-8738-6aaa0ffddcc6" testId="92d69c0b-5cae-d6e5-220a-e33caf6957cb" testName="DataAssetBackend.Tests.HealthAndValidationEndpointsTests.Validity_check_accepts_simple_value" computerName="07f97ea746f4" duration="00:00:01.3635654" startTime="2026-03-16T05:59:48.1566406+00:00" endTime="2026-03-16T05:59:48.1566778+00:00" testType="13cdc9d9-ddb5-4fa4-a97d-d965ccfc6d4b" outcome="Passed" testListId="8c84fa94-04c1-424b-9868-57a2d4851a1d" relativeResultsDirectory="6115d328-fd2b-4fda-8738-6aaa0ffddcc6" />
    <UnitTestResult executionId="92f5de94-4d8d-49cb-bc40-bc7bd96a2732" testId="94a26727-50d9-7d1c-a956-8c447e7efed8" testName="DataAssetBackend.Tests.HealthAndValidationEndpointsTests.Validity_check_rejects_empty_value" computerName="07f97ea746f4" duration="00:00:00.0085086" startTime="2026-03-16T05:59:48.1818480+00:00" endTime="2026-03-16T05:59:48.1818482+00:00" testType="13cdc9d9-ddb5-4fa4-a97d-d965ccfc6d4b" outcome="Passed" testListId="8c84fa94-04c1-424b-9868-57a2d4851a1d" relativeResultsDirectory="92f5de94-4d8d-49cb-bc40-bc7bd96a2732" />
    <UnitTestResult executionId="685aaeec-a012-4c14-a739-9b8c58c96c2e" testId="9dc94cb5-9259-f153-7d0a-ad76274acc5d" testName="DataAssetBackend.Tests.AssetCreateValidationTests.Create_asset_requires_processGroupOtherText_when_processGroup_is_other" computerName="07f97ea746f4" duration="00:00:00.0169866" startTime="2026-03-16T05:59:48.1822509+00:00" endTime="2026-03-16T05:59:48.1822510+00:00" testType="13cdc9d9-ddb5-4fa4-a97d-d965ccfc6d4b" outcome="Passed" testListId="8c84fa94-04c1-424b-9868-57a2d4851a1d" relativeResultsDirectory="685aaeec-a012-4c14-a739-9b8c58c96c2e" />
    <UnitTestResult executionId="6caadb49-1bcf-4a4e-9271-dadb0b779733" testId="b061f3bb-2690-dcdb-7561-0346ae7644fc" testName="DataAssetBackend.Tests.LegacyObservedEndpointsValidationTests.Legacy_removeSiteAsset_requires_required_fields" computerName="07f97ea746f4" duration="00:00:00.0165769" startTime="2026-03-16T05:59:48.1819925+00:00" endTime="2026-03-16T05:59:48.1819927+00:00" testType="13cdc9d9-ddb5-4fa4-a97d-d965ccfc6d4b" outcome="Passed" testListId="8c84fa94-04c1-424b-9868-57a2d4851a1d" relativeResultsDirectory="6caadb49-1bcf-4a4e-9271-dadb0b779733" />
    <UnitTestResult executionId="6809f8cd-6c5a-4b1a-8d86-a228e04480a7" testId="4778574f-6af0-87b2-7664-55fe3572d973" testName="DataAssetBackend.Tests.LegacyObservedEndpointsValidationTests.Legacy_manageSiteAssets_update_requires_assetId_and_update_payload" computerName="07f97ea746f4" duration="00:00:00.0092195" startTime="2026-03-16T05:59:48.1898730+00:00" endTime="2026-03-16T05:59:48.1898731+00:00" testType="13cdc9d9-ddb5-4fa4-a97d-d965ccfc6d4b" outcome="Passed" testListId="8c84fa94-04c1-424b-9868-57a2d4851a1d" relativeResultsDirectory="6809f8cd-6c5a-4b1a-8d86-a228e04480a7" />
    <UnitTestResult executionId="5437c65a-904d-4e60-b40e-0b5c1ee1124b" testId="c53367c8-b6b8-1749-10c6-4933e3d207b7" testName="DataAssetBackend.Tests.AssetChildModuleValidationTests.Create_data_input_value_requires_reporting_year_and_period_400" computerName="07f97ea746f4" duration="00:00:00.0056886" startTime="2026-03-16T05:59:48.2451141+00:00" endTime="2026-03-16T05:59:48.2451142+00:00" testType="13cdc9d9-ddb5-4fa4-a97d-d965ccfc6d4b" outcome="Passed" testListId="8c84fa94-04c1-424b-9868-57a2d4851a1d" relativeResultsDirectory="5437c65a-904d-4e60-b40e-0b5c1ee1124b" />
    <UnitTestResult executionId="0e09f6b4-135b-4848-8dc9-6c195b35e1a9" testId="bbe68020-3189-91ab-4371-bfb533633678" testName="DataAssetBackend.Tests.HealthAndValidationEndpointsTests.List_asset_properties_route_is_mapped_and_not_404" computerName="07f97ea746f4" duration="00:00:00.0128635" startTime="2026-03-16T05:59:48.1944930+00:00" endTime="2026-03-16T05:59:48.1944931+00:00" testType="13cdc9d9-ddb5-4fa4-a97d-d965ccfc6d4b" outcome="Passed" testListId="8c84fa94-04c1-424b-9868-57a2d4851a1d" relativeResultsDirectory="0e09f6b4-135b-4848-8dc9-6c195b35e1a9" />
    <UnitTestResult executionId="92d4bdd3-c0a6-439b-8154-3f5d98aaff83" testId="dffbce9d-3ea0-f386-83cf-5a448ea8d532" testName="DataAssetBackend.Tests.BrdValidationGapsTests.Create_status_log_rejects_end_date_before_start_date_400" computerName="07f97ea746f4" duration="00:00:00.0197280" startTime="2026-03-16T05:59:48.1856202+00:00" endTime="2026-03-16T05:59:48.1856203+00:00" testType="13cdc9d9-ddb5-4fa4-a97d-d965ccfc6d4b" outcome="Passed" testListId="8c84fa94-04c1-424b-9868-57a2d4851a1d" relativeResultsDirectory="92d4bdd3-c0a6-439b-8154-3f5d98aaff83" />
    <UnitTestResult executionId="73e8677f-cf41-4186-bc32-9695a5a76fa8" testId="7a9c4b03-80a8-bd92-b244-cff5843da02d" testName="DataAssetBackend.Tests.BrdValidationGapsTests.Create_data_input_value_rejects_blank_period_400" computerName="07f97ea746f4" duration="00:00:00.0172842" startTime="2026-03-16T05:59:48.2122815+00:00" endTime="2026-03-16T05:59:48.2122818+00:00" testType="13cdc9d9-ddb5-4fa4-a97d-d965ccfc6d4b" outcome="Passed" testListId="8c84fa94-04c1-424b-9868-57a2d4851a1d" relativeResultsDirectory="73e8677f-cf41-4186-bc32-9695a5a76fa8" />
    <UnitTestResult executionId="f6f78ba2-53ec-497f-bd74-5846ed7a383c" testId="beaa5798-299a-1dea-d285-4ec5c3b0ea8e" testName="DataAssetBackend.Tests.AssetChildModuleValidationTests.Create_throughput_equation_requires_required_fields_and_supports_aliases_400_when_missing" computerName="07f97ea746f4" duration="00:00:00.0049718" startTime="2026-03-16T05:59:48.2393002+00:00" endTime="2026-03-16T05:59:48.2393003+00:00" testType="13cdc9d9-ddb5-4fa4-a97d-d965ccfc6d4b" outcome="Passed" testListId="8c84fa94-04c1-424b-9868-57a2d4851a1d" relativeResultsDirectory="f6f78ba2-53ec-497f-bd74-5846ed7a383c" />
    <UnitTestResult executionId="ea2a85d2-22c0-4f86-834b-b06911c76567" testId="38880e80-b1c2-f05c-fb7e-469ae4e861ec" testName="DataAssetBackend.Tests.AssetCreateValidationTests.Create_asset_rejects_nonexistent_parentPseudoAssetId_with_validation_or_db_unavailable" computerName="07f97ea746f4" duration="00:00:00.0185241" startTime="2026-03-16T05:59:48.1996154+00:00" endTime="2026-03-16T05:59:48.1996155+00:00" testType="13cdc9d9-ddb5-4fa4-a97d-d965ccfc6d4b" outcome="Passed" testListId="8c84fa94-04c1-424b-9868-57a2d4851a1d" relativeResultsDirectory="ea2a85d2-22c0-4f86-834b-b06911c76567" />
    <UnitTestResult executionId="94f80a3a-6fda-48c2-a31f-8002f638086c" testId="ecf258fe-1659-0c0a-f69b-95b2f22e4cf5" testName="DataAssetBackend.Tests.BrdValidationGapsTests.Create_ef_source_mapping_requires_reporting_program_400" computerName="07f97ea746f4" duration="00:00:01.3807015" startTime="2026-03-16T05:59:48.1637980+00:00" endTime="2026-03-16T05:59:48.1637982+00:00" testType="13cdc9d9-ddb5-4fa4-a97d-d965ccfc6d4b" outcome="Passed" testListId="8c84fa94-04c1-424b-9868-57a2d4851a1d" relativeResultsDirectory="94f80a3a-6fda-48c2-a31f-8002f638086c" />
    <UnitTestResult executionId="04c254ac-87d4-4a1c-8d35-a3d658df6839" testId="98b0ad11-8d94-7d90-fbc5-167912da7dea" testName="DataAssetBackend.Tests.AssetChildModuleValidationTests.Create_throughput_scalar_accepts_alias_scalarName_but_requires_one_of_scalarType_or_scalarName" computerName="07f97ea746f4" duration="00:00:00.0075169" startTime="2026-03-16T05:59:48.2527653+00:00" endTime="2026-03-16T05:59:48.2527654+00:00" testType="13cdc9d9-ddb5-4fa4-a97d-d965ccfc6d4b" outcome="Passed" testListId="8c84fa94-04c1-424b-9868-57a2d4851a1d" relativeResultsDirectory="04c254ac-87d4-4a1c-8d35-a3d658df6839" />
    <UnitTestResult executionId="c4783c96-35b2-4bc9-bc9d-c38c456f37b2" testId="9ec77f39-6c27-839c-cc22-34f449e1b22b" testName="DataAssetBackend.Tests.AssetChildModuleValidationTests.Create_additional_asset_id_requires_required_fields_400" computerName="07f97ea746f4" duration="00:00:00.0167293" startTime="2026-03-16T05:59:48.1821269+00:00" endTime="2026-03-16T05:59:48.1821270+00:00" testType="13cdc9d9-ddb5-4fa4-a97d-d965ccfc6d4b" outcome="Passed" testListId="8c84fa94-04c1-424b-9868-57a2d4851a1d" relativeResultsDirectory="c4783c96-35b2-4bc9-bc9d-c38c456f37b2" />
    <UnitTestResult executionId="1d678b0e-8bac-4db0-b705-ef62ebf4aaaf" testId="fa76d406-c1b8-14ed-b381-8515091b3cb5" testName="DataAssetBackend.Tests.AssetChildModuleValidationTests.Create_asset_property_requires_required_fields_400" computerName="07f97ea746f4" duration="00:00:00.0087920" startTime="2026-03-16T05:59:48.2214509+00:00" endTime="2026-03-16T05:59:48.2214511+00:00" testType="13cdc9d9-ddb5-4fa4-a97d-d965ccfc6d4b" outcome="Passed" testListId="8c84fa94-04c1-424b-9868-57a2d4851a1d" relativeResultsDirectory="1d678b0e-8bac-4db0-b705-ef62ebf4aaaf" />
    <UnitTestResult executionId="e4600798-d975-4cf4-ab9f-14fc2aa4da2f" testId="d48094bc-97b3-20af-92fb-dced6c0610d5" testName="DataAssetBackend.Tests.AssetChildModuleValidationTests.Create_input_parameter_when_in_use_requires_uom_and_reporting_program_400" computerName="07f97ea746f4" duration="00:00:01.3808399" startTime="2026-03-16T05:59:48.1650883+00:00" endTime="2026-03-16T05:59:48.1650884+00:00" testType="13cdc9d9-ddb5-4fa4-a97d-d965ccfc6d4b" outcome="Passed" testListId="8c84fa94-04c1-424b-9868-57a2d4851a1d" relativeResultsDirectory="e4600798-d975-4cf4-ab9f-14fc2aa4da2f" />
    <UnitTestResult executionId="975e37df-a8af-49b0-80a8-34273bb6bcd4" testId="9d4cb019-7844-2091-6714-f88b3f12b597" testName="DataAssetBackend.Tests.AssetChildModuleValidationTests.Create_reporting_attribute_mapping_requires_required_fields_400" computerName="07f97ea746f4" duration="00:00:00.0074940" startTime="2026-03-16T05:59:48.2341733+00:00" endTime="2026-03-16T05:59:48.2341734+00:00" testType="13cdc9d9-ddb5-4fa4-a97d-d965ccfc6d4b" outcome="Passed" testListId="8c84fa94-04c1-424b-9868-57a2d4851a1d" relativeResultsDirectory="975e37df-a8af-49b0-80a8-34273bb6bcd4" />
  </Results>
  <TestDefinitions>
    <UnitTest name="DataAssetBackend.Tests.AssetChildModuleValidationTests.Create_reporting_attribute_mapping_requires_required_fields_400" storage="/home/kavia/workspace/code-generation/data-asset-management-system-332589/data_asset_backend.tests/bin/release/net8.0/dataassetbackend.tests.dll" id="9d4cb019-7844-2091-6714-f88b3f12b597">
      <Execution id="975e37df-a8af-49b0-80a8-34273bb6bcd4" />
      <TestMethod codeBase="/home/kavia/workspace/code-generation/data-asset-management-system-332589/data_asset_backend.Tests/bin/Release/net8.0/DataAssetBackend.Tests.dll" adapterTypeName="executor://xunit/VsTestRunner2/netcoreapp" className="DataAssetBackend.Tests.AssetChildModuleValidationTests" name="Create_reporting_attribute_mapping_requires_required_fields_400" />
    </UnitTest>
    <UnitTest name="DataAssetBackend.Tests.LegacyObservedEndpointsValidationTests.Legacy_manageSiteAssets_requires_mode" storage="/home/kavia/workspace/code-generation/data-asset-management-system-332589/data_asset_backend.tests/bin/release/net8.0/dataassetbackend.tests.dll" id="6baa96e8-64cb-1c3a-b6a3-162fc2c29087">
      <Execution id="684ee4fc-f537-4351-a862-a70c9f9a63c7" />
      <TestMethod codeBase="/home/kavia/workspace/code-generation/data-asset-management-system-332589/data_asset_backend.Tests/bin/Release/net8.0/DataAssetBackend.Tests.dll" adapterTypeName="executor://xunit/VsTestRunner2/netcoreapp" className="DataAssetBackend.Tests.LegacyObservedEndpointsValidationTests" name="Legacy_manageSiteAssets_requires_mode" />
    </UnitTest>
    <UnitTest name="DataAssetBackend.Tests.LegacyObservedEndpointsValidationTests.Legacy_manageSiteAssets_update_requires_assetId_and_update_payload" storage="/home/kavia/workspace/code-generation/data-asset-management-system-332589/data_asset_backend.tests/bin/release/net8.0/dataassetbackend.tests.dll" id="4778574f-6af0-87b2-7664-55fe3572d973">
      <Execution id="6809f8cd-6c5a-4b1a-8d86-a228e04480a7" />
      <TestMethod codeBase="/home/kavia/workspace/code-generation/data-asset-management-system-332589/data_asset_backend.Tests/bin/Release/net8.0/DataAssetBackend.Tests.dll" adapterTypeName="executor://xunit/VsTestRunner2/netcoreapp" className="DataAssetBackend.Tests.LegacyObservedEndpointsValidationTests" name="Legacy_manageSiteAssets_update_requires_assetId_and_update_payload" />
    </UnitTest>
    <UnitTest name="DataAssetBackend.Tests.BrdValidationGapsTests.Create_ef_source_mapping_requires_reporting_program_400" storage="/home/kavia/workspace/code-generation/data-asset-management-system-332589/data_asset_backend.tests/bin/release/net8.0/dataassetbackend.tests.dll" id="ecf258fe-1659-0c0a-f69b-95b2f22e4cf5">
      <Execution id="94f80a3a-6fda-48c2-a31f-8002f638086c" />
      <TestMethod codeBase="/home/kavia/workspace/code-generation/data-asset-management-system-332589/data_asset_backend.Tests/bin/Release/net8.0/DataAssetBackend.Tests.dll" adapterTypeName="executor://xunit/VsTestRunner2/netcoreapp" className="DataAssetBackend.Tests.BrdValidationGapsTests" name="Create_ef_source_mapping_requires_reporting_program_400" />
    </UnitTest>
    <UnitTest name="DataAssetBackend.Tests.AssetChildModuleValidationTests.Create_input_parameter_when_in_use_requires_uom_and_reporting_program_400" storage="/home/kavia/workspace/code-generation/data-asset-management-system-332589/data_asset_backend.tests/bin/release/net8.0/dataassetbackend.tests.dll" id="d48094bc-97b3-20af-92fb-dced6c0610d5">
      <Execution id="e4600798-d975-4cf4-ab9f-14fc2aa4da2f" />
      <TestMethod codeBase="/home/kavia/workspace/code-generation/data-asset-management-system-332589/data_asset_backend.Tests/bin/Release/net8.0/DataAssetBackend.Tests.dll" adapterTypeName="executor://xunit/VsTestRunner2/netcoreapp" className="DataAssetBackend.Tests.AssetChildModuleValidationTests" name="Create_input_parameter_when_in_use_requires_uom_and_reporting_program_400" />
    </UnitTest>
    <UnitTest name="DataAssetBackend.Tests.HealthAndValidationEndpointsTests.Healthz_returns_200_even_when_db_is_not_configured" storage="/home/kavia/workspace/code-generation/data-asset-management-system-332589/data_asset_backend.tests/bin/release/net8.0/dataassetbackend.tests.dll" id="c520d0c0-8b06-7c91-f0fa-2795e082a988">
      <Execution id="d9053e40-68a5-4aec-bae2-c532f0645a39" />
      <TestMethod codeBase="/home/kavia/workspace/code-generation/data-asset-management-system-332589/data_asset_backend.Tests/bin/Release/net8.0/DataAssetBackend.Tests.dll" adapterTypeName="executor://xunit/VsTestRunner2/netcoreapp" className="DataAssetBackend.Tests.HealthAndValidationEndpointsTests" name="Healthz_returns_200_even_when_db_is_not_configured" />
    </UnitTest>
    <UnitTest name="DataAssetBackend.Tests.AssetChildModuleValidationTests.Create_asset_property_requires_required_fields_400" storage="/home/kavia/workspace/code-generation/data-asset-management-system-332589/data_asset_backend.tests/bin/release/net8.0/dataassetbackend.tests.dll" id="fa76d406-c1b8-14ed-b381-8515091b3cb5">
      <Execution id="1d678b0e-8bac-4db0-b705-ef62ebf4aaaf" />
      <TestMethod codeBase="/home/kavia/workspace/code-generation/data-asset-management-system-332589/data_asset_backend.Tests/bin/Release/net8.0/DataAssetBackend.Tests.dll" adapterTypeName="executor://xunit/VsTestRunner2/netcoreapp" className="DataAssetBackend.Tests.AssetChildModuleValidationTests" name="Create_asset_property_requires_required_fields_400" />
    </UnitTest>
    <UnitTest name="DataAssetBackend.Tests.AssetCreateValidationTests.Create_asset_requires_processGroupOtherText_when_processGroup_is_other" storage="/home/kavia/workspace/code-generation/data-asset-management-system-332589/data_asset_backend.tests/bin/release/net8.0/dataassetbackend.tests.dll" id="9dc94cb5-9259-f153-7d0a-ad76274acc5d">
      <Execution id="685aaeec-a012-4c14-a739-9b8c58c96c2e" />
      <TestMethod codeBase="/home/kavia/workspace/code-generation/data-asset-management-system-332589/data_asset_backend.Tests/bin/Release/net8.0/DataAssetBackend.Tests.dll" adapterTypeName="executor://xunit/VsTestRunner2/netcoreapp" className="DataAssetBackend.Tests.AssetCreateValidationTests" name="Create_asset_requires_processGroupOtherText_when_processGroup_is_other" />
    </UnitTest>
    <UnitTest name="DataAssetBackend.Tests.AssetChildModuleValidationTests.Create_data_input_value_requires_reporting_year_and_period_400" storage="/home/kavia/workspace/code-generation/data-asset-management-system-332589/data_asset_backend.tests/bin/release/net8.0/dataassetbackend.tests.dll" id="c53367c8-b6b8-1749-10c6-4933e3d207b7">
      <Execution id="5437c65a-904d-4e60-b40e-0b5c1ee1124b" />
      <TestMethod codeBase="/home/kavia/workspace/code-generation/data-asset-management-system-332589/data_asset_backend.Tests/bin/Release/net8.0/DataAssetBackend.Tests.dll" adapterTypeName="executor://xunit/VsTestRunner2/netcoreapp" className="DataAssetBackend.Tests.AssetChildModuleValidationTests" name="Create_data_input_value_requires_reporting_year_and_period_400" />
    </UnitTest>
    <UnitTest name="DataAssetBackend.Tests.HealthAndValidationEndpointsTests.List_asset_properties_route_is_mapped_and_not_404" storage="/home/kavia/workspace/code-generation/data-asset-management-system-332589/data_asset_backend.tests/bin/release/net8.0/dataassetbackend.tests.dll" id="bbe68020-3189-91ab-4371-bfb533633678">
      <Execution id="0e09f6b4-135b-4848-8dc9-6c195b35e1a9" />
      <TestMethod codeBase="/home/kavia/workspace/code-generation/data-asset-management-system-332589/data_asset_backend.Tests/bin/Release/net8.0/DataAssetBackend.Tests.dll" adapterTypeName="executor://xunit/VsTestRunner2/netcoreapp" className="DataAssetBackend.Tests.HealthAndValidationEndpointsTests" name="List_asset_properties_route_is_mapped_and_not_404" />
    </UnitTest>
    <UnitTest name="DataAssetBackend.Tests.AssetCreateValidationTests.Create_asset_rejects_parentPseudoAssetId_when_requiresParentPseudo_is_false_with_validation_or_db_unavailable" storage="/home/kavia/workspace/code-generation/data-asset-management-system-332589/data_asset_backend.tests/bin/release/net8.0/dataassetbackend.tests.dll" id="c52f33bb-80e6-7dfc-c301-78017ebaf2c8">
      <Execution id="cbd30a40-8344-4660-9731-8f998b4e3262" />
      <TestMethod codeBase="/home/kavia/workspace/code-generation/data-asset-management-system-332589/data_asset_backend.Tests/bin/Release/net8.0/DataAssetBackend.Tests.dll" adapterTypeName="executor://xunit/VsTestRunner2/netcoreapp" className="DataAssetBackend.Tests.AssetCreateValidationTests" name="Create_asset_rejects_parentPseudoAssetId_when_requiresParentPseudo_is_false_with_validation_or_db_unavailable" />
    </UnitTest>
    <UnitTest name="DataAssetBackend.Tests.BrdValidationGapsTests.Create_parent_input_mapping_requires_parent_input_id_400" storage="/home/kavia/workspace/code-generation/data-asset-management-system-332589/data_asset_backend.tests/bin/release/net8.0/dataassetbackend.tests.dll" id="6739657e-e046-cc7f-f7f2-054f66f4616e">
      <Execution id="8433ab0f-3065-44c6-8d5f-84f114d3b47a" />
      <TestMethod codeBase="/home/kavia/workspace/code-generation/data-asset-management-system-332589/data_asset_backend.Tests/bin/Release/net8.0/DataAssetBackend.Tests.dll" adapterTypeName="executor://xunit/VsTestRunner2/netcoreapp" className="DataAssetBackend.Tests.BrdValidationGapsTests" name="Create_parent_input_mapping_requires_parent_input_id_400" />
    </UnitTest>
    <UnitTest name="DataAssetBackend.Tests.AssetChildModuleValidationTests.Create_input_parameter_requires_required_fields_400" storage="/home/kavia/workspace/code-generation/data-asset-management-system-332589/data_asset_backend.tests/bin/release/net8.0/dataassetbackend.tests.dll" id="24c2c749-4fe1-f7f6-bfd5-1b2eea52ecdd">
      <Execution id="a17501c9-6171-41a5-87bb-96a2fbb2ff05" />
      <TestMethod codeBase="/home/kavia/workspace/code-generation/data-asset-management-system-332589/data_asset_backend.Tests/bin/Release/net8.0/DataAssetBackend.Tests.dll" adapterTypeName="executor://xunit/VsTestRunner2/netcoreapp" className="DataAssetBackend.Tests.AssetChildModuleValidationTests" name="Create_input_parameter_requires_required_fields_400" />
    </UnitTest>
    <UnitTest name="DataAssetBackend.Tests.AssetCreateValidationTests.Create_asset_requires_requiresParentPseudo_field" storage="/home/kavia/workspace/code-generation/data-asset-management-system-332589/data_asset_backend.tests/bin/release/net8.0/dataassetbackend.tests.dll" id="3f488ea6-4a44-5a41-d5ae-5a900eb848fd">
      <Execution id="f64df8a1-89ca-4d1f-9552-949f150d7d29" />
      <TestMethod codeBase="/home/kavia/workspace/code-generation/data-asset-management-system-332589/data_asset_backend.Tests/bin/Release/net8.0/DataAssetBackend.Tests.dll" adapterTypeName="executor://xunit/VsTestRunner2/netcoreapp" className="DataAssetBackend.Tests.AssetCreateValidationTests" name="Create_asset_requires_requiresParentPseudo_field" />
    </UnitTest>
    <UnitTest name="DataAssetBackend.Tests.HealthAndValidationEndpointsTests.Validity_check_rejects_empty_value" storage="/home/kavia/workspace/code-generation/data-asset-management-system-332589/data_asset_backend.tests/bin/release/net8.0/dataassetbackend.tests.dll" id="94a26727-50d9-7d1c-a956-8c447e7efed8">
      <Execution id="92f5de94-4d8d-49cb-bc40-bc7bd96a2732" />
      <TestMethod codeBase="/home/kavia/workspace/code-generation/data-asset-management-system-332589/data_asset_backend.Tests/bin/Release/net8.0/DataAssetBackend.Tests.dll" adapterTypeName="executor://xunit/VsTestRunner2/netcoreapp" className="DataAssetBackend.Tests.HealthAndValidationEndpointsTests" name="Validity_check_rejects_empty_value" />
    </UnitTest>
    <UnitTest name="DataAssetBackend.Tests.AssetChildModuleValidationTests.Create_throughput_scalar_accepts_alias_scalarName_but_requires_one_of_scalarType_or_scalarName" storage="/home/kavia/workspace/code-generation/data-asset-management-system-332589/data_asset_backend.tests/bin/release/net8.0/dataassetbackend.tests.dll" id="98b0ad11-8d94-7d90-fbc5-167912da7dea">
      <Execution id="04c254ac-87d4-4a1c-8d35-a3d658df6839" />
      <TestMethod codeBase="/home/kavia/workspace/code-generation/data-asset-management-system-332589/data_asset_backend.Tests/bin/Release/net8.0/DataAssetBackend.Tests.dll" adapterTypeName="executor://xunit/VsTestRunner2/netcoreapp" className="DataAssetBackend.Tests.AssetChildModuleValidationTests" name="Create_throughput_scalar_accepts_alias_scalarName_but_requires_one_of_scalarType_or_scalarName" />
    </UnitTest>
    <UnitTest name="DataAssetBackend.Tests.AssetChildModuleValidationTests.Create_additional_asset_id_requires_required_fields_400" storage="/home/kavia/workspace/code-generation/data-asset-management-system-332589/data_asset_backend.tests/bin/release/net8.0/dataassetbackend.tests.dll" id="9ec77f39-6c27-839c-cc22-34f449e1b22b">
      <Execution id="c4783c96-35b2-4bc9-bc9d-c38c456f37b2" />
      <TestMethod codeBase="/home/kavia/workspace/code-generation/data-asset-management-system-332589/data_asset_backend.Tests/bin/Release/net8.0/DataAssetBackend.Tests.dll" adapterTypeName="executor://xunit/VsTestRunner2/netcoreapp" className="DataAssetBackend.Tests.AssetChildModuleValidationTests" name="Create_additional_asset_id_requires_required_fields_400" />
    </UnitTest>
    <UnitTest name="DataAssetBackend.Tests.BrdValidationGapsTests.Create_status_log_rejects_end_date_before_start_date_400" storage="/home/kavia/workspace/code-generation/data-asset-management-system-332589/data_asset_backend.tests/bin/release/net8.0/dataassetbackend.tests.dll" id="dffbce9d-3ea0-f386-83cf-5a448ea8d532">
      <Execution id="92d4bdd3-c0a6-439b-8154-3f5d98aaff83" />
      <TestMethod codeBase="/home/kavia/workspace/code-generation/data-asset-management-system-332589/data_asset_backend.Tests/bin/Release/net8.0/DataAssetBackend.Tests.dll" adapterTypeName="executor://xunit/VsTestRunner2/netcoreapp" className="DataAssetBackend.Tests.BrdValidationGapsTests" name="Create_status_log_rejects_end_date_before_start_date_400" />
    </UnitTest>
    <UnitTest name="DataAssetBackend.Tests.AssetChildModuleValidationTests.List_child_routes_are_mapped_and_not_404" storage="/home/kavia/workspace/code-generation/data-asset-management-system-332589/data_asset_backend.tests/bin/release/net8.0/dataassetbackend.tests.dll" id="537b57b5-6c6c-38ff-523e-a20a1c20a18c">
      <Execution id="a82e947e-2083-4770-9406-9f19593d39df" />
      <TestMethod codeBase="/home/kavia/workspace/code-generation/data-asset-management-system-332589/data_asset_backend.Tests/bin/Release/net8.0/DataAssetBackend.Tests.dll" adapterTypeName="executor://xunit/VsTestRunner2/netcoreapp" className="DataAssetBackend.Tests.AssetChildModuleValidationTests" name="List_child_routes_are_mapped_and_not_404" />
    </UnitTest>
    <UnitTest name="DataAssetBackend.Tests.BrdValidationGapsTests.Create_data_input_value_rejects_blank_period_400" storage="/home/kavia/workspace/code-generation/data-asset-management-system-332589/data_asset_backend.tests/bin/release/net8.0/dataassetbackend.tests.dll" id="7a9c4b03-80a8-bd92-b244-cff5843da02d">
      <Execution id="73e8677f-cf41-4186-bc32-9695a5a76fa8" />
      <TestMethod codeBase="/home/kavia/workspace/code-generation/data-asset-management-system-332589/data_asset_backend.Tests/bin/Release/net8.0/DataAssetBackend.Tests.dll" adapterTypeName="executor://xunit/VsTestRunner2/netcoreapp" className="DataAssetBackend.Tests.BrdValidationGapsTests" name="Create_data_input_value_rejects_blank_period_400" />
    </UnitTest>
    <UnitTest name="DataAssetBackend.Tests.AssetChildModuleValidationTests.Create_status_log_requires_required_fields_400" storage="/home/kavia/workspace/code-generation/data-asset-management-system-332589/data_asset_backend.tests/bin/release/net8.0/dataassetbackend.tests.dll" id="3fb92784-9c93-8ae6-59fe-2a8500a73940">
      <Execution id="7e0b9a4f-87ef-4ce8-9af3-9f1f1fc141d5" />
      <TestMethod codeBase="/home/kavia/workspace/code-generation/data-asset-management-system-332589/data_asset_backend.Tests/bin/Release/net8.0/DataAssetBackend.Tests.dll" adapterTypeName="executor://xunit/VsTestRunner2/netcoreapp" className="DataAssetBackend.Tests.AssetChildModuleValidationTests" name="Create_status_log_requires_required_fields_400" />
    </UnitTest>
    <UnitTest name="DataAssetBackend.Tests.AssetCreateValidationTests.Create_asset_rejects_nonexistent_parentPseudoAssetId_with_validation_or_db_unavailable" storage="/home/kavia/workspace/code-generation/data-asset-management-system-332589/data_asset_backend.tests/bin/release/net8.0/dataassetbackend.tests.dll" id="38880e80-b1c2-f05c-fb7e-469ae4e861ec">
      <Execution id="ea2a85d2-22c0-4f86-834b-b06911c76567" />
      <TestMethod codeBase="/home/kavia/workspace/code-generation/data-asset-management-system-332589/data_asset_backend.Tests/bin/Release/net8.0/DataAssetBackend.Tests.dll" adapterTypeName="executor://xunit/VsTestRunner2/netcoreapp" className="DataAssetBackend.Tests.AssetCreateValidationTests" name="Create_asset_rejects_nonexistent_parentPseudoAssetId_with_validation_or_db_unavailable" />
    </UnitTest>
    <UnitTest name="DataAssetBackend.Tests.HealthAndValidationEndpointsTests.Validity_check_accepts_simple_value" storage="/home/kavia/workspace/code-generation/data-asset-management-system-332589/data_asset_backend.tests/bin/release/net8.0/dataassetbackend.tests.dll" id="92d69c0b-5cae-d6e5-220a-e33caf6957cb">
      <Execution id="6115d328-fd2b-4fda-8738-6aaa0ffddcc6" />
      <TestMethod codeBase="/home/kavia/workspace/code-generation/data-asset-management-system-332589/data_asset_backend.Tests/bin/Release/net8.0/DataAssetBackend.Tests.dll" adapterTypeName="executor://xunit/VsTestRunner2/netcoreapp" className="DataAssetBackend.Tests.HealthAndValidationEndpointsTests" name="Validity_check_accepts_simple_value" />
    </UnitTest>
    <UnitTest name="DataAssetBackend.Tests.AssetCreateValidationTests.Create_asset_requires_parentPseudoAssetId_when_requiresParentPseudo_is_true" storage="/home/kavia/workspace/code-generation/data-asset-management-system-332589/data_asset_backend.tests/bin/release/net8.0/dataassetbackend.tests.dll" id="98344893-0b44-4f54-d694-3a07bdac6449">
      <Execution id="f009f152-9738-467b-849b-456a23d28e40" />
      <TestMethod codeBase="/home/kavia/workspace/code-generation/data-asset-management-system-332589/data_asset_backend.Tests/bin/Release/net8.0/DataAssetBackend.Tests.dll" adapterTypeName="executor://xunit/VsTestRunner2/netcoreapp" className="DataAssetBackend.Tests.AssetCreateValidationTests" name="Create_asset_requires_parentPseudoAssetId_when_requiresParentPseudo_is_true" />
    </UnitTest>
    <UnitTest name="DataAssetBackend.Tests.LegacyObservedEndpointsValidationTests.Legacy_removeSiteAsset_requires_required_fields" storage="/home/kavia/workspace/code-generation/data-asset-management-system-332589/data_asset_backend.tests/bin/release/net8.0/dataassetbackend.tests.dll" id="b061f3bb-2690-dcdb-7561-0346ae7644fc">
      <Execution id="6caadb49-1bcf-4a4e-9271-dadb0b779733" />
      <TestMethod codeBase="/home/kavia/workspace/code-generation/data-asset-management-system-332589/data_asset_backend.Tests/bin/Release/net8.0/DataAssetBackend.Tests.dll" adapterTypeName="executor://xunit/VsTestRunner2/netcoreapp" className="DataAssetBackend.Tests.LegacyObservedEndpointsValidationTests" name="Legacy_removeSiteAsset_requires_required_fields" />
    </UnitTest>
    <UnitTest name="DataAssetBackend.Tests.AssetChildModuleValidationTests.Create_control_device_mapping_requires_required_fields_400" storage="/home/kavia/workspace/code-generation/data-asset-management-system-332589/data_asset_backend.tests/bin/release/net8.0/dataassetbackend.tests.dll" id="76622523-719f-35fb-d115-a60f5fe8c1b1">
      <Execution id="93389222-9d5b-433f-85e7-452202f35b44" />
      <TestMethod codeBase="/home/kavia/workspace/code-generation/data-asset-management-system-332589/data_asset_backend.Tests/bin/Release/net8.0/DataAssetBackend.Tests.dll" adapterTypeName="executor://xunit/VsTestRunner2/netcoreapp" className="DataAssetBackend.Tests.AssetChildModuleValidationTests" name="Create_control_device_mapping_requires_required_fields_400" />
    </UnitTest>
    <UnitTest name="DataAssetBackend.Tests.IdempotencyCopyAssetTests.CopyAsset_with_same_idempotency_key_returns_same_response_on_retry" storage="/home/kavia/workspace/code-generation/data-asset-management-system-332589/data_asset_backend.tests/bin/release/net8.0/dataassetbackend.tests.dll" id="7d424f24-4c6d-c882-e7a1-1fb5dfe04239">
      <Execution id="8b6d1786-b139-44ed-802e-ea389b1c159c" />
      <TestMethod codeBase="/home/kavia/workspace/code-generation/data-asset-management-system-332589/data_asset_backend.Tests/bin/Release/net8.0/DataAssetBackend.Tests.dll" adapterTypeName="executor://xunit/VsTestRunner2/netcoreapp" className="DataAssetBackend.Tests.IdempotencyCopyAssetTests" name="CopyAsset_with_same_idempotency_key_returns_same_response_on_retry" />
    </UnitTest>
    <UnitTest name="DataAssetBackend.Tests.HealthAndValidationEndpointsTests.Root_health_returns_200" storage="/home/kavia/workspace/code-generation/data-asset-management-system-332589/data_asset_backend.tests/bin/release/net8.0/dataassetbackend.tests.dll" id="4a5d8b18-0ba2-1016-f32d-d5bd8e0d61c3">
      <Execution id="cf09ca20-e03e-406f-ade3-6c34398f7fd4" />
      <TestMethod codeBase="/home/kavia/workspace/code-generation/data-asset-management-system-332589/data_asset_backend.Tests/bin/Release/net8.0/DataAssetBackend.Tests.dll" adapterTypeName="executor://xunit/VsTestRunner2/netcoreapp" className="DataAssetBackend.Tests.HealthAndValidationEndpointsTests" name="Root_health_returns_200" />
    </UnitTest>
    <UnitTest name="DataAssetBackend.Tests.AssetChildModuleValidationTests.Create_throughput_equation_requires_required_fields_and_supports_aliases_400_when_missing" storage="/home/kavia/workspace/code-generation/data-asset-management-system-332589/data_asset_backend.tests/bin/release/net8.0/dataassetbackend.tests.dll" id="beaa5798-299a-1dea-d285-4ec5c3b0ea8e">
      <Execution id="f6f78ba2-53ec-497f-bd74-5846ed7a383c" />
      <TestMethod codeBase="/home/kavia/workspace/code-generation/data-asset-management-system-332589/data_asset_backend.Tests/bin/Release/net8.0/DataAssetBackend.Tests.dll" adapterTypeName="executor://xunit/VsTestRunner2/netcoreapp" className="DataAssetBackend.Tests.AssetChildModuleValidationTests" name="Create_throughput_equation_requires_required_fields_and_supports_aliases_400_when_missing" />
    </UnitTest>
  </TestDefinitions>
  <TestEntries>
    <TestEntry testId="c52f33bb-80e6-7dfc-c301-78017ebaf2c8" executionId="cbd30a40-8344-4660-9731-8f998b4e3262" testListId="8c84fa94-04c1-424b-9868-57a2d4851a1d" />
    <TestEntry testId="537b57b5-6c6c-38ff-523e-a20a1c20a18c" executionId="a82e947e-2083-4770-9406-9f19593d39df" testListId="8c84fa94-04c1-424b-9868-57a2d4851a1d" />
    <TestEntry testId="6739657e-e046-cc7f-f7f2-054f66f4616e" executionId="8433ab0f-3065-44c6-8d5f-84f114d3b47a" testListId="8c84fa94-04c1-424b-9868-57a2d4851a1d" />
    <TestEntry testId="76622523-719f-35fb-d115-a60f5fe8c1b1" executionId="93389222-9d5b-433f-85e7-452202f35b44" testListId="8c84fa94-04c1-424b-9868-57a2d4851a1d" />
    <TestEntry testId="6baa96e8-64cb-1c3a-b6a3-162fc2c29087" executionId="684ee4fc-f537-4351-a862-a70c9f9a63c7" testListId="8c84fa94-04c1-424b-9868-57a2d4851a1d" />
    <TestEntry testId="3f488ea6-4a44-5a41-d5ae-5a900eb848fd" executionId="f64df8a1-89ca-4d1f-9552-949f150d7d29" testListId="8c84fa94-04c1-424b-9868-57a2d4851a1d" />
    <TestEntry testId="4a5d8b18-0ba2-1016-f32d-d5bd8e0d61c3" executionId="cf09ca20-e03e-406f-ade3-6c34398f7fd4" testListId="8c84fa94-04c1-424b-9868-57a2d4851a1d" />
    <TestEntry testId="98344893-0b44-4f54-d694-3a07bdac6449" executionId="f009f152-9738-467b-849b-456a23d28e40" testListId="8c84fa94-04c1-424b-9868-57a2d4851a1d" />
    <TestEntry testId="24c2c749-4fe1-f7f6-bfd5-1b2eea52ecdd" executionId="a17501c9-6171-41a5-87bb-96a2fbb2ff05" testListId="8c84fa94-04c1-424b-9868-57a2d4851a1d" />
    <TestEntry testId="c520d0c0-8b06-7c91-f0fa-2795e082a988" executionId="d9053e40-68a5-4aec-bae2-c532f0645a39" testListId="8c84fa94-04c1-424b-9868-57a2d4851a1d" />
    <TestEntry testId="7d424f24-4c6d-c882-e7a1-1fb5dfe04239" executionId="8b6d1786-b139-44ed-802e-ea389b1c159c" testListId="8c84fa94-04c1-424b-9868-57a2d4851a1d" />
    <TestEntry testId="3fb92784-9c93-8ae6-59fe-2a8500a73940" executionId="7e0b9a4f-87ef-4ce8-9af3-9f1f1fc141d5" testListId="8c84fa94-04c1-424b-9868-57a2d4851a1d" />
    <TestEntry testId="92d69c0b-5cae-d6e5-220a-e33caf6957cb" executionId="6115d328-fd2b-4fda-8738-6aaa0ffddcc6" testListId="8c84fa94-04c1-424b-9868-57a2d4851a1d" />
    <TestEntry testId="94a26727-50d9-7d1c-a956-8c447e7efed8" executionId="92f5de94-4d8d-49cb-bc40-bc7bd96a2732" testListId="8c84fa94-04c1-424b-9868-57a2d4851a1d" />
    <TestEntry testId="9dc94cb5-9259-f153-7d0a-ad76274acc5d" executionId="685aaeec-a012-4c14-a739-9b8c58c96c2e" testListId="8c84fa94-04c1-424b-9868-57a2d4851a1d" />
    <TestEntry testId="b061f3bb-2690-dcdb-7561-0346ae7644fc" executionId="6caadb49-1bcf-4a4e-9271-dadb0b779733" testListId="8c84fa94-04c1-424b-9868-57a2d4851a1d" />
    <TestEntry testId="4778574f-6af0-87b2-7664-55fe3572d973" executionId="6809f8cd-6c5a-4b1a-8d86-a228e04480a7" testListId="8c84fa94-04c1-424b-9868-57a2d4851a1d" />
    <TestEntry testId="c53367c8-b6b8-1749-10c6-4933e3d207b7" executionId="5437c65a-904d-4e60-b40e-0b5c1ee1124b" testListId="8c84fa94-04c1-424b-9868-57a2d4851a1d" />
    <TestEntry testId="bbe68020-3189-91ab-4371-bfb533633678" executionId="0e09f6b4-135b-4848-8dc9-6c195b35e1a9" testListId="8c84fa94-04c1-424b-9868-57a2d4851a1d" />
    <TestEntry testId="dffbce9d-3ea0-f386-83cf-5a448ea8d532" executionId="92d4bdd3-c0a6-439b-8154-3f5d98aaff83" testListId="8c84fa94-04c1-424b-9868-57a2d4851a1d" />
    <TestEntry testId="7a9c4b03-80a8-bd92-b244-cff5843da02d" executionId="73e8677f-cf41-4186-bc32-9695a5a76fa8" testListId="8c84fa94-04c1-424b-9868-57a2d4851a1d" />
    <TestEntry testId="beaa5798-299a-1dea-d285-4ec5c3b0ea8e" executionId="f6f78ba2-53ec-497f-bd74-5846ed7a383c" testListId="8c84fa94-04c1-424b-9868-57a2d4851a1d" />
    <TestEntry testId="38880e80-b1c2-f05c-fb7e-469ae4e861ec" executionId="ea2a85d2-22c0-4f86-834b-b06911c76567" testListId="8c84fa94-04c1-424b-9868-57a2d4851a1d" />
    <TestEntry testId="ecf258fe-1659-0c0a-f69b-95b2f22e4cf5" executionId="94f80a3a-6fda-48c2-a31f-8002f638086c" testListId="8c84fa94-04c1-424b-9868-57a2d4851a1d" />
    <TestEntry testId="98b0ad11-8d94-7d90-fbc5-167912da7dea" executionId="04c254ac-87d4-4a1c-8d35-a3d658df6839" testListId="8c84fa94-04c1-424b-9868-57a2d4851a1d" />
    <TestEntry testId="9ec77f39-6c27-839c-cc22-34f449e1b22b" executionId="c4783c96-35b2-4bc9-bc9d-c38c456f37b2" testListId="8c84fa94-04c1-424b-9868-57a2d4851a1d" />
    <TestEntry testId="fa76d406-c1b8-14ed-b381-8515091b3cb5" executionId="1d678b0e-8bac-4db0-b705-ef62ebf4aaaf" testListId="8c84fa94-04c1-424b-9868-57a2d4851a1d" />
    <TestEntry testId="d48094bc-97b3-20af-92fb-dced6c0610d5" executionId="e4600798-d975-4cf4-ab9f-14fc2aa4da2f" testListId="8c84fa94-04c1-424b-9868-57a2d4851a1d" />
    <TestEntry testId="9d4cb019-7844-2091-6714-f88b3f12b597" executionId="975e37df-a8af-49b0-80a8-34273bb6bcd4" testListId="8c84fa94-04c1-424b-9868-57a2d4851a1d" />
  </TestEntries>
  <TestLists>
    <TestList name="Results Not in a List" id="8c84fa94-04c1-424b-9868-57a2d4851a1d" />
    <TestList name="All Loaded Results" id="19431567-8539-422a-85d7-44ee4e166bda" />
  </TestLists>
  <ResultSummary outcome="Completed">
    <Counters total="29" executed="29" passed="29" failed="0" error="0" timeout="0" aborted="0" inconclusive="0" passedButRunAborted="0" notRunnable="0" notExecuted="0" disconnected="0" warning="0" completed="0" inProgress="0" pending="0" />
    <Output>
      <StdOut>[xUnit.net 00:00:00.00] xUnit.net VSTest Adapter v2.5.7+8f2703126a (64-bit .NET 8.0.22)
[xUnit.net 00:00:00.12]   Discovering: DataAssetBackend.Tests
[xUnit.net 00:00:00.17]   Discovered:  DataAssetBackend.Tests
[xUnit.net 00:00:00.17]   Starting:    DataAssetBackend.Tests
[xUnit.net 00:00:01.75]   Finished:    DataAssetBackend.Tests
</StdOut>
    </Output>
  </ResultSummary>
</TestRun>